#
# A fatal error has been detected by the Java Runtime Environment:
#
#  EXCEPTION_ACCESS_VIOLATION (0xc0000005) at pc=0x00007ffbffa7fa16, pid=27220, tid=24060
#
# JRE version: OpenJDK Runtime Environment (11.0.7+10) (build 11.0.7+10)
# Java VM: OpenJDK 64-Bit Server VM (11.0.7+10, mixed mode, tiered, compressed oops, g1 gc, windows-amd64)
# Problematic frame:
# C  [awt.dll+0x8fa16]
#
# No core dump will be written. Minidumps are not enabled by default on client versions of Windows
#
# If you would like to submit a bug report, please visit:
#   https://github.com/AdoptOpenJDK/openjdk-support/issues
# The crash happened outside the Java Virtual Machine in native code.
# See problematic frame for where to report the bug.
#

---------------  S U M M A R Y ------------

Command Line: -Dfile.encoding=UTF-8 --module-path=C:\pleiades\workspace\DQcsv\bin -Djdk.module.main=dq_csv dq_csv/iwamih31.DQcsv.Main

Host: Intel(R) Core(TM) i5-1035G1 CPU @ 1.00GHz, 8 cores, 7G,  Windows 10 , 64 bit Build 19041 (10.0.19041.3636)
Time: Mon Apr 22 12:51:55 2024 ìåãû (ïWèÄéû) elapsed time: 0 seconds (0d 0h 0m 0s)

---------------  T H R E A D  ---------------

Current thread (0x00000192ea514800):  JavaThread "AWT-EventQueue-0" [_thread_in_native, id=24060, stack(0x0000008a37300000,0x0000008a37400000)]

Stack: [0x0000008a37300000,0x0000008a37400000],  sp=0x0000008a373fc830,  free space=1010k
Native frames: (J=compiled Java code, j=interpreted, Vv=VM code, C=native code)
C  [awt.dll+0x8fa16]

Java frames: (J=compiled Java code, j=interpreted, Vv=VM code)
j  sun.awt.windows.WComponentPeer._setFont(Ljava/awt/Font;)V+0 java.desktop@11.0.7
j  sun.awt.windows.WComponentPeer.setFont(Ljava/awt/Font;)V+7 java.desktop@11.0.7
j  sun.awt.windows.WWindowPeer.initialize()V+42 java.desktop@11.0.7
j  sun.awt.windows.WFramePeer.initialize()V+1 java.desktop@11.0.7
j  sun.awt.windows.WComponentPeer.<init>(Ljava/awt/Component;)V+83 java.desktop@11.0.7
j  sun.awt.windows.WCanvasPeer.<init>(Ljava/awt/Component;)V+2 java.desktop@11.0.7
j  sun.awt.windows.WPanelPeer.<init>(Ljava/awt/Component;)V+2 java.desktop@11.0.7
j  sun.awt.windows.WWindowPeer.<init>(Ljava/awt/Window;)V+2 java.desktop@11.0.7
j  sun.awt.windows.WFramePeer.<init>(Ljava/awt/Frame;)V+2 java.desktop@11.0.7
j  sun.awt.windows.WToolkit.createFrame(Ljava/awt/Frame;)Ljava/awt/peer/FramePeer;+5 java.desktop@11.0.7
j  java.awt.Frame.addNotify()V+20 java.desktop@11.0.7
j  java.awt.Window.show()V+8 java.desktop@11.0.7
j  java.awt.Component.show(Z)V+5 java.desktop@11.0.7
j  java.awt.Component.setVisible(Z)V+2 java.desktop@11.0.7
j  java.awt.Window.setVisible(Z)V+2 java.desktop@11.0.7
j  iwamih31.DQcsv.View.outer()V+183 dq_csv
j  iwamih31.DQcsv.View.start(Ljava/lang/String;)V+301 dq_csv
j  iwamih31.DQcsv.View.<init>(Ljava/lang/String;)V+7 dq_csv
j  iwamih31.DQcsv.Main$1.run()V+6 dq_csv
j  java.awt.event.InvocationEvent.dispatch()V+47 java.desktop@11.0.7
j  java.awt.EventQueue.dispatchEventImpl(Ljava/awt/AWTEvent;Ljava/lang/Object;)V+21 java.desktop@11.0.7
j  java.awt.EventQueue$4.run()Ljava/lang/Void;+32 java.desktop@11.0.7
j  java.awt.EventQueue$4.run()Ljava/lang/Object;+1 java.desktop@11.0.7
v  ~StubRoutines::call_stub
j  java.security.AccessController.doPrivileged(Ljava/security/PrivilegedAction;Ljava/security/AccessControlContext;)Ljava/lang/Object;+0 java.base@11.0.7
j  java.security.ProtectionDomain$JavaSecurityAccessImpl.doIntersectionPrivilege(Ljava/security/PrivilegedAction;Ljava/security/AccessControlContext;Ljava/security/AccessControlContext;)Ljava/lang/Object;+18 java.base@11.0.7
j  java.awt.EventQueue.dispatchEvent(Ljava/awt/AWTEvent;)V+46 java.desktop@11.0.7
j  java.awt.EventDispatchThread.pumpOneEventForFilters(I)V+78 java.desktop@11.0.7
j  java.awt.EventDispatchThread.pumpEventsForFilter(ILjava/awt/Conditional;Ljava/awt/EventFilter;)V+35 java.desktop@11.0.7
j  java.awt.EventDispatchThread.pumpEventsForHierarchy(ILjava/awt/Conditional;Ljava/awt/Component;)V+11 java.desktop@11.0.7
j  java.awt.EventDispatchThread.pumpEvents(ILjava/awt/Conditional;)V+4 java.desktop@11.0.7
j  java.awt.EventDispatchThread.pumpEvents(Ljava/awt/Conditional;)V+3 java.desktop@11.0.7
j  java.awt.EventDispatchThread.run()V+9 java.desktop@11.0.7
v  ~StubRoutines::call_stub

siginfo: EXCEPTION_ACCESS_VIOLATION (0xc0000005), reading address 0x0000000000000058


Register to memory mapping:

RIP=0x00007ffbffa7fa16 awt.dll
RAX=0x00007ffbffafb680 awt.dll
RBX=0x00000192ea514b40 points into unknown readable memory: 00 bc 1b 99 fb 7f 00 00
RCX=0x00000192ea6ac300 points into unknown readable memory: 80 b6 af ff fb 7f 00 00
RDX=0x0 is NULL
RSP=0x0000008a373fc830 is pointing into the stack for thread: 0x00000192ea514800
RBP=0x0 is NULL
RSI=0x00000192ebc75178 is a global jni handle
RDI=0x00000192ebc75180 is a global jni handle
R8 =0x0000000000000004 is an unknown value
R9 =0x00000001000e6158 is a pointer to class: 
java.awt.Font {0x00000001000e6160}
R10=0x0000000000008000 is an unknown value
R11=0x0000008a373fc830 is pointing into the stack for thread: 0x00000192ea514800
R12=0x0 is NULL
R13={method} {0x00000192e9e6ef80} '_setFont' '(Ljava/awt/Font;)V' in 'sun/awt/windows/WComponentPeer'
R14=0x00000192ea6ac300 points into unknown readable memory: 80 b6 af ff fb 7f 00 00
R15=0x00000192eab1eb30 points into unknown readable memory: 78 51 c7 eb 92 01 00 00


Registers:
RAX=0x00007ffbffafb680, RBX=0x00000192ea514b40, RCX=0x00000192ea6ac300, RDX=0x0000000000000000
RSP=0x0000008a373fc830, RBP=0x0000000000000000, RSI=0x00000192ebc75178, RDI=0x00000192ebc75180
R8 =0x0000000000000004, R9 =0x00000001000e6158, R10=0x0000000000008000, R11=0x0000008a373fc830
R12=0x0000000000000000, R13=0x00000192e9e6ef78, R14=0x00000192ea6ac300, R15=0x00000192eab1eb30
RIP=0x00007ffbffa7fa16, EFLAGS=0x0000000000010206

Top of Stack: (sp=0x0000008a373fc830)
0x0000008a373fc830:   00000192eab1eb30 00000192ea6ac300
0x0000008a373fc840:   00000192eab1eb30 00000192ea6ac300
0x0000008a373fc850:   00000192ebc75180 00007ffbffa84921
0x0000008a373fc860:   00000192ea514b40 00000192ea514b40
0x0000008a373fc870:   0000000000000000 00000192ebc75178
0x0000008a373fc880:   00000192ea514800 0000008a373fc9d0
0x0000008a373fc890:   00000192eab1eb30 00007ffbffabdbcb
0x0000008a373fc8a0:   00007ffbffb41078 0000008a373fc9a8
0x0000008a373fc8b0:   00007ffbffa847f4 0000000000000000
0x0000008a373fc8c0:   fffffffffffffffe fffffffffffffffe
0x0000008a373fc8d0:   00000192ebc75178 00007ffbffa85ae8
0x0000008a373fc8e0:   00000192ebc75180 0000008a373fc9c8
0x0000008a373fc8f0:   0000008a373fc9c8 00007ffbffb41078
0x0000008a373fc900:   fffffffffffffffe 00000192ea514800
0x0000008a373fc910:   000000008b379628 00000192d2ebfd64
0x0000008a373fc920:   00000192e9e6ef78 00000000000001b8 

Instructions: (pc=0x00007ffbffa7fa16)
0x00007ffbffa7f916:   00 48 8b d9 e8 d9 dc ff ff 48 8b f8 48 85 c0 75
0x00007ffbffa7f926:   04 48 8b 7b 48 48 8b cf e8 50 19 05 00 48 8b d8
0x00007ffbffa7f936:   48 85 c0 74 60 83 64 24 20 00 0f 57 c0 83 64 24
0x00007ffbffa7f946:   34 00 b9 11 00 00 00 83 64 24 38 00 f3 0f 7f 44
0x00007ffbffa7f956:   24 24 ff 15 da d9 0b 00 4c 8d 44 24 40 ba 5c 00
0x00007ffbffa7f966:   00 00 48 8b c8 ff 15 7f dc 0b 00 83 f8 5c 75 0d
0x00007ffbffa7f976:   48 8d 54 24 40 48 8b cb e8 af 19 05 00 48 8d 54
0x00007ffbffa7f986:   24 20 48 8b cb e8 c6 19 05 00 48 8b d3 48 8b cf
0x00007ffbffa7f996:   e8 73 19 05 00 48 8b 8c 24 a0 00 00 00 48 33 cc
0x00007ffbffa7f9a6:   e8 a5 26 05 00 48 8b 9c 24 c8 00 00 00 48 81 c4
0x00007ffbffa7f9b6:   b0 00 00 00 5f c3 40 53 48 83 ec 20 48 8b d9 ff
0x00007ffbffa7f9c6:   15 bd e1 0b 00 48 85 c0 75 0a 48 8b 4b 48 ff 15
0x00007ffbffa7f9d6:   a6 e1 0b 00 48 83 c4 20 5b c3 4c 63 c2 48 8b 15
0x00007ffbffa7f9e6:   5e c5 0b 00 48 ff 25 37 e0 0b 00 cc cc cc 48 8b
0x00007ffbffa7f9f6:   d1 48 8b 0d 82 f5 0b 00 48 89 15 7b f5 0b 00 e9
0x00007ffbffa7fa06:   5a 67 04 00 cc cc 48 89 5c 24 08 57 48 83 ec 20
0x00007ffbffa7fa16:   83 7a 58 00 48 8b da 48 8b f9 7d 08 48 8b ca e8
0x00007ffbffa7fa26:   32 95 01 00 4c 8b 43 48 45 33 c9 48 8b 4f 48 4d
0x00007ffbffa7fa36:   8b 00 41 8d 51 30 ff 15 ae e2 0b 00 48 8b 4f 48
0x00007ffbffa7fa46:   33 d2 44 8d 42 01 48 8b 5c 24 30 48 83 c4 20 5f
0x00007ffbffa7fa56:   48 ff 25 4b e1 0b 00 cc cc cc 48 8b c4 48 89 58
0x00007ffbffa7fa66:   08 48 89 68 10 48 89 70 18 48 89 78 20 41 56 48
0x00007ffbffa7fa76:   83 ec 20 4c 8b f2 48 8b f9 48 8b 0d f2 13 0c 00
0x00007ffbffa7fa86:   ba 02 00 01 00 41 8b e8 e8 c0 24 05 00 48 8b 97
0x00007ffbffa7fa96:   c0 00 00 00 33 db 48 8b f0 48 85 d2 74 0d 4c 8b
0x00007ffbffa7faa6:   08 48 8b c8 41 ff 91 b0 00 00 00 4d 85 f6 74 14
0x00007ffbffa7fab6:   48 8b 06 49 8b d6 48 8b ce ff 90 a8 00 00 00 48
0x00007ffbffa7fac6:   8b d8 eb 05 bd 01 00 00 00 48 89 9f c0 00 00 00
0x00007ffbffa7fad6:   89 af c8 00 00 00 48 8b 5c 24 30 48 8b 6c 24 38
0x00007ffbffa7fae6:   48 8b 74 24 40 48 8b 7c 24 48 48 83 c4 20 41 5e
0x00007ffbffa7faf6:   c3 cc 48 89 5c 24 08 48 89 6c 24 10 48 89 74 24
0x00007ffbffa7fb06:   18 57 48 83 ec 20 33 db 48 8b f9 48 85 c9 75 09 


Stack slot to memory mapping:
stack at sp + 0 slots: 0x00000192eab1eb30 points into unknown readable memory: 78 51 c7 eb 92 01 00 00
stack at sp + 1 slots: 0x00000192ea6ac300 points into unknown readable memory: 80 b6 af ff fb 7f 00 00
stack at sp + 2 slots: 0x00000192eab1eb30 points into unknown readable memory: 78 51 c7 eb 92 01 00 00
stack at sp + 3 slots: 0x00000192ea6ac300 points into unknown readable memory: 80 b6 af ff fb 7f 00 00
stack at sp + 4 slots: 0x00000192ebc75180 is a global jni handle
stack at sp + 5 slots: 0x00007ffbffa84921 awt.dll
stack at sp + 6 slots: 0x00000192ea514b40 points into unknown readable memory: 00 bc 1b 99 fb 7f 00 00
stack at sp + 7 slots: 0x00000192ea514b40 points into unknown readable memory: 00 bc 1b 99 fb 7f 00 00


---------------  P R O C E S S  ---------------

Threads class SMR info:
_java_thread_list=0x00000192ea5159c0, length=15, elements={
0x00000192e9656000, 0x00000192e965f000, 0x00000192e9675800, 0x00000192e9677800,
0x00000192e967a800, 0x00000192e967e000, 0x00000192e9f73000, 0x00000192ea0eb800,
0x00000192ea1e4800, 0x00000192ea24e800, 0x00000192ea754800, 0x00000192ea5d1000,
0x00000192ea5d1800, 0x00000192ea514800, 0x00000192ca846000
}

Java Threads: ( => current thread )
  0x00000192e9656000 JavaThread "Reference Handler" daemon [_thread_blocked, id=24780, stack(0x0000008a36500000,0x0000008a36600000)]
  0x00000192e965f000 JavaThread "Finalizer" daemon [_thread_blocked, id=9700, stack(0x0000008a36600000,0x0000008a36700000)]
  0x00000192e9675800 JavaThread "Signal Dispatcher" daemon [_thread_blocked, id=24364, stack(0x0000008a36700000,0x0000008a36800000)]
  0x00000192e9677800 JavaThread "Attach Listener" daemon [_thread_blocked, id=7340, stack(0x0000008a36800000,0x0000008a36900000)]
  0x00000192e967a800 JavaThread "C2 CompilerThread0" daemon [_thread_blocked, id=22524, stack(0x0000008a36900000,0x0000008a36a00000)]
  0x00000192e967e000 JavaThread "C1 CompilerThread0" daemon [_thread_blocked, id=23184, stack(0x0000008a36a00000,0x0000008a36b00000)]
  0x00000192e9f73000 JavaThread "Sweeper thread" daemon [_thread_blocked, id=6084, stack(0x0000008a36b00000,0x0000008a36c00000)]
  0x00000192ea0eb800 JavaThread "Common-Cleaner" daemon [_thread_blocked, id=6316, stack(0x0000008a36c00000,0x0000008a36d00000)]
  0x00000192ea1e4800 JavaThread "Service Thread" daemon [_thread_blocked, id=18252, stack(0x0000008a36d00000,0x0000008a36e00000)]
  0x00000192ea24e800 JavaThread "C2 CompilerThread1" daemon [_thread_blocked, id=9620, stack(0x0000008a36f00000,0x0000008a37000000)]
  0x00000192ea754800 JavaThread "Java2D Disposer" daemon [_thread_blocked, id=21480, stack(0x0000008a37000000,0x0000008a37100000)]
  0x00000192ea5d1000 JavaThread "AWT-Shutdown" [_thread_blocked, id=27472, stack(0x0000008a37100000,0x0000008a37200000)]
  0x00000192ea5d1800 JavaThread "AWT-Windows" daemon [_thread_in_native, id=26392, stack(0x0000008a37200000,0x0000008a37300000)]
=>0x00000192ea514800 JavaThread "AWT-EventQueue-0" [_thread_in_native, id=24060, stack(0x0000008a37300000,0x0000008a37400000)]
  0x00000192ca846000 JavaThread "DestroyJavaVM" [_thread_blocked, id=13860, stack(0x0000008a35e00000,0x0000008a35f00000)]

Other Threads:
  0x00000192e9633800 VMThread "VM Thread" [stack: 0x0000008a36400000,0x0000008a36500000] [id=11688]
  0x00000192ea1e7800 WatcherThread [stack: 0x0000008a36e00000,0x0000008a36f00000] [id=26956]
  0x00000192ca85e000 GCTaskThread "GC Thread#0" [stack: 0x0000008a35f00000,0x0000008a36000000] [id=24556]
  0x00000192ca88e800 ConcurrentGCThread "G1 Main Marker" [stack: 0x0000008a36000000,0x0000008a36100000] [id=27308]
  0x00000192ca890000 ConcurrentGCThread "G1 Conc#0" [stack: 0x0000008a36100000,0x0000008a36200000] [id=23584]
  0x00000192ca91e000 ConcurrentGCThread "G1 Refine#0" [stack: 0x0000008a36200000,0x0000008a36300000] [id=26192]
  0x00000192e949c800 ConcurrentGCThread "G1 Young RemSet Sampling" [stack: 0x0000008a36300000,0x0000008a36400000] [id=9604]

Threads with active compile tasks:

VM state:not at safepoint (normal execution)

VM Mutex/Monitor currently owned by a thread: None

Heap address: 0x0000000083a00000, size: 1990 MB, Compressed Oops mode: 32-bit
Narrow klass base: 0x0000000000000000, Narrow klass shift: 3
Compressed class space size: 1073741824 Address: 0x0000000100000000

Heap:
 garbage-first heap   total 129024K, used 10240K [0x0000000083a00000, 0x0000000100000000)
  region size 1024K, 11 young (11264K), 0 survivors (0K)
 Metaspace       used 13814K, capacity 14220K, committed 14336K, reserved 1062912K
  class space    used 1491K, capacity 1695K, committed 1792K, reserved 1048576K
Heap Regions: E=young(eden), S=young(survivor), O=old, HS=humongous(starts), HC=humongous(continues), CS=collection set, F=free, A=archive, TAMS=top-at-mark-start (previous, next)
|   0|0x0000000083a00000, 0x0000000083a00000, 0x0000000083b00000|  0%| F|  |TAMS 0x0000000083a00000, 0x0000000083a00000| Untracked 
|   1|0x0000000083b00000, 0x0000000083b00000, 0x0000000083c00000|  0%| F|  |TAMS 0x0000000083b00000, 0x0000000083b00000| Untracked 
|   2|0x0000000083c00000, 0x0000000083c00000, 0x0000000083d00000|  0%| F|  |TAMS 0x0000000083c00000, 0x0000000083c00000| Untracked 
|   3|0x0000000083d00000, 0x0000000083d00000, 0x0000000083e00000|  0%| F|  |TAMS 0x0000000083d00000, 0x0000000083d00000| Untracked 
|   4|0x0000000083e00000, 0x0000000083e00000, 0x0000000083f00000|  0%| F|  |TAMS 0x0000000083e00000, 0x0000000083e00000| Untracked 
|   5|0x0000000083f00000, 0x0000000083f00000, 0x0000000084000000|  0%| F|  |TAMS 0x0000000083f00000, 0x0000000083f00000| Untracked 
|   6|0x0000000084000000, 0x0000000084000000, 0x0000000084100000|  0%| F|  |TAMS 0x0000000084000000, 0x0000000084000000| Untracked 
|   7|0x0000000084100000, 0x0000000084100000, 0x0000000084200000|  0%| F|  |TAMS 0x0000000084100000, 0x0000000084100000| Untracked 
|   8|0x0000000084200000, 0x0000000084200000, 0x0000000084300000|  0%| F|  |TAMS 0x0000000084200000, 0x0000000084200000| Untracked 
|   9|0x0000000084300000, 0x0000000084300000, 0x0000000084400000|  0%| F|  |TAMS 0x0000000084300000, 0x0000000084300000| Untracked 
|  10|0x0000000084400000, 0x0000000084400000, 0x0000000084500000|  0%| F|  |TAMS 0x0000000084400000, 0x0000000084400000| Untracked 
|  11|0x0000000084500000, 0x0000000084500000, 0x0000000084600000|  0%| F|  |TAMS 0x0000000084500000, 0x0000000084500000| Untracked 
|  12|0x0000000084600000, 0x0000000084600000, 0x0000000084700000|  0%| F|  |TAMS 0x0000000084600000, 0x0000000084600000| Untracked 
|  13|0x0000000084700000, 0x0000000084700000, 0x0000000084800000|  0%| F|  |TAMS 0x0000000084700000, 0x0000000084700000| Untracked 
|  14|0x0000000084800000, 0x0000000084800000, 0x0000000084900000|  0%| F|  |TAMS 0x0000000084800000, 0x0000000084800000| Untracked 
|  15|0x0000000084900000, 0x0000000084900000, 0x0000000084a00000|  0%| F|  |TAMS 0x0000000084900000, 0x0000000084900000| Untracked 
|  16|0x0000000084a00000, 0x0000000084a00000, 0x0000000084b00000|  0%| F|  |TAMS 0x0000000084a00000, 0x0000000084a00000| Untracked 
|  17|0x0000000084b00000, 0x0000000084b00000, 0x0000000084c00000|  0%| F|  |TAMS 0x0000000084b00000, 0x0000000084b00000| Untracked 
|  18|0x0000000084c00000, 0x0000000084c00000, 0x0000000084d00000|  0%| F|  |TAMS 0x0000000084c00000, 0x0000000084c00000| Untracked 
|  19|0x0000000084d00000, 0x0000000084d00000, 0x0000000084e00000|  0%| F|  |TAMS 0x0000000084d00000, 0x0000000084d00000| Untracked 
|  20|0x0000000084e00000, 0x0000000084e00000, 0x0000000084f00000|  0%| F|  |TAMS 0x0000000084e00000, 0x0000000084e00000| Untracked 
|  21|0x0000000084f00000, 0x0000000084f00000, 0x0000000085000000|  0%| F|  |TAMS 0x0000000084f00000, 0x0000000084f00000| Untracked 
|  22|0x0000000085000000, 0x0000000085000000, 0x0000000085100000|  0%| F|  |TAMS 0x0000000085000000, 0x0000000085000000| Untracked 
|  23|0x0000000085100000, 0x0000000085100000, 0x0000000085200000|  0%| F|  |TAMS 0x0000000085100000, 0x0000000085100000| Untracked 
|  24|0x0000000085200000, 0x0000000085200000, 0x0000000085300000|  0%| F|  |TAMS 0x0000000085200000, 0x0000000085200000| Untracked 
|  25|0x0000000085300000, 0x0000000085300000, 0x0000000085400000|  0%| F|  |TAMS 0x0000000085300000, 0x0000000085300000| Untracked 
|  26|0x0000000085400000, 0x0000000085400000, 0x0000000085500000|  0%| F|  |TAMS 0x0000000085400000, 0x0000000085400000| Untracked 
|  27|0x0000000085500000, 0x0000000085500000, 0x0000000085600000|  0%| F|  |TAMS 0x0000000085500000, 0x0000000085500000| Untracked 
|  28|0x0000000085600000, 0x0000000085600000, 0x0000000085700000|  0%| F|  |TAMS 0x0000000085600000, 0x0000000085600000| Untracked 
|  29|0x0000000085700000, 0x0000000085700000, 0x0000000085800000|  0%| F|  |TAMS 0x0000000085700000, 0x0000000085700000| Untracked 
|  30|0x0000000085800000, 0x0000000085800000, 0x0000000085900000|  0%| F|  |TAMS 0x0000000085800000, 0x0000000085800000| Untracked 
|  31|0x0000000085900000, 0x0000000085900000, 0x0000000085a00000|  0%| F|  |TAMS 0x0000000085900000, 0x0000000085900000| Untracked 
|  32|0x0000000085a00000, 0x0000000085a00000, 0x0000000085b00000|  0%| F|  |TAMS 0x0000000085a00000, 0x0000000085a00000| Untracked 
|  33|0x0000000085b00000, 0x0000000085b00000, 0x0000000085c00000|  0%| F|  |TAMS 0x0000000085b00000, 0x0000000085b00000| Untracked 
|  34|0x0000000085c00000, 0x0000000085c00000, 0x0000000085d00000|  0%| F|  |TAMS 0x0000000085c00000, 0x0000000085c00000| Untracked 
|  35|0x0000000085d00000, 0x0000000085d00000, 0x0000000085e00000|  0%| F|  |TAMS 0x0000000085d00000, 0x0000000085d00000| Untracked 
|  36|0x0000000085e00000, 0x0000000085e00000, 0x0000000085f00000|  0%| F|  |TAMS 0x0000000085e00000, 0x0000000085e00000| Untracked 
|  37|0x0000000085f00000, 0x0000000085f00000, 0x0000000086000000|  0%| F|  |TAMS 0x0000000085f00000, 0x0000000085f00000| Untracked 
|  38|0x0000000086000000, 0x0000000086000000, 0x0000000086100000|  0%| F|  |TAMS 0x0000000086000000, 0x0000000086000000| Untracked 
|  39|0x0000000086100000, 0x0000000086100000, 0x0000000086200000|  0%| F|  |TAMS 0x0000000086100000, 0x0000000086100000| Untracked 
|  40|0x0000000086200000, 0x0000000086200000, 0x0000000086300000|  0%| F|  |TAMS 0x0000000086200000, 0x0000000086200000| Untracked 
|  41|0x0000000086300000, 0x0000000086300000, 0x0000000086400000|  0%| F|  |TAMS 0x0000000086300000, 0x0000000086300000| Untracked 
|  42|0x0000000086400000, 0x0000000086400000, 0x0000000086500000|  0%| F|  |TAMS 0x0000000086400000, 0x0000000086400000| Untracked 
|  43|0x0000000086500000, 0x0000000086500000, 0x0000000086600000|  0%| F|  |TAMS 0x0000000086500000, 0x0000000086500000| Untracked 
|  44|0x0000000086600000, 0x0000000086600000, 0x0000000086700000|  0%| F|  |TAMS 0x0000000086600000, 0x0000000086600000| Untracked 
|  45|0x0000000086700000, 0x0000000086700000, 0x0000000086800000|  0%| F|  |TAMS 0x0000000086700000, 0x0000000086700000| Untracked 
|  46|0x0000000086800000, 0x0000000086800000, 0x0000000086900000|  0%| F|  |TAMS 0x0000000086800000, 0x0000000086800000| Untracked 
|  47|0x0000000086900000, 0x0000000086900000, 0x0000000086a00000|  0%| F|  |TAMS 0x0000000086900000, 0x0000000086900000| Untracked 
|  48|0x0000000086a00000, 0x0000000086a00000, 0x0000000086b00000|  0%| F|  |TAMS 0x0000000086a00000, 0x0000000086a00000| Untracked 
|  49|0x0000000086b00000, 0x0000000086b00000, 0x0000000086c00000|  0%| F|  |TAMS 0x0000000086b00000, 0x0000000086b00000| Untracked 
|  50|0x0000000086c00000, 0x0000000086c00000, 0x0000000086d00000|  0%| F|  |TAMS 0x0000000086c00000, 0x0000000086c00000| Untracked 
|  51|0x0000000086d00000, 0x0000000086d00000, 0x0000000086e00000|  0%| F|  |TAMS 0x0000000086d00000, 0x0000000086d00000| Untracked 
|  52|0x0000000086e00000, 0x0000000086e00000, 0x0000000086f00000|  0%| F|  |TAMS 0x0000000086e00000, 0x0000000086e00000| Untracked 
|  53|0x0000000086f00000, 0x0000000086f00000, 0x0000000087000000|  0%| F|  |TAMS 0x0000000086f00000, 0x0000000086f00000| Untracked 
|  54|0x0000000087000000, 0x0000000087000000, 0x0000000087100000|  0%| F|  |TAMS 0x0000000087000000, 0x0000000087000000| Untracked 
|  55|0x0000000087100000, 0x0000000087100000, 0x0000000087200000|  0%| F|  |TAMS 0x0000000087100000, 0x0000000087100000| Untracked 
|  56|0x0000000087200000, 0x0000000087200000, 0x0000000087300000|  0%| F|  |TAMS 0x0000000087200000, 0x0000000087200000| Untracked 
|  57|0x0000000087300000, 0x0000000087300000, 0x0000000087400000|  0%| F|  |TAMS 0x0000000087300000, 0x0000000087300000| Untracked 
|  58|0x0000000087400000, 0x0000000087400000, 0x0000000087500000|  0%| F|  |TAMS 0x0000000087400000, 0x0000000087400000| Untracked 
|  59|0x0000000087500000, 0x0000000087500000, 0x0000000087600000|  0%| F|  |TAMS 0x0000000087500000, 0x0000000087500000| Untracked 
|  60|0x0000000087600000, 0x0000000087600000, 0x0000000087700000|  0%| F|  |TAMS 0x0000000087600000, 0x0000000087600000| Untracked 
|  61|0x0000000087700000, 0x0000000087700000, 0x0000000087800000|  0%| F|  |TAMS 0x0000000087700000, 0x0000000087700000| Untracked 
|  62|0x0000000087800000, 0x0000000087800000, 0x0000000087900000|  0%| F|  |TAMS 0x0000000087800000, 0x0000000087800000| Untracked 
|  63|0x0000000087900000, 0x0000000087900000, 0x0000000087a00000|  0%| F|  |TAMS 0x0000000087900000, 0x0000000087900000| Untracked 
|  64|0x0000000087a00000, 0x0000000087a00000, 0x0000000087b00000|  0%| F|  |TAMS 0x0000000087a00000, 0x0000000087a00000| Untracked 
|  65|0x0000000087b00000, 0x0000000087b00000, 0x0000000087c00000|  0%| F|  |TAMS 0x0000000087b00000, 0x0000000087b00000| Untracked 
|  66|0x0000000087c00000, 0x0000000087c00000, 0x0000000087d00000|  0%| F|  |TAMS 0x0000000087c00000, 0x0000000087c00000| Untracked 
|  67|0x0000000087d00000, 0x0000000087d00000, 0x0000000087e00000|  0%| F|  |TAMS 0x0000000087d00000, 0x0000000087d00000| Untracked 
|  68|0x0000000087e00000, 0x0000000087e00000, 0x0000000087f00000|  0%| F|  |TAMS 0x0000000087e00000, 0x0000000087e00000| Untracked 
|  69|0x0000000087f00000, 0x0000000087f00000, 0x0000000088000000|  0%| F|  |TAMS 0x0000000087f00000, 0x0000000087f00000| Untracked 
|  70|0x0000000088000000, 0x0000000088000000, 0x0000000088100000|  0%| F|  |TAMS 0x0000000088000000, 0x0000000088000000| Untracked 
|  71|0x0000000088100000, 0x0000000088100000, 0x0000000088200000|  0%| F|  |TAMS 0x0000000088100000, 0x0000000088100000| Untracked 
|  72|0x0000000088200000, 0x0000000088200000, 0x0000000088300000|  0%| F|  |TAMS 0x0000000088200000, 0x0000000088200000| Untracked 
|  73|0x0000000088300000, 0x0000000088300000, 0x0000000088400000|  0%| F|  |TAMS 0x0000000088300000, 0x0000000088300000| Untracked 
|  74|0x0000000088400000, 0x0000000088400000, 0x0000000088500000|  0%| F|  |TAMS 0x0000000088400000, 0x0000000088400000| Untracked 
|  75|0x0000000088500000, 0x0000000088500000, 0x0000000088600000|  0%| F|  |TAMS 0x0000000088500000, 0x0000000088500000| Untracked 
|  76|0x0000000088600000, 0x0000000088600000, 0x0000000088700000|  0%| F|  |TAMS 0x0000000088600000, 0x0000000088600000| Untracked 
|  77|0x0000000088700000, 0x0000000088700000, 0x0000000088800000|  0%| F|  |TAMS 0x0000000088700000, 0x0000000088700000| Untracked 
|  78|0x0000000088800000, 0x0000000088800000, 0x0000000088900000|  0%| F|  |TAMS 0x0000000088800000, 0x0000000088800000| Untracked 
|  79|0x0000000088900000, 0x0000000088900000, 0x0000000088a00000|  0%| F|  |TAMS 0x0000000088900000, 0x0000000088900000| Untracked 
|  80|0x0000000088a00000, 0x0000000088a00000, 0x0000000088b00000|  0%| F|  |TAMS 0x0000000088a00000, 0x0000000088a00000| Untracked 
|  81|0x0000000088b00000, 0x0000000088b00000, 0x0000000088c00000|  0%| F|  |TAMS 0x0000000088b00000, 0x0000000088b00000| Untracked 
|  82|0x0000000088c00000, 0x0000000088c00000, 0x0000000088d00000|  0%| F|  |TAMS 0x0000000088c00000, 0x0000000088c00000| Untracked 
|  83|0x0000000088d00000, 0x0000000088d00000, 0x0000000088e00000|  0%| F|  |TAMS 0x0000000088d00000, 0x0000000088d00000| Untracked 
|  84|0x0000000088e00000, 0x0000000088e00000, 0x0000000088f00000|  0%| F|  |TAMS 0x0000000088e00000, 0x0000000088e00000| Untracked 
|  85|0x0000000088f00000, 0x0000000088f00000, 0x0000000089000000|  0%| F|  |TAMS 0x0000000088f00000, 0x0000000088f00000| Untracked 
|  86|0x0000000089000000, 0x0000000089000000, 0x0000000089100000|  0%| F|  |TAMS 0x0000000089000000, 0x0000000089000000| Untracked 
|  87|0x0000000089100000, 0x0000000089100000, 0x0000000089200000|  0%| F|  |TAMS 0x0000000089100000, 0x0000000089100000| Untracked 
|  88|0x0000000089200000, 0x0000000089200000, 0x0000000089300000|  0%| F|  |TAMS 0x0000000089200000, 0x0000000089200000| Untracked 
|  89|0x0000000089300000, 0x0000000089300000, 0x0000000089400000|  0%| F|  |TAMS 0x0000000089300000, 0x0000000089300000| Untracked 
|  90|0x0000000089400000, 0x0000000089400000, 0x0000000089500000|  0%| F|  |TAMS 0x0000000089400000, 0x0000000089400000| Untracked 
|  91|0x0000000089500000, 0x0000000089500000, 0x0000000089600000|  0%| F|  |TAMS 0x0000000089500000, 0x0000000089500000| Untracked 
|  92|0x0000000089600000, 0x0000000089600000, 0x0000000089700000|  0%| F|  |TAMS 0x0000000089600000, 0x0000000089600000| Untracked 
|  93|0x0000000089700000, 0x0000000089700000, 0x0000000089800000|  0%| F|  |TAMS 0x0000000089700000, 0x0000000089700000| Untracked 
|  94|0x0000000089800000, 0x0000000089800000, 0x0000000089900000|  0%| F|  |TAMS 0x0000000089800000, 0x0000000089800000| Untracked 
|  95|0x0000000089900000, 0x0000000089900000, 0x0000000089a00000|  0%| F|  |TAMS 0x0000000089900000, 0x0000000089900000| Untracked 
|  96|0x0000000089a00000, 0x0000000089a00000, 0x0000000089b00000|  0%| F|  |TAMS 0x0000000089a00000, 0x0000000089a00000| Untracked 
|  97|0x0000000089b00000, 0x0000000089b00000, 0x0000000089c00000|  0%| F|  |TAMS 0x0000000089b00000, 0x0000000089b00000| Untracked 
|  98|0x0000000089c00000, 0x0000000089c00000, 0x0000000089d00000|  0%| F|  |TAMS 0x0000000089c00000, 0x0000000089c00000| Untracked 
|  99|0x0000000089d00000, 0x0000000089d00000, 0x0000000089e00000|  0%| F|  |TAMS 0x0000000089d00000, 0x0000000089d00000| Untracked 
| 100|0x0000000089e00000, 0x0000000089e00000, 0x0000000089f00000|  0%| F|  |TAMS 0x0000000089e00000, 0x0000000089e00000| Untracked 
| 101|0x0000000089f00000, 0x0000000089f00000, 0x000000008a000000|  0%| F|  |TAMS 0x0000000089f00000, 0x0000000089f00000| Untracked 
| 102|0x000000008a000000, 0x000000008a000000, 0x000000008a100000|  0%| F|  |TAMS 0x000000008a000000, 0x000000008a000000| Untracked 
| 103|0x000000008a100000, 0x000000008a100000, 0x000000008a200000|  0%| F|  |TAMS 0x000000008a100000, 0x000000008a100000| Untracked 
| 104|0x000000008a200000, 0x000000008a200000, 0x000000008a300000|  0%| F|  |TAMS 0x000000008a200000, 0x000000008a200000| Untracked 
| 105|0x000000008a300000, 0x000000008a300000, 0x000000008a400000|  0%| F|  |TAMS 0x000000008a300000, 0x000000008a300000| Untracked 
| 106|0x000000008a400000, 0x000000008a400000, 0x000000008a500000|  0%| F|  |TAMS 0x000000008a400000, 0x000000008a400000| Untracked 
| 107|0x000000008a500000, 0x000000008a500000, 0x000000008a600000|  0%| F|  |TAMS 0x000000008a500000, 0x000000008a500000| Untracked 
| 108|0x000000008a600000, 0x000000008a600000, 0x000000008a700000|  0%| F|  |TAMS 0x000000008a600000, 0x000000008a600000| Untracked 
| 109|0x000000008a700000, 0x000000008a700000, 0x000000008a800000|  0%| F|  |TAMS 0x000000008a700000, 0x000000008a700000| Untracked 
| 110|0x000000008a800000, 0x000000008a800000, 0x000000008a900000|  0%| F|  |TAMS 0x000000008a800000, 0x000000008a800000| Untracked 
| 111|0x000000008a900000, 0x000000008a900000, 0x000000008aa00000|  0%| F|  |TAMS 0x000000008a900000, 0x000000008a900000| Untracked 
| 112|0x000000008aa00000, 0x000000008aa00000, 0x000000008ab00000|  0%| F|  |TAMS 0x000000008aa00000, 0x000000008aa00000| Untracked 
| 113|0x000000008ab00000, 0x000000008ab00000, 0x000000008ac00000|  0%| F|  |TAMS 0x000000008ab00000, 0x000000008ab00000| Untracked 
| 114|0x000000008ac00000, 0x000000008ac00000, 0x000000008ad00000|  0%| F|  |TAMS 0x000000008ac00000, 0x000000008ac00000| Untracked 
| 115|0x000000008ad00000, 0x000000008adf6c80, 0x000000008ae00000| 96%| E|  |TAMS 0x000000008ad00000, 0x000000008ad00000| Complete 
| 116|0x000000008ae00000, 0x000000008af00000, 0x000000008af00000|100%| E|CS|TAMS 0x000000008ae00000, 0x000000008ae00000| Complete 
| 117|0x000000008af00000, 0x000000008b000000, 0x000000008b000000|100%| E|CS|TAMS 0x000000008af00000, 0x000000008af00000| Complete 
| 118|0x000000008b000000, 0x000000008b100000, 0x000000008b100000|100%| E|CS|TAMS 0x000000008b000000, 0x000000008b000000| Complete 
| 119|0x000000008b100000, 0x000000008b200000, 0x000000008b200000|100%| E|CS|TAMS 0x000000008b100000, 0x000000008b100000| Complete 
| 120|0x000000008b200000, 0x000000008b300000, 0x000000008b300000|100%| E|CS|TAMS 0x000000008b200000, 0x000000008b200000| Complete 
| 121|0x000000008b300000, 0x000000008b400000, 0x000000008b400000|100%| E|CS|TAMS 0x000000008b300000, 0x000000008b300000| Complete 
| 122|0x000000008b400000, 0x000000008b500000, 0x000000008b500000|100%| E|CS|TAMS 0x000000008b400000, 0x000000008b400000| Complete 
| 123|0x000000008b500000, 0x000000008b600000, 0x000000008b600000|100%| E|CS|TAMS 0x000000008b500000, 0x000000008b500000| Complete 
| 124|0x000000008b600000, 0x000000008b700000, 0x000000008b700000|100%| E|CS|TAMS 0x000000008b600000, 0x000000008b600000| Complete 
| 125|0x000000008b700000, 0x000000008b800000, 0x000000008b800000|100%| E|CS|TAMS 0x000000008b700000, 0x000000008b700000| Complete 

Card table byte_map: [0x00000192e25d0000,0x00000192e29c0000] _byte_map_base: 0x00000192e21b3000

Marking Bits (Prev, Next): (CMBitMap*) 0x00000192ca884de8, (CMBitMap*) 0x00000192ca884e20
 Prev Bits: [0x00000192e2db0000, 0x00000192e4cc8000)
 Next Bits: [0x00000192e4cd0000, 0x00000192e6be8000)

Polling page: 0x00000192ca020000

Metaspace:

Usage:
  Non-class:     12.23 MB capacity,    12.03 MB ( 98%) used,   160.48 KB (  1%) free+waste,    41.63 KB ( <1%) overhead. 
      Class:      1.66 MB capacity,     1.46 MB ( 88%) used,   179.82 KB ( 11%) free+waste,    23.38 KB (  1%) overhead. 
       Both:     13.89 MB capacity,    13.49 MB ( 97%) used,   340.30 KB (  2%) free+waste,    65.00 KB ( <1%) overhead. 

Virtual space:
  Non-class space:       14.00 MB reserved,      12.25 MB ( 88%) committed 
      Class space:        1.00 GB reserved,       1.75 MB ( <1%) committed 
             Both:        1.01 GB reserved,      14.00 MB (  1%) committed 

Chunk freelists:
   Non-Class:  19.00 KB
       Class:  1.00 KB
        Both:  20.00 KB

MaxMetaspaceSize: 17179869184.00 GB
CompressedClassSpaceSize: 1.00 GB

CodeHeap 'non-profiled nmethods': size=120000Kb used=295Kb max_used=295Kb free=119704Kb
 bounds [0x00000192da980000, 0x00000192dabf0000, 0x00000192e1eb0000]
CodeHeap 'profiled nmethods': size=120000Kb used=1382Kb max_used=1382Kb free=118617Kb
 bounds [0x00000192d3450000, 0x00000192d36c0000, 0x00000192da980000]
CodeHeap 'non-nmethods': size=5760Kb used=1183Kb max_used=1199Kb free=4576Kb
 bounds [0x00000192d2eb0000, 0x00000192d3120000, 0x00000192d3450000]
 total_blobs=1782 nmethods=830 adapters=431
 compilation: enabled
              stopped_count=0, restarted_count=0
 full_count=0

Compilation events (20 events):
Event: 0.498 Thread 0x00000192e967e000  809       3       java.lang.invoke.DirectMethodHandle::make (21 bytes)
Event: 0.498 Thread 0x00000192e967e000 nmethod 809 0x00000192d35a1690 code [0x00000192d35a1860, 0x00000192d35a1ab0]
Event: 0.498 Thread 0x00000192e967e000  810       3       java.lang.invoke.MethodHandles$Lookup::checkField (56 bytes)
Event: 0.498 Thread 0x00000192e967e000 nmethod 810 0x00000192d35a1b90 code [0x00000192d35a1da0, 0x00000192d35a2280]
Event: 0.498 Thread 0x00000192e967e000  812       3       java.lang.invoke.ClassSpecializer::classBCName (33 bytes)
Event: 0.498 Thread 0x00000192e967e000 nmethod 812 0x00000192d35a2410 code [0x00000192d35a25c0, 0x00000192d35a2750]
Event: 0.498 Thread 0x00000192e967e000  813       3       java.lang.invoke.ClassSpecializer::className (33 bytes)
Event: 0.498 Thread 0x00000192e967e000 nmethod 813 0x00000192d35a2810 code [0x00000192d35a29e0, 0x00000192d35a2c30]
Event: 0.498 Thread 0x00000192e967e000  814       3       java.lang.invoke.ClassSpecializer::classSig (94 bytes)
Event: 0.498 Thread 0x00000192ea24e800  815       4       java.lang.invoke.MethodType::makeImpl (108 bytes)
Event: 0.499 Thread 0x00000192e967e000 nmethod 814 0x00000192d35a2d10 code [0x00000192d35a2f80, 0x00000192d35a3800]
Event: 0.499 Thread 0x00000192e967e000  819       3       java.lang.invoke.DirectMethodHandle::afIndex (20 bytes)
Event: 0.499 Thread 0x00000192e967e000 nmethod 819 0x00000192d35a3b10 code [0x00000192d35a3cc0, 0x00000192d35a3e78]
Event: 0.499 Thread 0x00000192e967e000  820       3       java.lang.invoke.LambdaFormBuffer::indexOf (25 bytes)
Event: 0.499 Thread 0x00000192e967e000 nmethod 820 0x00000192d35a3f10 code [0x00000192d35a40c0, 0x00000192d35a4318]
Event: 0.500 Thread 0x00000192e967e000  822       3       java.lang.String::substring (68 bytes)
Event: 0.500 Thread 0x00000192e967e000 nmethod 822 0x00000192d35a4410 code [0x00000192d35a4660, 0x00000192d35a4e00]
Event: 0.500 Thread 0x00000192e967e000  823       3       java.lang.invoke.MethodTypeForm::<init> (687 bytes)
Event: 0.500 Thread 0x00000192e967a800 nmethod 805 0x00000192da9c6290 code [0x00000192da9c6440, 0x00000192da9c6b88]
Event: 0.500 Thread 0x00000192e967a800  818       4       java.lang.invoke.MethodType$ConcurrentWeakInternSet::get (54 bytes)

GC Heap History (0 events):
No events

Deoptimization events (20 events):
Event: 0.399 Thread 0x00000192ea514800 Uncommon trap: trap_request=0xffffffc6 fr.pc=0x00000192da9a4438 relative=0x0000000000000f98
Event: 0.399 Thread 0x00000192ea514800 Uncommon trap: reason=bimorphic_or_optimized_type_check action=maybe_recompile pc=0x00000192da9a4438 method=java.util.HashMap.putVal(ILjava/lang/Object;Ljava/lang/Object;ZZ)Ljava/lang/Object; @ 152 c2
Event: 0.399 Thread 0x00000192ea514800 DEOPT PACKING pc=0x00000192da9a4438 sp=0x0000008a373fc8a0
Event: 0.399 Thread 0x00000192ea514800 DEOPT UNPACKING pc=0x00000192d2eb822f sp=0x0000008a373fc820 mode 2
Event: 0.399 Thread 0x00000192ea514800 Uncommon trap: trap_request=0xffffffc6 fr.pc=0x00000192da9a4438 relative=0x0000000000000f98
Event: 0.399 Thread 0x00000192ea514800 Uncommon trap: reason=bimorphic_or_optimized_type_check action=maybe_recompile pc=0x00000192da9a4438 method=java.util.HashMap.putVal(ILjava/lang/Object;Ljava/lang/Object;ZZ)Ljava/lang/Object; @ 152 c2
Event: 0.399 Thread 0x00000192ea514800 DEOPT PACKING pc=0x00000192da9a4438 sp=0x0000008a373fc8a0
Event: 0.399 Thread 0x00000192ea514800 DEOPT UNPACKING pc=0x00000192d2eb822f sp=0x0000008a373fc820 mode 2
Event: 0.399 Thread 0x00000192ea514800 Uncommon trap: trap_request=0xffffffc6 fr.pc=0x00000192da9a4438 relative=0x0000000000000f98
Event: 0.399 Thread 0x00000192ea514800 Uncommon trap: reason=bimorphic_or_optimized_type_check action=maybe_recompile pc=0x00000192da9a4438 method=java.util.HashMap.putVal(ILjava/lang/Object;Ljava/lang/Object;ZZ)Ljava/lang/Object; @ 152 c2
Event: 0.399 Thread 0x00000192ea514800 DEOPT PACKING pc=0x00000192da9a4438 sp=0x0000008a373fc8a0
Event: 0.399 Thread 0x00000192ea514800 DEOPT UNPACKING pc=0x00000192d2eb822f sp=0x0000008a373fc820 mode 2
Event: 0.399 Thread 0x00000192ea514800 Uncommon trap: trap_request=0xffffffc6 fr.pc=0x00000192da9a4438 relative=0x0000000000000f98
Event: 0.399 Thread 0x00000192ea514800 Uncommon trap: reason=bimorphic_or_optimized_type_check action=maybe_recompile pc=0x00000192da9a4438 method=java.util.HashMap.putVal(ILjava/lang/Object;Ljava/lang/Object;ZZ)Ljava/lang/Object; @ 152 c2
Event: 0.399 Thread 0x00000192ea514800 DEOPT PACKING pc=0x00000192da9a4438 sp=0x0000008a373fc8a0
Event: 0.399 Thread 0x00000192ea514800 DEOPT UNPACKING pc=0x00000192d2eb822f sp=0x0000008a373fc820 mode 2
Event: 0.447 Thread 0x00000192ea514800 Uncommon trap: trap_request=0xffffff4d fr.pc=0x00000192da990930 relative=0x0000000000000190
Event: 0.447 Thread 0x00000192ea514800 Uncommon trap: reason=unstable_if action=reinterpret pc=0x00000192da990930 method=java.lang.String.equals(Ljava/lang/Object;)Z @ 34 c2
Event: 0.447 Thread 0x00000192ea514800 DEOPT PACKING pc=0x00000192da990930 sp=0x0000008a373fcd90
Event: 0.447 Thread 0x00000192ea514800 DEOPT UNPACKING pc=0x00000192d2eb822f sp=0x0000008a373fcd28 mode 2

Classes redefined (0 events):
No events

Internal exceptions (20 events):
Event: 0.235 Thread 0x00000192ca846000 Exception <a 'java/lang/NoSuchMethodError'{0x000000008b4e8c30}: 'java.lang.Object java.lang.invoke.DelegatingMethodHandle$Holder.reinvoke_L(java.lang.Object, int, int, java.lang.Object, java.lang.Object, java.lang.Object)'> (0x000000008b4e8c30) thrown at [./src/hotspot/share/interpreter/linkResolver.cpp, line 773]
Event: 0.235 Thread 0x00000192ca846000 Exception <a 'java/lang/NoSuchMethodError'{0x000000008b4ecd10}: 'java.lang.Object java.lang.invoke.DirectMethodHandle$Holder.invokeStatic(java.lang.Object, java.lang.Object, java.lang.Object, java.lang.Object, int)'> (0x000000008b4ecd10) thrown at [./src/hotspot/share/interpreter/linkResolver.cpp, line 773]
Event: 0.246 Thread 0x00000192ca846000 Exception <a 'java/io/FileNotFoundException'{0x000000008b34fc88}> (0x000000008b34fc88) thrown at [./src/hotspot/share/prims/jni.cpp, line 615]
Event: 0.262 Thread 0x00000192ca846000 Exception <a 'sun/nio/fs/WindowsException'{0x000000008b36bdd0}> (0x000000008b36bdd0) thrown at [./src/hotspot/share/prims/jni.cpp, line 615]
Event: 0.305 Thread 0x00000192ea5d1800 Exception <a 'java/lang/NoSuchMethodError'{0x000000008b3fb438}: 'void java.lang.invoke.DirectMethodHandle$Holder.invokeSpecial(java.lang.Object, java.lang.Object)'> (0x000000008b3fb438) thrown at [./src/hotspot/share/interpreter/linkResolver.cpp, line 773]
Event: 0.309 Thread 0x00000192ca846000 Exception <a 'java/lang/NoSuchMethodError'{0x000000008b3e1e50}: 'java.lang.Object java.lang.invoke.DirectMethodHandle$Holder.invokeStatic(java.lang.Object, java.lang.Object, java.lang.Object, java.lang.Object, java.lang.Object, java.lang.Object, java.lang.Object, java.lang.Object, int)'> (0x000000008b3e1e50) thrown at [./src/hotspot/share/interpreter/linkResolver.cpp, line 773]
Event: 0.311 Thread 0x00000192ca846000 Exception <a 'java/lang/NoSuchMethodError'{0x000000008b2068b8}: 'java.lang.Object java.lang.invoke.DirectMethodHandle$Holder.invokeStatic(java.lang.Object, java.lang.Object, java.lang.Object, java.lang.Object, java.lang.Object, java.lang.Object, java.lang.Object, java.lang.Object, int, int)'> (0x000000008b2068b8) thrown at [./src/hotspot/share/interpreter/linkResolver.cpp, line 773]
Event: 0.373 Thread 0x00000192ea514800 Exception <a 'java/lang/NoSuchMethodError'{0x000000008b1a55a8}: 'java.lang.Object java.lang.invoke.DirectMethodHandle$Holder.invokeStatic(java.lang.Object, int, java.lang.Object, java.lang.Object, java.lang.Object, java.lang.Object)'> (0x000000008b1a55a8) thrown at [./src/hotspot/share/interpreter/linkResolver.cpp, line 773]
Event: 0.374 Thread 0x00000192ea514800 Exception <a 'java/lang/NoSuchMethodError'{0x000000008b1ac668}: 'java.lang.Object java.lang.invoke.DirectMethodHandle$Holder.invokeStatic(java.lang.Object, int, java.lang.Object, java.lang.Object, java.lang.Object)'> (0x000000008b1ac668) thrown at [./src/hotspot/share/interpreter/linkResolver.cpp, line 773]
Event: 0.374 Thread 0x00000192ea514800 Exception <a 'java/lang/NoSuchMethodError'{0x000000008b1b01b0}: 'java.lang.Object java.lang.invoke.DirectMethodHandle$Holder.invokeSpecial(java.lang.Object, java.lang.Object, int, java.lang.Object, java.lang.Object, java.lang.Object)'> (0x000000008b1b01b0) thrown at [./src/hotspot/share/interpreter/linkResolver.cpp, line 773]
Event: 0.377 Thread 0x00000192ea514800 Exception <a 'java/lang/NoSuchMethodError'{0x000000008b1c7a90}: 'java.lang.Object java.lang.invoke.DirectMethodHandle$Holder.invokeStatic(java.lang.Object, int, java.lang.Object)'> (0x000000008b1c7a90) thrown at [./src/hotspot/share/interpreter/linkResolver.cpp, line 773]
Event: 0.398 Thread 0x00000192ea514800 Exception <a 'java/lang/ClassNotFoundException'{0x000000008b076890}: com/sun/swing/internal/plaf/metal/resources/spi/metalProvider> (0x000000008b076890) thrown at [./src/hotspot/share/classfile/systemDictionary.cpp, line 231]
Event: 0.400 Thread 0x00000192ea514800 Exception <a 'java/lang/ClassNotFoundException'{0x000000008b07b870}: com/sun/swing/internal/plaf/basic/resources/spi/basicProvider> (0x000000008b07b870) thrown at [./src/hotspot/share/classfile/systemDictionary.cpp, line 231]
Event: 0.466 Thread 0x00000192ea514800 Exception <a 'java/lang/NoSuchMethodError'{0x000000008af63ed8}: 'void java.lang.invoke.DirectMethodHandle$Holder.invokeStaticInit(java.lang.Object)'> (0x000000008af63ed8) thrown at [./src/hotspot/share/interpreter/linkResolver.cpp, line 773]
Event: 0.474 Thread 0x00000192ea514800 Exception <a 'java/io/FileNotFoundException'{0x000000008af72ac8}> (0x000000008af72ac8) thrown at [./src/hotspot/share/prims/jni.cpp, line 615]
Event: 0.474 Thread 0x00000192ea514800 Exception <a 'java/lang/NullPointerException'{0x000000008af733b8}> (0x000000008af733b8) thrown at [./src/hotspot/share/interpreter/linkResolver.cpp, line 1358]
Event: 0.498 Thread 0x00000192ea514800 Exception <a 'java/lang/NoSuchMethodError'{0x000000008aee8df0}: 'java.lang.Object java.lang.invoke.DirectMethodHandle$Holder.invokeStatic(java.lang.Object, java.lang.Object, java.lang.Object, java.lang.Object, java.lang.Object, java.lang.Object, java.lang.Object, java.lang.Object, java.lang.Object, java.lang.Object, java.lang.Object, int)'> (0x000000008aee8df0) thrown at [./src/hotspot/share/interpreter/linkResolver.cpp, line 773]
Event: 0.499 Thread 0x00000192ea514800 Exception <a 'java/lang/NoSuchMethodError'{0x000000008ad07ca8}: 'java.lang.Object java.lang.invoke.DirectMethodHandle$Holder.invokeStatic(java.lang.Object, java.lang.Object, java.lang.Object, java.lang.Object, java.lang.Object, java.lang.Object, java.lang.Object, java.lang.Object, java.lang.Object, java.lang.Object, java.lang.Object, int, int)'> (0x000000008ad07ca8) thrown at [./src/hotspot/share/interpreter/linkResolver.cpp, line 773]
Event: 0.500 Thread 0x00000192ea514800 Exception <a 'java/lang/NoSuchMethodError'{0x000000008ad26ee8}: 'java.lang.Object java.lang.invoke.DirectMethodHandle$Holder.invokeStatic(java.lang.Object, java.lang.Object, java.lang.Object, java.lang.Object, java.lang.Object, java.lang.Object, java.lang.Object, java.lang.Object, java.lang.Object, java.lang.Object, java.lang.Object, int, int, java.lang.Object)'> (0x000000008ad26ee8) thrown at [./src/hotspot/share/interpreter/linkResolver.cpp, line 773]
Event: 0.501 Thread 0x00000192ea514800 Exception <a 'java/lang/NoSuchMethodError'{0x000000008ad33140}: 'java.lang.Object java.lang.invoke.Invokers$Holder.linkToTargetMethod(java.lang.Object, int, java.lang.Object)'> (0x000000008ad33140) thrown at [./src/hotspot/share/interpreter/linkResolver.cpp, line 773]

Events (20 events):
Event: 0.493 loading class sun/nio/cs/SingleByte$Encoder
Event: 0.494 loading class sun/nio/cs/SingleByte$Encoder done
Event: 0.494 loading class java/io/ByteArrayOutputStream
Event: 0.494 loading class java/io/ByteArrayOutputStream done
Event: 0.494 loading class sun/awt/windows/WingDings
Event: 0.494 loading class sun/awt/windows/WingDings done
Event: 0.494 loading class sun/awt/windows/WingDings$Encoder
Event: 0.494 loading class sun/awt/windows/WingDings$Encoder done
Event: 0.494 loading class sun/awt/Symbol
Event: 0.494 loading class sun/awt/Symbol done
Event: 0.494 loading class sun/awt/Symbol$Encoder
Event: 0.494 loading class sun/awt/Symbol$Encoder done
Event: 0.497 loading class java/lang/invoke/BoundMethodHandle$Species_LLLLLLLLI
Event: 0.497 loading class java/lang/invoke/BoundMethodHandle$Species_LLLLLLLLI done
Event: 0.498 loading class java/lang/invoke/BoundMethodHandle$Species_LLLLLLLLII
Event: 0.498 loading class java/lang/invoke/BoundMethodHandle$Species_LLLLLLLLII done
Event: 0.499 loading class java/lang/invoke/BoundMethodHandle$Species_LLLLLLLLIIL
Event: 0.499 loading class java/lang/invoke/BoundMethodHandle$Species_LLLLLLLLIIL done
Event: 0.501 Executing VM operation: RevokeBias
Event: 0.501 Executing VM operation: RevokeBias done


Dynamic libraries:
0x00007ff7d3bb0000 - 0x00007ff7d3bbd000 	C:\pleiades\java\11\bin\javaw.exe
0x00007ffc2f430000 - 0x00007ffc2f628000 	C:\WINDOWS\SYSTEM32\ntdll.dll
0x00007ffc2e8e0000 - 0x00007ffc2e99d000 	C:\WINDOWS\System32\KERNEL32.DLL
0x00007ffc2cc10000 - 0x00007ffc2cf06000 	C:\WINDOWS\System32\KERNELBASE.dll
0x00007ffc2d060000 - 0x00007ffc2d160000 	C:\WINDOWS\System32\ucrtbase.dll
0x00007ffc28140000 - 0x00007ffc28157000 	C:\pleiades\java\11\bin\jli.dll
0x00007ffc28120000 - 0x00007ffc28135000 	C:\pleiades\java\11\bin\VCRUNTIME140.dll
0x00007ffc2e740000 - 0x00007ffc2e8df000 	C:\WINDOWS\System32\USER32.dll
0x00007ffc13630000 - 0x00007ffc138ca000 	C:\WINDOWS\WinSxS\amd64_microsoft.windows.common-controls_6595b64144ccf1df_6.0.19041.3636_none_60b6a03d71f818d5\COMCTL32.dll
0x00007ffc2d2d0000 - 0x00007ffc2d2f2000 	C:\WINDOWS\System32\win32u.dll
0x00007ffc2d7c0000 - 0x00007ffc2d85e000 	C:\WINDOWS\System32\msvcrt.dll
0x00007ffc2e9a0000 - 0x00007ffc2e9cb000 	C:\WINDOWS\System32\GDI32.dll
0x00007ffc2d1b0000 - 0x00007ffc2d2c7000 	C:\WINDOWS\System32\gdi32full.dll
0x00007ffc2cae0000 - 0x00007ffc2cb7d000 	C:\WINDOWS\System32\msvcp_win.dll
0x00007ffc2e170000 - 0x00007ffc2e1a2000 	C:\WINDOWS\System32\IMM32.DLL
0x00007ffbffb90000 - 0x00007ffbffc2b000 	C:\pleiades\java\11\bin\msvcp140.dll
0x00007ffb98830000 - 0x00007ffb992ec000 	C:\pleiades\java\11\bin\server\jvm.dll
0x00007ffc2d940000 - 0x00007ffc2d9f0000 	C:\WINDOWS\System32\ADVAPI32.dll
0x00007ffc2f350000 - 0x00007ffc2f3f0000 	C:\WINDOWS\System32\sechost.dll
0x00007ffc2e560000 - 0x00007ffc2e683000 	C:\WINDOWS\System32\RPCRT4.dll
0x00007ffc2d030000 - 0x00007ffc2d057000 	C:\WINDOWS\System32\bcrypt.dll
0x00007ffc2e160000 - 0x00007ffc2e168000 	C:\WINDOWS\System32\PSAPI.DLL
0x00007ffc06f10000 - 0x00007ffc06f19000 	C:\WINDOWS\SYSTEM32\WSOCK32.dll
0x00007ffc11c80000 - 0x00007ffc11ca7000 	C:\WINDOWS\SYSTEM32\WINMM.dll
0x00007ffc25ee0000 - 0x00007ffc25eea000 	C:\WINDOWS\SYSTEM32\VERSION.dll
0x00007ffc2e240000 - 0x00007ffc2e2ab000 	C:\WINDOWS\System32\WS2_32.dll
0x00007ffc2b2c0000 - 0x00007ffc2b2d2000 	C:\WINDOWS\SYSTEM32\kernel.appcore.dll
0x00007ffc23fa0000 - 0x00007ffc23fb0000 	C:\pleiades\java\11\bin\verify.dll
0x00007ffc2a810000 - 0x00007ffc2a9f4000 	C:\WINDOWS\SYSTEM32\DBGHELP.DLL
0x00007ffc0d270000 - 0x00007ffc0d2a4000 	C:\WINDOWS\SYSTEM32\dbgcore.DLL
0x00007ffc2cb80000 - 0x00007ffc2cc02000 	C:\WINDOWS\System32\bcryptPrimitives.dll
0x00007ffc00f60000 - 0x00007ffc00f88000 	C:\pleiades\java\11\bin\java.dll
0x00007ffc0ef30000 - 0x00007ffc0ef46000 	C:\pleiades\java\11\bin\zip.dll
0x00007ffc17c10000 - 0x00007ffc17c1a000 	C:\pleiades\java\11\bin\jimage.dll
0x00007ffc2d9f0000 - 0x00007ffc2e15b000 	C:\WINDOWS\System32\SHELL32.dll
0x00007ffc2ab10000 - 0x00007ffc2b2ae000 	C:\WINDOWS\SYSTEM32\windows.storage.dll
0x00007ffc2d460000 - 0x00007ffc2d7b3000 	C:\WINDOWS\System32\combase.dll
0x00007ffc2c4a0000 - 0x00007ffc2c4ce000 	C:\WINDOWS\SYSTEM32\Wldp.dll
0x00007ffc2efa0000 - 0x00007ffc2f06d000 	C:\WINDOWS\System32\OLEAUT32.dll
0x00007ffc2f240000 - 0x00007ffc2f2ed000 	C:\WINDOWS\System32\SHCORE.dll
0x00007ffc2e2b0000 - 0x00007ffc2e305000 	C:\WINDOWS\System32\shlwapi.dll
0x00007ffc2ca10000 - 0x00007ffc2ca33000 	C:\WINDOWS\SYSTEM32\profapi.dll
0x00007ffc05e00000 - 0x00007ffc05e19000 	C:\pleiades\java\11\bin\net.dll
0x00007ffc21b10000 - 0x00007ffc21c1a000 	C:\WINDOWS\SYSTEM32\WINHTTP.dll
0x00007ffc2c1c0000 - 0x00007ffc2c22a000 	C:\WINDOWS\system32\mswsock.dll
0x00007ffc02db0000 - 0x00007ffc02dc2000 	C:\pleiades\java\11\bin\nio.dll
0x00007ffbff9f0000 - 0x00007ffbffb89000 	C:\pleiades\java\11\bin\awt.dll
0x00007ffc29ed0000 - 0x00007ffc29f60000 	C:\WINDOWS\SYSTEM32\apphelp.dll
0x00007ffc2a080000 - 0x00007ffc2a11e000 	C:\WINDOWS\system32\uxtheme.dll
0x00007ffc2e440000 - 0x00007ffc2e555000 	C:\WINDOWS\System32\MSCTF.dll
0x00007ffc2e310000 - 0x00007ffc2e43b000 	C:\WINDOWS\System32\ole32.dll
0x00007ffc2a280000 - 0x00007ffc2a2af000 	C:\WINDOWS\system32\DWMAPI.DLL
0x00007ffc04f60000 - 0x00007ffc05085000 	C:\WINDOWS\system32\opengl32.dll
0x00007ffc05890000 - 0x00007ffc058bc000 	C:\WINDOWS\SYSTEM32\GLU32.dll
0x00007ffc00140000 - 0x00007ffc001c2000 	C:\pleiades\java\11\bin\freetype.dll
0x00007ffbff580000 - 0x00007ffbff626000 	C:\pleiades\java\11\bin\fontmanager.dll

dbghelp: loaded successfully - version: 4.0.5 - missing functions: none
symbol engine: initialized successfully - sym options: 0x614 - pdb path: .;C:\pleiades\java\11\bin;C:\WINDOWS\SYSTEM32;C:\WINDOWS\WinSxS\amd64_microsoft.windows.common-controls_6595b64144ccf1df_6.0.19041.3636_none_60b6a03d71f818d5;C:\pleiades\java\11\bin\server

VM Arguments:
jvm_args: -Dfile.encoding=UTF-8 --module-path=C:\pleiades\workspace\DQcsv\bin -Djdk.module.main=dq_csv 
java_command: dq_csv/iwamih31.DQcsv.Main
java_class_path (initial): <not set>
Launcher Type: SUN_STANDARD

[Global flags]
     intx CICompilerCount                          = 4                                         {product} {ergonomic}
     uint ConcGCThreads                            = 2                                         {product} {ergonomic}
     uint G1ConcRefinementThreads                  = 8                                         {product} {ergonomic}
   size_t G1HeapRegionSize                         = 1048576                                   {product} {ergonomic}
    uintx GCDrainStackTargetSize                   = 64                                        {product} {ergonomic}
   size_t InitialHeapSize                          = 132120576                                 {product} {ergonomic}
   size_t MarkStackSize                            = 4194304                                   {product} {ergonomic}
   size_t MaxHeapSize                              = 2086666240                                {product} {ergonomic}
   size_t MaxNewSize                               = 1251999744                                {product} {ergonomic}
   size_t MinHeapDeltaBytes                        = 1048576                                   {product} {ergonomic}
    uintx NonNMethodCodeHeapSize                   = 5836300                                {pd product} {ergonomic}
    uintx NonProfiledCodeHeapSize                  = 122910970                              {pd product} {ergonomic}
    uintx ProfiledCodeHeapSize                     = 122910970                              {pd product} {ergonomic}
    uintx ReservedCodeCacheSize                    = 251658240                              {pd product} {ergonomic}
     bool SegmentedCodeCache                       = true                                      {product} {ergonomic}
     bool UseCompressedClassPointers               = true                                 {lp64_product} {ergonomic}
     bool UseCompressedOops                        = true                                 {lp64_product} {ergonomic}
     bool UseG1GC                                  = true                                      {product} {ergonomic}
     bool UseLargePagesIndividualAllocation        = false                                  {pd product} {ergonomic}

Logging:
Log output configuration:
 #0: stdout all=warning uptime,level,tags
 #1: stderr all=off uptime,level,tags

Environment Variables:
JAVA_HOME=C:\Program Files\Java\jdk-11.0.8
PATH=C:/pleiades/eclipse//jre/bin/server;C:/pleiades/eclipse//jre/bin;C:\Program Files\Eclipse Adoptium\jdk-17.0.7.7-hotspot\bin;C:\Program Files\Eclipse Adoptium\jre-11.0.14.101-hotspot\bin;C:\Program Files\Eclipse Adoptium\jdk-11.0.14.101-hotspot\bin;C:\Program Files\Common Files\Oracle\Java\javapath;C:\WINDOWS\system32;C:\WINDOWS;C:\WINDOWS\System32\Wbem;C:\WINDOWS\System32\WindowsPowerShell\v1.0\;C:\WINDOWS\System32\OpenSSH\;C:\Program Files (x86)\Common Files\Adobe\AGL;C:\Program Files\nodejs\;C:\ProgramData\ComposerSetup\bin;C:\xampp\mysql\bin;C:\maven\apache-maven-3.8.5\bin;C:\Program Files\dotnet\;C:\Program Files\TortoiseGit\bin;C:\Program Files\PostgreSQL\15\bin;C:\Program Files\Git\cmd;C:\Program Files\Docker\Docker\resources\bin;C:\Program Files\PowerShell\7\;C:\Users\iwami\AppData\Local\Programs\Python\Python312\Scripts\;C:\Users\iwami\AppData\Local\Programs\Python\Python312\;C:\Users\iwami\AppData\Local\Programs\Python\Launcher\;C:\Users\iwami\AppData\Local\Microsoft\WindowsApps;C:\Program Files\Java\jdk-11.0.8\bin;C:\Program Files\Java\db-derby-10.8.2.2-bin\bin;C:\Users\iwami\AppData\Local\Programs\Microsoft VS Code\bin;C:\Users\iwami\AppData\Local\atom\bin;C:\xampp\php;C:\Users\iwami\AppData\Local\ComposerSetup\bin;C:\Users\iwami\AppData\Roaming\Composer\vendor\bin;C:\Users\iwami\AppData\Roaming\npm;C:\Users\iwami\.dotnet\tools;C:\pleiades\eclipse;
USERNAME=iwami
OS=Windows_NT
PROCESSOR_IDENTIFIER=Intel64 Family 6 Model 126 Stepping 5, GenuineIntel



---------------  S Y S T E M  ---------------

OS: Windows 10 , 64 bit Build 19041 (10.0.19041.3636)
OS uptime: 3 days 3:16 hours
HyperV virtualization detected

CPU:total 8 (initial active 8) (4 cores per cpu, 2 threads per core) family 6 model 126 stepping 5, cmov, cx8, fxsr, mmx, sse, sse2, sse3, ssse3, sse4.1, sse4.2, popcnt, avx, avx2, aes, clmul, erms, 3dnowpref, lzcnt, ht, tsc, tscinvbit, bmi1, bmi2, adx, evex, sha, fma

Memory: 4k page, system-wide physical 7959M (903M free)
TotalPageFile size 14558M (AvailPageFile size 2271M)
current process WorkingSet (physical memory assigned to process): 65M, peak: 66M
current process commit charge ("private bytes"): 222M, peak: 225M

vm_info: OpenJDK 64-Bit Server VM (11.0.7+10) for windows-amd64 JRE (11.0.7+10), built on Apr 22 2020 11:46:09 by "" with MS VC++ 15.9 (VS2017)

END.
