#
# A fatal error has been detected by the Java Runtime Environment:
#
#  EXCEPTION_ACCESS_VIOLATION (0xc0000005) at pc=0x00007ffbffa7fa16, pid=22180, tid=14832
#
# JRE version: OpenJDK Runtime Environment (11.0.7+10) (build 11.0.7+10)
# Java VM: OpenJDK 64-Bit Server VM (11.0.7+10, mixed mode, tiered, compressed oops, g1 gc, windows-amd64)
# Problematic frame:
# C  [awt.dll+0x8fa16]
#
# No core dump will be written. Minidumps are not enabled by default on client versions of Windows
#
# If you would like to submit a bug report, please visit:
#   https://github.com/AdoptOpenJDK/openjdk-support/issues
# The crash happened outside the Java Virtual Machine in native code.
# See problematic frame for where to report the bug.
#

---------------  S U M M A R Y ------------

Command Line: -Dfile.encoding=UTF-8 --module-path=C:\pleiades\workspace\DQcsv\bin -Djdk.module.main=dq_csv dq_csv/iwamih31.DQcsv.Main

Host: Intel(R) Core(TM) i5-1035G1 CPU @ 1.00GHz, 8 cores, 7G,  Windows 10 , 64 bit Build 19041 (10.0.19041.3636)
Time: Mon Apr 22 12:57:20 2024 ìåãû (ïWèÄéû) elapsed time: 0 seconds (0d 0h 0m 0s)

---------------  T H R E A D  ---------------

Current thread (0x000001e4dd3e2000):  JavaThread "AWT-EventQueue-0" [_thread_in_native, id=14832, stack(0x000000c8c8200000,0x000000c8c8300000)]

Stack: [0x000000c8c8200000,0x000000c8c8300000],  sp=0x000000c8c82fcf60,  free space=1011k
Native frames: (J=compiled Java code, j=interpreted, Vv=VM code, C=native code)
C  [awt.dll+0x8fa16]

Java frames: (J=compiled Java code, j=interpreted, Vv=VM code)
j  sun.awt.windows.WComponentPeer._setFont(Ljava/awt/Font;)V+0 java.desktop@11.0.7
j  sun.awt.windows.WComponentPeer.setFont(Ljava/awt/Font;)V+7 java.desktop@11.0.7
j  sun.awt.windows.WWindowPeer.initialize()V+42 java.desktop@11.0.7
j  sun.awt.windows.WFramePeer.initialize()V+1 java.desktop@11.0.7
j  sun.awt.windows.WComponentPeer.<init>(Ljava/awt/Component;)V+83 java.desktop@11.0.7
j  sun.awt.windows.WCanvasPeer.<init>(Ljava/awt/Component;)V+2 java.desktop@11.0.7
j  sun.awt.windows.WPanelPeer.<init>(Ljava/awt/Component;)V+2 java.desktop@11.0.7
j  sun.awt.windows.WWindowPeer.<init>(Ljava/awt/Window;)V+2 java.desktop@11.0.7
j  sun.awt.windows.WFramePeer.<init>(Ljava/awt/Frame;)V+2 java.desktop@11.0.7
j  sun.awt.windows.WToolkit.createFrame(Ljava/awt/Frame;)Ljava/awt/peer/FramePeer;+5 java.desktop@11.0.7
j  java.awt.Frame.addNotify()V+20 java.desktop@11.0.7
j  java.awt.Window.show()V+8 java.desktop@11.0.7
j  java.awt.Component.show(Z)V+5 java.desktop@11.0.7
j  java.awt.Component.setVisible(Z)V+2 java.desktop@11.0.7
j  java.awt.Window.setVisible(Z)V+2 java.desktop@11.0.7
j  iwamih31.DQcsv.View.outer()V+183 dq_csv
j  iwamih31.DQcsv.View.start(Ljava/lang/String;)V+301 dq_csv
j  iwamih31.DQcsv.View.<init>(Ljava/lang/String;)V+7 dq_csv
j  iwamih31.DQcsv.Main$1.run()V+6 dq_csv
j  java.awt.event.InvocationEvent.dispatch()V+47 java.desktop@11.0.7
j  java.awt.EventQueue.dispatchEventImpl(Ljava/awt/AWTEvent;Ljava/lang/Object;)V+21 java.desktop@11.0.7
j  java.awt.EventQueue$4.run()Ljava/lang/Void;+32 java.desktop@11.0.7
j  java.awt.EventQueue$4.run()Ljava/lang/Object;+1 java.desktop@11.0.7
v  ~StubRoutines::call_stub
j  java.security.AccessController.doPrivileged(Ljava/security/PrivilegedAction;Ljava/security/AccessControlContext;)Ljava/lang/Object;+0 java.base@11.0.7
j  java.security.ProtectionDomain$JavaSecurityAccessImpl.doIntersectionPrivilege(Ljava/security/PrivilegedAction;Ljava/security/AccessControlContext;Ljava/security/AccessControlContext;)Ljava/lang/Object;+18 java.base@11.0.7
j  java.awt.EventQueue.dispatchEvent(Ljava/awt/AWTEvent;)V+46 java.desktop@11.0.7
j  java.awt.EventDispatchThread.pumpOneEventForFilters(I)V+78 java.desktop@11.0.7
j  java.awt.EventDispatchThread.pumpEventsForFilter(ILjava/awt/Conditional;Ljava/awt/EventFilter;)V+35 java.desktop@11.0.7
j  java.awt.EventDispatchThread.pumpEventsForHierarchy(ILjava/awt/Conditional;Ljava/awt/Component;)V+11 java.desktop@11.0.7
j  java.awt.EventDispatchThread.pumpEvents(ILjava/awt/Conditional;)V+4 java.desktop@11.0.7
j  java.awt.EventDispatchThread.pumpEvents(Ljava/awt/Conditional;)V+3 java.desktop@11.0.7
j  java.awt.EventDispatchThread.run()V+9 java.desktop@11.0.7
v  ~StubRoutines::call_stub

siginfo: EXCEPTION_ACCESS_VIOLATION (0xc0000005), reading address 0x0000000000000058


Register to memory mapping:

RIP=0x00007ffbffa7fa16 awt.dll
RAX=0x00007ffbffafb680 awt.dll
RBX=0x000001e4dd3e2340 points into unknown readable memory: 00 bc 1b 99 fb 7f 00 00
RCX=0x000001e4de3b9340 points into unknown readable memory: 80 b6 af ff fb 7f 00 00
RDX=0x0 is NULL
RSP=0x000000c8c82fcf60 is pointing into the stack for thread: 0x000001e4dd3e2000
RBP=0x0 is NULL
RSI=0x000001e4dd1e9638 is a global jni handle
RDI=0x000001e4dd1e9640 is a global jni handle
R8 =0x0000000000000004 is an unknown value
R9 =0x00000001000e6158 is a pointer to class: 
java.awt.Font {0x00000001000e6160}
R10=0x0000000000008000 is an unknown value
R11=0x000000c8c82fcf60 is pointing into the stack for thread: 0x000001e4dd3e2000
R12=0x0 is NULL
R13={method} {0x000001e4dca8ebe0} '_setFont' '(Ljava/awt/Font;)V' in 'sun/awt/windows/WComponentPeer'
R14=0x000001e4de3b9340 points into unknown readable memory: 80 b6 af ff fb 7f 00 00
R15=0x000001e4de3a6330 points into unknown readable memory: 38 96 1e dd e4 01 00 00


Registers:
RAX=0x00007ffbffafb680, RBX=0x000001e4dd3e2340, RCX=0x000001e4de3b9340, RDX=0x0000000000000000
RSP=0x000000c8c82fcf60, RBP=0x0000000000000000, RSI=0x000001e4dd1e9638, RDI=0x000001e4dd1e9640
R8 =0x0000000000000004, R9 =0x00000001000e6158, R10=0x0000000000008000, R11=0x000000c8c82fcf60
R12=0x0000000000000000, R13=0x000001e4dca8ebd8, R14=0x000001e4de3b9340, R15=0x000001e4de3a6330
RIP=0x00007ffbffa7fa16, EFLAGS=0x0000000000010206

Top of Stack: (sp=0x000000c8c82fcf60)
0x000000c8c82fcf60:   000001e4de3a6330 000001e4de3b9340
0x000000c8c82fcf70:   000001e4de3a6330 000001e4de3b9340
0x000000c8c82fcf80:   000001e4dd1e9640 00007ffbffa84921
0x000000c8c82fcf90:   000001e4dd3e2340 000001e4dd3e2340
0x000000c8c82fcfa0:   0000000000000000 000001e4dd1e9638
0x000000c8c82fcfb0:   000001e4dd3e2000 000000c8c82fd100
0x000000c8c82fcfc0:   000001e4de3a6330 00007ffbffabdbcb
0x000000c8c82fcfd0:   00007ffbffb41078 000000c8c82fd0d8
0x000000c8c82fcfe0:   00007ffbffa847f4 0000000000000000
0x000000c8c82fcff0:   fffffffffffffffe fffffffffffffffe
0x000000c8c82fd000:   000001e4dd1e9638 00007ffbffa85ae8
0x000000c8c82fd010:   000001e4dd1e9640 000000c8c82fd0f8
0x000000c8c82fd020:   000000c8c82fd0f8 00007ffbffb41078
0x000000c8c82fd030:   fffffffffffffffe 000001e4dd3e2000
0x000000c8c82fd040:   000000008b3795c8 000001e4c5aefd64
0x000000c8c82fd050:   000001e4dca8ebd8 00000000000001b8 

Instructions: (pc=0x00007ffbffa7fa16)
0x00007ffbffa7f916:   00 48 8b d9 e8 d9 dc ff ff 48 8b f8 48 85 c0 75
0x00007ffbffa7f926:   04 48 8b 7b 48 48 8b cf e8 50 19 05 00 48 8b d8
0x00007ffbffa7f936:   48 85 c0 74 60 83 64 24 20 00 0f 57 c0 83 64 24
0x00007ffbffa7f946:   34 00 b9 11 00 00 00 83 64 24 38 00 f3 0f 7f 44
0x00007ffbffa7f956:   24 24 ff 15 da d9 0b 00 4c 8d 44 24 40 ba 5c 00
0x00007ffbffa7f966:   00 00 48 8b c8 ff 15 7f dc 0b 00 83 f8 5c 75 0d
0x00007ffbffa7f976:   48 8d 54 24 40 48 8b cb e8 af 19 05 00 48 8d 54
0x00007ffbffa7f986:   24 20 48 8b cb e8 c6 19 05 00 48 8b d3 48 8b cf
0x00007ffbffa7f996:   e8 73 19 05 00 48 8b 8c 24 a0 00 00 00 48 33 cc
0x00007ffbffa7f9a6:   e8 a5 26 05 00 48 8b 9c 24 c8 00 00 00 48 81 c4
0x00007ffbffa7f9b6:   b0 00 00 00 5f c3 40 53 48 83 ec 20 48 8b d9 ff
0x00007ffbffa7f9c6:   15 bd e1 0b 00 48 85 c0 75 0a 48 8b 4b 48 ff 15
0x00007ffbffa7f9d6:   a6 e1 0b 00 48 83 c4 20 5b c3 4c 63 c2 48 8b 15
0x00007ffbffa7f9e6:   5e c5 0b 00 48 ff 25 37 e0 0b 00 cc cc cc 48 8b
0x00007ffbffa7f9f6:   d1 48 8b 0d 82 f5 0b 00 48 89 15 7b f5 0b 00 e9
0x00007ffbffa7fa06:   5a 67 04 00 cc cc 48 89 5c 24 08 57 48 83 ec 20
0x00007ffbffa7fa16:   83 7a 58 00 48 8b da 48 8b f9 7d 08 48 8b ca e8
0x00007ffbffa7fa26:   32 95 01 00 4c 8b 43 48 45 33 c9 48 8b 4f 48 4d
0x00007ffbffa7fa36:   8b 00 41 8d 51 30 ff 15 ae e2 0b 00 48 8b 4f 48
0x00007ffbffa7fa46:   33 d2 44 8d 42 01 48 8b 5c 24 30 48 83 c4 20 5f
0x00007ffbffa7fa56:   48 ff 25 4b e1 0b 00 cc cc cc 48 8b c4 48 89 58
0x00007ffbffa7fa66:   08 48 89 68 10 48 89 70 18 48 89 78 20 41 56 48
0x00007ffbffa7fa76:   83 ec 20 4c 8b f2 48 8b f9 48 8b 0d f2 13 0c 00
0x00007ffbffa7fa86:   ba 02 00 01 00 41 8b e8 e8 c0 24 05 00 48 8b 97
0x00007ffbffa7fa96:   c0 00 00 00 33 db 48 8b f0 48 85 d2 74 0d 4c 8b
0x00007ffbffa7faa6:   08 48 8b c8 41 ff 91 b0 00 00 00 4d 85 f6 74 14
0x00007ffbffa7fab6:   48 8b 06 49 8b d6 48 8b ce ff 90 a8 00 00 00 48
0x00007ffbffa7fac6:   8b d8 eb 05 bd 01 00 00 00 48 89 9f c0 00 00 00
0x00007ffbffa7fad6:   89 af c8 00 00 00 48 8b 5c 24 30 48 8b 6c 24 38
0x00007ffbffa7fae6:   48 8b 74 24 40 48 8b 7c 24 48 48 83 c4 20 41 5e
0x00007ffbffa7faf6:   c3 cc 48 89 5c 24 08 48 89 6c 24 10 48 89 74 24
0x00007ffbffa7fb06:   18 57 48 83 ec 20 33 db 48 8b f9 48 85 c9 75 09 


Stack slot to memory mapping:
stack at sp + 0 slots: 0x000001e4de3a6330 points into unknown readable memory: 38 96 1e dd e4 01 00 00
stack at sp + 1 slots: 0x000001e4de3b9340 points into unknown readable memory: 80 b6 af ff fb 7f 00 00
stack at sp + 2 slots: 0x000001e4de3a6330 points into unknown readable memory: 38 96 1e dd e4 01 00 00
stack at sp + 3 slots: 0x000001e4de3b9340 points into unknown readable memory: 80 b6 af ff fb 7f 00 00
stack at sp + 4 slots: 0x000001e4dd1e9640 is a global jni handle
stack at sp + 5 slots: 0x00007ffbffa84921 awt.dll
stack at sp + 6 slots: 0x000001e4dd3e2340 points into unknown readable memory: 00 bc 1b 99 fb 7f 00 00
stack at sp + 7 slots: 0x000001e4dd3e2340 points into unknown readable memory: 00 bc 1b 99 fb 7f 00 00


---------------  P R O C E S S  ---------------

Threads class SMR info:
_java_thread_list=0x000001e4dd17b830, length=15, elements={
0x000001e4dc26d000, 0x000001e4dc276800, 0x000001e4dcb83000, 0x000001e4dc290000,
0x000001e4dc293000, 0x000001e4dcb8c000, 0x000001e4dcb95000, 0x000001e4dc205000,
0x000001e4dce2b800, 0x000001e4dcfe5800, 0x000001e4dcd6e800, 0x000001e4dcf85800,
0x000001e4dcf86800, 0x000001e4dd3e2000, 0x000001e4bd470000
}

Java Threads: ( => current thread )
  0x000001e4dc26d000 JavaThread "Reference Handler" daemon [_thread_blocked, id=6892, stack(0x000000c8c7400000,0x000000c8c7500000)]
  0x000001e4dc276800 JavaThread "Finalizer" daemon [_thread_blocked, id=25324, stack(0x000000c8c7500000,0x000000c8c7600000)]
  0x000001e4dcb83000 JavaThread "Signal Dispatcher" daemon [_thread_blocked, id=20612, stack(0x000000c8c7600000,0x000000c8c7700000)]
  0x000001e4dc290000 JavaThread "Attach Listener" daemon [_thread_blocked, id=8424, stack(0x000000c8c7700000,0x000000c8c7800000)]
  0x000001e4dc293000 JavaThread "C2 CompilerThread0" daemon [_thread_in_native, id=13780, stack(0x000000c8c7800000,0x000000c8c7900000)]
  0x000001e4dcb8c000 JavaThread "C1 CompilerThread0" daemon [_thread_in_native, id=14236, stack(0x000000c8c7900000,0x000000c8c7a00000)]
  0x000001e4dcb95000 JavaThread "Sweeper thread" daemon [_thread_blocked, id=20160, stack(0x000000c8c7a00000,0x000000c8c7b00000)]
  0x000001e4dc205000 JavaThread "Common-Cleaner" daemon [_thread_blocked, id=12484, stack(0x000000c8c7b00000,0x000000c8c7c00000)]
  0x000001e4dce2b800 JavaThread "Service Thread" daemon [_thread_blocked, id=21540, stack(0x000000c8c7c00000,0x000000c8c7d00000)]
  0x000001e4dcfe5800 JavaThread "C2 CompilerThread1" daemon [_thread_in_native, id=20472, stack(0x000000c8c7e00000,0x000000c8c7f00000)]
  0x000001e4dcd6e800 JavaThread "Java2D Disposer" daemon [_thread_blocked, id=7808, stack(0x000000c8c7f00000,0x000000c8c8000000)]
  0x000001e4dcf85800 JavaThread "AWT-Shutdown" [_thread_blocked, id=20832, stack(0x000000c8c8000000,0x000000c8c8100000)]
  0x000001e4dcf86800 JavaThread "AWT-Windows" daemon [_thread_in_native, id=452, stack(0x000000c8c8100000,0x000000c8c8200000)]
=>0x000001e4dd3e2000 JavaThread "AWT-EventQueue-0" [_thread_in_native, id=14832, stack(0x000000c8c8200000,0x000000c8c8300000)]
  0x000001e4bd470000 JavaThread "DestroyJavaVM" [_thread_blocked, id=24296, stack(0x000000c8c6d00000,0x000000c8c6e00000)]

Other Threads:
  0x000001e4dc24b800 VMThread "VM Thread" [stack: 0x000000c8c7300000,0x000000c8c7400000] [id=21092]
  0x000001e4dce36800 WatcherThread [stack: 0x000000c8c7d00000,0x000000c8c7e00000] [id=20388]
  0x000001e4bd487000 GCTaskThread "GC Thread#0" [stack: 0x000000c8c6e00000,0x000000c8c6f00000] [id=1068]
  0x000001e4bd4b9800 ConcurrentGCThread "G1 Main Marker" [stack: 0x000000c8c6f00000,0x000000c8c7000000] [id=3552]
  0x000001e4bd4bb000 ConcurrentGCThread "G1 Conc#0" [stack: 0x000000c8c7000000,0x000000c8c7100000] [id=9676]
  0x000001e4dc0b0800 ConcurrentGCThread "G1 Refine#0" [stack: 0x000000c8c7100000,0x000000c8c7200000] [id=1556]
  0x000001e4dc0b1800 ConcurrentGCThread "G1 Young RemSet Sampling" [stack: 0x000000c8c7200000,0x000000c8c7300000] [id=27508]

Threads with active compile tasks:
C2 CompilerThread0    553  863       4       java.lang.String::substring (58 bytes)
C1 CompilerThread0    553  877       3       java.util.Properties::saveConvert (434 bytes)
C2 CompilerThread1    553  857       4       java.util.HashMap::put (13 bytes)

VM state:not at safepoint (normal execution)

VM Mutex/Monitor currently owned by a thread: None

Heap address: 0x0000000083a00000, size: 1990 MB, Compressed Oops mode: 32-bit
Narrow klass base: 0x0000000000000000, Narrow klass shift: 3
Compressed class space size: 1073741824 Address: 0x0000000100000000

Heap:
 garbage-first heap   total 129024K, used 11264K [0x0000000083a00000, 0x0000000100000000)
  region size 1024K, 12 young (12288K), 0 survivors (0K)
 Metaspace       used 14398K, capacity 14783K, committed 14848K, reserved 1062912K
  class space    used 1541K, capacity 1732K, committed 1792K, reserved 1048576K
Heap Regions: E=young(eden), S=young(survivor), O=old, HS=humongous(starts), HC=humongous(continues), CS=collection set, F=free, A=archive, TAMS=top-at-mark-start (previous, next)
|   0|0x0000000083a00000, 0x0000000083a00000, 0x0000000083b00000|  0%| F|  |TAMS 0x0000000083a00000, 0x0000000083a00000| Untracked 
|   1|0x0000000083b00000, 0x0000000083b00000, 0x0000000083c00000|  0%| F|  |TAMS 0x0000000083b00000, 0x0000000083b00000| Untracked 
|   2|0x0000000083c00000, 0x0000000083c00000, 0x0000000083d00000|  0%| F|  |TAMS 0x0000000083c00000, 0x0000000083c00000| Untracked 
|   3|0x0000000083d00000, 0x0000000083d00000, 0x0000000083e00000|  0%| F|  |TAMS 0x0000000083d00000, 0x0000000083d00000| Untracked 
|   4|0x0000000083e00000, 0x0000000083e00000, 0x0000000083f00000|  0%| F|  |TAMS 0x0000000083e00000, 0x0000000083e00000| Untracked 
|   5|0x0000000083f00000, 0x0000000083f00000, 0x0000000084000000|  0%| F|  |TAMS 0x0000000083f00000, 0x0000000083f00000| Untracked 
|   6|0x0000000084000000, 0x0000000084000000, 0x0000000084100000|  0%| F|  |TAMS 0x0000000084000000, 0x0000000084000000| Untracked 
|   7|0x0000000084100000, 0x0000000084100000, 0x0000000084200000|  0%| F|  |TAMS 0x0000000084100000, 0x0000000084100000| Untracked 
|   8|0x0000000084200000, 0x0000000084200000, 0x0000000084300000|  0%| F|  |TAMS 0x0000000084200000, 0x0000000084200000| Untracked 
|   9|0x0000000084300000, 0x0000000084300000, 0x0000000084400000|  0%| F|  |TAMS 0x0000000084300000, 0x0000000084300000| Untracked 
|  10|0x0000000084400000, 0x0000000084400000, 0x0000000084500000|  0%| F|  |TAMS 0x0000000084400000, 0x0000000084400000| Untracked 
|  11|0x0000000084500000, 0x0000000084500000, 0x0000000084600000|  0%| F|  |TAMS 0x0000000084500000, 0x0000000084500000| Untracked 
|  12|0x0000000084600000, 0x0000000084600000, 0x0000000084700000|  0%| F|  |TAMS 0x0000000084600000, 0x0000000084600000| Untracked 
|  13|0x0000000084700000, 0x0000000084700000, 0x0000000084800000|  0%| F|  |TAMS 0x0000000084700000, 0x0000000084700000| Untracked 
|  14|0x0000000084800000, 0x0000000084800000, 0x0000000084900000|  0%| F|  |TAMS 0x0000000084800000, 0x0000000084800000| Untracked 
|  15|0x0000000084900000, 0x0000000084900000, 0x0000000084a00000|  0%| F|  |TAMS 0x0000000084900000, 0x0000000084900000| Untracked 
|  16|0x0000000084a00000, 0x0000000084a00000, 0x0000000084b00000|  0%| F|  |TAMS 0x0000000084a00000, 0x0000000084a00000| Untracked 
|  17|0x0000000084b00000, 0x0000000084b00000, 0x0000000084c00000|  0%| F|  |TAMS 0x0000000084b00000, 0x0000000084b00000| Untracked 
|  18|0x0000000084c00000, 0x0000000084c00000, 0x0000000084d00000|  0%| F|  |TAMS 0x0000000084c00000, 0x0000000084c00000| Untracked 
|  19|0x0000000084d00000, 0x0000000084d00000, 0x0000000084e00000|  0%| F|  |TAMS 0x0000000084d00000, 0x0000000084d00000| Untracked 
|  20|0x0000000084e00000, 0x0000000084e00000, 0x0000000084f00000|  0%| F|  |TAMS 0x0000000084e00000, 0x0000000084e00000| Untracked 
|  21|0x0000000084f00000, 0x0000000084f00000, 0x0000000085000000|  0%| F|  |TAMS 0x0000000084f00000, 0x0000000084f00000| Untracked 
|  22|0x0000000085000000, 0x0000000085000000, 0x0000000085100000|  0%| F|  |TAMS 0x0000000085000000, 0x0000000085000000| Untracked 
|  23|0x0000000085100000, 0x0000000085100000, 0x0000000085200000|  0%| F|  |TAMS 0x0000000085100000, 0x0000000085100000| Untracked 
|  24|0x0000000085200000, 0x0000000085200000, 0x0000000085300000|  0%| F|  |TAMS 0x0000000085200000, 0x0000000085200000| Untracked 
|  25|0x0000000085300000, 0x0000000085300000, 0x0000000085400000|  0%| F|  |TAMS 0x0000000085300000, 0x0000000085300000| Untracked 
|  26|0x0000000085400000, 0x0000000085400000, 0x0000000085500000|  0%| F|  |TAMS 0x0000000085400000, 0x0000000085400000| Untracked 
|  27|0x0000000085500000, 0x0000000085500000, 0x0000000085600000|  0%| F|  |TAMS 0x0000000085500000, 0x0000000085500000| Untracked 
|  28|0x0000000085600000, 0x0000000085600000, 0x0000000085700000|  0%| F|  |TAMS 0x0000000085600000, 0x0000000085600000| Untracked 
|  29|0x0000000085700000, 0x0000000085700000, 0x0000000085800000|  0%| F|  |TAMS 0x0000000085700000, 0x0000000085700000| Untracked 
|  30|0x0000000085800000, 0x0000000085800000, 0x0000000085900000|  0%| F|  |TAMS 0x0000000085800000, 0x0000000085800000| Untracked 
|  31|0x0000000085900000, 0x0000000085900000, 0x0000000085a00000|  0%| F|  |TAMS 0x0000000085900000, 0x0000000085900000| Untracked 
|  32|0x0000000085a00000, 0x0000000085a00000, 0x0000000085b00000|  0%| F|  |TAMS 0x0000000085a00000, 0x0000000085a00000| Untracked 
|  33|0x0000000085b00000, 0x0000000085b00000, 0x0000000085c00000|  0%| F|  |TAMS 0x0000000085b00000, 0x0000000085b00000| Untracked 
|  34|0x0000000085c00000, 0x0000000085c00000, 0x0000000085d00000|  0%| F|  |TAMS 0x0000000085c00000, 0x0000000085c00000| Untracked 
|  35|0x0000000085d00000, 0x0000000085d00000, 0x0000000085e00000|  0%| F|  |TAMS 0x0000000085d00000, 0x0000000085d00000| Untracked 
|  36|0x0000000085e00000, 0x0000000085e00000, 0x0000000085f00000|  0%| F|  |TAMS 0x0000000085e00000, 0x0000000085e00000| Untracked 
|  37|0x0000000085f00000, 0x0000000085f00000, 0x0000000086000000|  0%| F|  |TAMS 0x0000000085f00000, 0x0000000085f00000| Untracked 
|  38|0x0000000086000000, 0x0000000086000000, 0x0000000086100000|  0%| F|  |TAMS 0x0000000086000000, 0x0000000086000000| Untracked 
|  39|0x0000000086100000, 0x0000000086100000, 0x0000000086200000|  0%| F|  |TAMS 0x0000000086100000, 0x0000000086100000| Untracked 
|  40|0x0000000086200000, 0x0000000086200000, 0x0000000086300000|  0%| F|  |TAMS 0x0000000086200000, 0x0000000086200000| Untracked 
|  41|0x0000000086300000, 0x0000000086300000, 0x0000000086400000|  0%| F|  |TAMS 0x0000000086300000, 0x0000000086300000| Untracked 
|  42|0x0000000086400000, 0x0000000086400000, 0x0000000086500000|  0%| F|  |TAMS 0x0000000086400000, 0x0000000086400000| Untracked 
|  43|0x0000000086500000, 0x0000000086500000, 0x0000000086600000|  0%| F|  |TAMS 0x0000000086500000, 0x0000000086500000| Untracked 
|  44|0x0000000086600000, 0x0000000086600000, 0x0000000086700000|  0%| F|  |TAMS 0x0000000086600000, 0x0000000086600000| Untracked 
|  45|0x0000000086700000, 0x0000000086700000, 0x0000000086800000|  0%| F|  |TAMS 0x0000000086700000, 0x0000000086700000| Untracked 
|  46|0x0000000086800000, 0x0000000086800000, 0x0000000086900000|  0%| F|  |TAMS 0x0000000086800000, 0x0000000086800000| Untracked 
|  47|0x0000000086900000, 0x0000000086900000, 0x0000000086a00000|  0%| F|  |TAMS 0x0000000086900000, 0x0000000086900000| Untracked 
|  48|0x0000000086a00000, 0x0000000086a00000, 0x0000000086b00000|  0%| F|  |TAMS 0x0000000086a00000, 0x0000000086a00000| Untracked 
|  49|0x0000000086b00000, 0x0000000086b00000, 0x0000000086c00000|  0%| F|  |TAMS 0x0000000086b00000, 0x0000000086b00000| Untracked 
|  50|0x0000000086c00000, 0x0000000086c00000, 0x0000000086d00000|  0%| F|  |TAMS 0x0000000086c00000, 0x0000000086c00000| Untracked 
|  51|0x0000000086d00000, 0x0000000086d00000, 0x0000000086e00000|  0%| F|  |TAMS 0x0000000086d00000, 0x0000000086d00000| Untracked 
|  52|0x0000000086e00000, 0x0000000086e00000, 0x0000000086f00000|  0%| F|  |TAMS 0x0000000086e00000, 0x0000000086e00000| Untracked 
|  53|0x0000000086f00000, 0x0000000086f00000, 0x0000000087000000|  0%| F|  |TAMS 0x0000000086f00000, 0x0000000086f00000| Untracked 
|  54|0x0000000087000000, 0x0000000087000000, 0x0000000087100000|  0%| F|  |TAMS 0x0000000087000000, 0x0000000087000000| Untracked 
|  55|0x0000000087100000, 0x0000000087100000, 0x0000000087200000|  0%| F|  |TAMS 0x0000000087100000, 0x0000000087100000| Untracked 
|  56|0x0000000087200000, 0x0000000087200000, 0x0000000087300000|  0%| F|  |TAMS 0x0000000087200000, 0x0000000087200000| Untracked 
|  57|0x0000000087300000, 0x0000000087300000, 0x0000000087400000|  0%| F|  |TAMS 0x0000000087300000, 0x0000000087300000| Untracked 
|  58|0x0000000087400000, 0x0000000087400000, 0x0000000087500000|  0%| F|  |TAMS 0x0000000087400000, 0x0000000087400000| Untracked 
|  59|0x0000000087500000, 0x0000000087500000, 0x0000000087600000|  0%| F|  |TAMS 0x0000000087500000, 0x0000000087500000| Untracked 
|  60|0x0000000087600000, 0x0000000087600000, 0x0000000087700000|  0%| F|  |TAMS 0x0000000087600000, 0x0000000087600000| Untracked 
|  61|0x0000000087700000, 0x0000000087700000, 0x0000000087800000|  0%| F|  |TAMS 0x0000000087700000, 0x0000000087700000| Untracked 
|  62|0x0000000087800000, 0x0000000087800000, 0x0000000087900000|  0%| F|  |TAMS 0x0000000087800000, 0x0000000087800000| Untracked 
|  63|0x0000000087900000, 0x0000000087900000, 0x0000000087a00000|  0%| F|  |TAMS 0x0000000087900000, 0x0000000087900000| Untracked 
|  64|0x0000000087a00000, 0x0000000087a00000, 0x0000000087b00000|  0%| F|  |TAMS 0x0000000087a00000, 0x0000000087a00000| Untracked 
|  65|0x0000000087b00000, 0x0000000087b00000, 0x0000000087c00000|  0%| F|  |TAMS 0x0000000087b00000, 0x0000000087b00000| Untracked 
|  66|0x0000000087c00000, 0x0000000087c00000, 0x0000000087d00000|  0%| F|  |TAMS 0x0000000087c00000, 0x0000000087c00000| Untracked 
|  67|0x0000000087d00000, 0x0000000087d00000, 0x0000000087e00000|  0%| F|  |TAMS 0x0000000087d00000, 0x0000000087d00000| Untracked 
|  68|0x0000000087e00000, 0x0000000087e00000, 0x0000000087f00000|  0%| F|  |TAMS 0x0000000087e00000, 0x0000000087e00000| Untracked 
|  69|0x0000000087f00000, 0x0000000087f00000, 0x0000000088000000|  0%| F|  |TAMS 0x0000000087f00000, 0x0000000087f00000| Untracked 
|  70|0x0000000088000000, 0x0000000088000000, 0x0000000088100000|  0%| F|  |TAMS 0x0000000088000000, 0x0000000088000000| Untracked 
|  71|0x0000000088100000, 0x0000000088100000, 0x0000000088200000|  0%| F|  |TAMS 0x0000000088100000, 0x0000000088100000| Untracked 
|  72|0x0000000088200000, 0x0000000088200000, 0x0000000088300000|  0%| F|  |TAMS 0x0000000088200000, 0x0000000088200000| Untracked 
|  73|0x0000000088300000, 0x0000000088300000, 0x0000000088400000|  0%| F|  |TAMS 0x0000000088300000, 0x0000000088300000| Untracked 
|  74|0x0000000088400000, 0x0000000088400000, 0x0000000088500000|  0%| F|  |TAMS 0x0000000088400000, 0x0000000088400000| Untracked 
|  75|0x0000000088500000, 0x0000000088500000, 0x0000000088600000|  0%| F|  |TAMS 0x0000000088500000, 0x0000000088500000| Untracked 
|  76|0x0000000088600000, 0x0000000088600000, 0x0000000088700000|  0%| F|  |TAMS 0x0000000088600000, 0x0000000088600000| Untracked 
|  77|0x0000000088700000, 0x0000000088700000, 0x0000000088800000|  0%| F|  |TAMS 0x0000000088700000, 0x0000000088700000| Untracked 
|  78|0x0000000088800000, 0x0000000088800000, 0x0000000088900000|  0%| F|  |TAMS 0x0000000088800000, 0x0000000088800000| Untracked 
|  79|0x0000000088900000, 0x0000000088900000, 0x0000000088a00000|  0%| F|  |TAMS 0x0000000088900000, 0x0000000088900000| Untracked 
|  80|0x0000000088a00000, 0x0000000088a00000, 0x0000000088b00000|  0%| F|  |TAMS 0x0000000088a00000, 0x0000000088a00000| Untracked 
|  81|0x0000000088b00000, 0x0000000088b00000, 0x0000000088c00000|  0%| F|  |TAMS 0x0000000088b00000, 0x0000000088b00000| Untracked 
|  82|0x0000000088c00000, 0x0000000088c00000, 0x0000000088d00000|  0%| F|  |TAMS 0x0000000088c00000, 0x0000000088c00000| Untracked 
|  83|0x0000000088d00000, 0x0000000088d00000, 0x0000000088e00000|  0%| F|  |TAMS 0x0000000088d00000, 0x0000000088d00000| Untracked 
|  84|0x0000000088e00000, 0x0000000088e00000, 0x0000000088f00000|  0%| F|  |TAMS 0x0000000088e00000, 0x0000000088e00000| Untracked 
|  85|0x0000000088f00000, 0x0000000088f00000, 0x0000000089000000|  0%| F|  |TAMS 0x0000000088f00000, 0x0000000088f00000| Untracked 
|  86|0x0000000089000000, 0x0000000089000000, 0x0000000089100000|  0%| F|  |TAMS 0x0000000089000000, 0x0000000089000000| Untracked 
|  87|0x0000000089100000, 0x0000000089100000, 0x0000000089200000|  0%| F|  |TAMS 0x0000000089100000, 0x0000000089100000| Untracked 
|  88|0x0000000089200000, 0x0000000089200000, 0x0000000089300000|  0%| F|  |TAMS 0x0000000089200000, 0x0000000089200000| Untracked 
|  89|0x0000000089300000, 0x0000000089300000, 0x0000000089400000|  0%| F|  |TAMS 0x0000000089300000, 0x0000000089300000| Untracked 
|  90|0x0000000089400000, 0x0000000089400000, 0x0000000089500000|  0%| F|  |TAMS 0x0000000089400000, 0x0000000089400000| Untracked 
|  91|0x0000000089500000, 0x0000000089500000, 0x0000000089600000|  0%| F|  |TAMS 0x0000000089500000, 0x0000000089500000| Untracked 
|  92|0x0000000089600000, 0x0000000089600000, 0x0000000089700000|  0%| F|  |TAMS 0x0000000089600000, 0x0000000089600000| Untracked 
|  93|0x0000000089700000, 0x0000000089700000, 0x0000000089800000|  0%| F|  |TAMS 0x0000000089700000, 0x0000000089700000| Untracked 
|  94|0x0000000089800000, 0x0000000089800000, 0x0000000089900000|  0%| F|  |TAMS 0x0000000089800000, 0x0000000089800000| Untracked 
|  95|0x0000000089900000, 0x0000000089900000, 0x0000000089a00000|  0%| F|  |TAMS 0x0000000089900000, 0x0000000089900000| Untracked 
|  96|0x0000000089a00000, 0x0000000089a00000, 0x0000000089b00000|  0%| F|  |TAMS 0x0000000089a00000, 0x0000000089a00000| Untracked 
|  97|0x0000000089b00000, 0x0000000089b00000, 0x0000000089c00000|  0%| F|  |TAMS 0x0000000089b00000, 0x0000000089b00000| Untracked 
|  98|0x0000000089c00000, 0x0000000089c00000, 0x0000000089d00000|  0%| F|  |TAMS 0x0000000089c00000, 0x0000000089c00000| Untracked 
|  99|0x0000000089d00000, 0x0000000089d00000, 0x0000000089e00000|  0%| F|  |TAMS 0x0000000089d00000, 0x0000000089d00000| Untracked 
| 100|0x0000000089e00000, 0x0000000089e00000, 0x0000000089f00000|  0%| F|  |TAMS 0x0000000089e00000, 0x0000000089e00000| Untracked 
| 101|0x0000000089f00000, 0x0000000089f00000, 0x000000008a000000|  0%| F|  |TAMS 0x0000000089f00000, 0x0000000089f00000| Untracked 
| 102|0x000000008a000000, 0x000000008a000000, 0x000000008a100000|  0%| F|  |TAMS 0x000000008a000000, 0x000000008a000000| Untracked 
| 103|0x000000008a100000, 0x000000008a100000, 0x000000008a200000|  0%| F|  |TAMS 0x000000008a100000, 0x000000008a100000| Untracked 
| 104|0x000000008a200000, 0x000000008a200000, 0x000000008a300000|  0%| F|  |TAMS 0x000000008a200000, 0x000000008a200000| Untracked 
| 105|0x000000008a300000, 0x000000008a300000, 0x000000008a400000|  0%| F|  |TAMS 0x000000008a300000, 0x000000008a300000| Untracked 
| 106|0x000000008a400000, 0x000000008a400000, 0x000000008a500000|  0%| F|  |TAMS 0x000000008a400000, 0x000000008a400000| Untracked 
| 107|0x000000008a500000, 0x000000008a500000, 0x000000008a600000|  0%| F|  |TAMS 0x000000008a500000, 0x000000008a500000| Untracked 
| 108|0x000000008a600000, 0x000000008a600000, 0x000000008a700000|  0%| F|  |TAMS 0x000000008a600000, 0x000000008a600000| Untracked 
| 109|0x000000008a700000, 0x000000008a700000, 0x000000008a800000|  0%| F|  |TAMS 0x000000008a700000, 0x000000008a700000| Untracked 
| 110|0x000000008a800000, 0x000000008a800000, 0x000000008a900000|  0%| F|  |TAMS 0x000000008a800000, 0x000000008a800000| Untracked 
| 111|0x000000008a900000, 0x000000008a900000, 0x000000008aa00000|  0%| F|  |TAMS 0x000000008a900000, 0x000000008a900000| Untracked 
| 112|0x000000008aa00000, 0x000000008aa00000, 0x000000008ab00000|  0%| F|  |TAMS 0x000000008aa00000, 0x000000008aa00000| Untracked 
| 113|0x000000008ab00000, 0x000000008ab00000, 0x000000008ac00000|  0%| F|  |TAMS 0x000000008ab00000, 0x000000008ab00000| Untracked 
| 114|0x000000008ac00000, 0x000000008acfcc50, 0x000000008ad00000| 98%| E|  |TAMS 0x000000008ac00000, 0x000000008ac00000| Complete 
| 115|0x000000008ad00000, 0x000000008ae00000, 0x000000008ae00000|100%| E|CS|TAMS 0x000000008ad00000, 0x000000008ad00000| Complete 
| 116|0x000000008ae00000, 0x000000008af00000, 0x000000008af00000|100%| E|CS|TAMS 0x000000008ae00000, 0x000000008ae00000| Complete 
| 117|0x000000008af00000, 0x000000008b000000, 0x000000008b000000|100%| E|CS|TAMS 0x000000008af00000, 0x000000008af00000| Complete 
| 118|0x000000008b000000, 0x000000008b100000, 0x000000008b100000|100%| E|CS|TAMS 0x000000008b000000, 0x000000008b000000| Complete 
| 119|0x000000008b100000, 0x000000008b200000, 0x000000008b200000|100%| E|CS|TAMS 0x000000008b100000, 0x000000008b100000| Complete 
| 120|0x000000008b200000, 0x000000008b300000, 0x000000008b300000|100%| E|CS|TAMS 0x000000008b200000, 0x000000008b200000| Complete 
| 121|0x000000008b300000, 0x000000008b400000, 0x000000008b400000|100%| E|CS|TAMS 0x000000008b300000, 0x000000008b300000| Complete 
| 122|0x000000008b400000, 0x000000008b500000, 0x000000008b500000|100%| E|CS|TAMS 0x000000008b400000, 0x000000008b400000| Complete 
| 123|0x000000008b500000, 0x000000008b600000, 0x000000008b600000|100%| E|CS|TAMS 0x000000008b500000, 0x000000008b500000| Complete 
| 124|0x000000008b600000, 0x000000008b700000, 0x000000008b700000|100%| E|CS|TAMS 0x000000008b600000, 0x000000008b600000| Complete 
| 125|0x000000008b700000, 0x000000008b800000, 0x000000008b800000|100%| E|CS|TAMS 0x000000008b700000, 0x000000008b700000| Complete 

Card table byte_map: [0x000001e4d5200000,0x000001e4d55f0000] _byte_map_base: 0x000001e4d4de3000

Marking Bits (Prev, Next): (CMBitMap*) 0x000001e4bd4b0f58, (CMBitMap*) 0x000001e4bd4b0f90
 Prev Bits: [0x000001e4d59e0000, 0x000001e4d78f8000)
 Next Bits: [0x000001e4d7900000, 0x000001e4d9818000)

Polling page: 0x000001e4bb440000

Metaspace:

Usage:
  Non-class:     12.75 MB capacity,    12.56 MB ( 99%) used,   151.23 KB (  1%) free+waste,    42.63 KB ( <1%) overhead. 
      Class:      1.69 MB capacity,     1.51 MB ( 89%) used,   167.01 KB ( 10%) free+waste,    23.69 KB (  1%) overhead. 
       Both:     14.44 MB capacity,    14.06 MB ( 97%) used,   318.24 KB (  2%) free+waste,    66.31 KB ( <1%) overhead. 

Virtual space:
  Non-class space:       14.00 MB reserved,      12.75 MB ( 91%) committed 
      Class space:        1.00 GB reserved,       1.75 MB ( <1%) committed 
             Both:        1.01 GB reserved,      14.50 MB (  1%) committed 

Chunk freelists:
   Non-Class:  5.00 KB
       Class:  0 bytes
        Both:  5.00 KB

MaxMetaspaceSize: 17179869184.00 GB
CompressedClassSpaceSize: 1.00 GB

CodeHeap 'non-profiled nmethods': size=120000Kb used=305Kb max_used=305Kb free=119694Kb
 bounds [0x000001e4cd5b0000, 0x000001e4cd820000, 0x000001e4d4ae0000]
CodeHeap 'profiled nmethods': size=120000Kb used=1533Kb max_used=1533Kb free=118466Kb
 bounds [0x000001e4c6080000, 0x000001e4c62f0000, 0x000001e4cd5b0000]
CodeHeap 'non-nmethods': size=5760Kb used=1186Kb max_used=1201Kb free=4573Kb
 bounds [0x000001e4c5ae0000, 0x000001e4c5d50000, 0x000001e4c6080000]
 total_blobs=1831 nmethods=875 adapters=435
 compilation: enabled
              stopped_count=0, restarted_count=0
 full_count=0

Compilation events (20 events):
Event: 0.502 Thread 0x000001e4dcb8c000  821       3       java.lang.invoke.DirectMethodHandle::make (21 bytes)
Event: 0.502 Thread 0x000001e4dcb8c000 nmethod 821 0x000001e4c61def90 code [0x000001e4c61df160, 0x000001e4c61df3b0]
Event: 0.502 Thread 0x000001e4dcb8c000  822       3       java.lang.invoke.MethodHandles$Lookup::checkField (56 bytes)
Event: 0.502 Thread 0x000001e4dcb8c000 nmethod 822 0x000001e4c61df490 code [0x000001e4c61df6a0, 0x000001e4c61dfb80]
Event: 0.502 Thread 0x000001e4dcb8c000  823       3       java.lang.invoke.MethodHandles$Lookup::restrictProtectedReceiver (51 bytes)
Event: 0.503 Thread 0x000001e4dcfe5800  828       4       java.lang.invoke.MethodType::makeImpl (108 bytes)
Event: 0.503 Thread 0x000001e4dcb8c000 nmethod 823 0x000001e4c61dfd10 code [0x000001e4c61dffc0, 0x000001e4c61e0b90]
Event: 0.503 Thread 0x000001e4dcb8c000  825       3       java.lang.invoke.ClassSpecializer::classBCName (33 bytes)
Event: 0.503 Thread 0x000001e4dcb8c000 nmethod 825 0x000001e4c61e0f10 code [0x000001e4c61e10c0, 0x000001e4c61e1250]
Event: 0.503 Thread 0x000001e4dcb8c000  826       3       java.lang.invoke.ClassSpecializer::className (33 bytes)
Event: 0.503 Thread 0x000001e4dcb8c000 nmethod 826 0x000001e4c61e1310 code [0x000001e4c61e14e0, 0x000001e4c61e1730]
Event: 0.503 Thread 0x000001e4dcb8c000  827       3       java.lang.invoke.ClassSpecializer::classSig (94 bytes)
Event: 0.503 Thread 0x000001e4dcb8c000 nmethod 827 0x000001e4c61e1810 code [0x000001e4c61e1a80, 0x000001e4c61e2300]
Event: 0.503 Thread 0x000001e4dcb8c000  832       3       java.lang.invoke.DirectMethodHandle::afIndex (20 bytes)
Event: 0.504 Thread 0x000001e4dcb8c000 nmethod 832 0x000001e4c61e2610 code [0x000001e4c61e27c0, 0x000001e4c61e2978]
Event: 0.504 Thread 0x000001e4dcb8c000  834       3       java.lang.invoke.ClassSpecializer$Factory$1Var::emitVarInstruction (73 bytes)
Event: 0.504 Thread 0x000001e4dcb8c000 nmethod 834 0x000001e4c61e2a10 code [0x000001e4c61e2cc0, 0x000001e4c61e3800]
Event: 0.504 Thread 0x000001e4dcb8c000  836       3       java.lang.invoke.MethodTypeForm::<init> (687 bytes)
Event: 0.505 Thread 0x000001e4dc293000 nmethod 816 0x000001e4cd5f5c90 code [0x000001e4cd5f5e40, 0x000001e4cd5f6588]
Event: 0.505 Thread 0x000001e4dc293000  831       4       java.lang.invoke.MethodType$ConcurrentWeakInternSet::get (54 bytes)

GC Heap History (0 events):
No events

Deoptimization events (20 events):
Event: 0.398 Thread 0x000001e4dd3e2000 Uncommon trap: trap_request=0xffffffc6 fr.pc=0x000001e4cd5d20b8 relative=0x0000000000000f98
Event: 0.398 Thread 0x000001e4dd3e2000 Uncommon trap: reason=bimorphic_or_optimized_type_check action=maybe_recompile pc=0x000001e4cd5d20b8 method=java.util.HashMap.putVal(ILjava/lang/Object;Ljava/lang/Object;ZZ)Ljava/lang/Object; @ 152 c2
Event: 0.398 Thread 0x000001e4dd3e2000 DEOPT PACKING pc=0x000001e4cd5d20b8 sp=0x000000c8c82fcfd0
Event: 0.398 Thread 0x000001e4dd3e2000 DEOPT UNPACKING pc=0x000001e4c5ae822f sp=0x000000c8c82fcf50 mode 2
Event: 0.398 Thread 0x000001e4dd3e2000 Uncommon trap: trap_request=0xffffffc6 fr.pc=0x000001e4cd5d20b8 relative=0x0000000000000f98
Event: 0.398 Thread 0x000001e4dd3e2000 Uncommon trap: reason=bimorphic_or_optimized_type_check action=maybe_recompile pc=0x000001e4cd5d20b8 method=java.util.HashMap.putVal(ILjava/lang/Object;Ljava/lang/Object;ZZ)Ljava/lang/Object; @ 152 c2
Event: 0.398 Thread 0x000001e4dd3e2000 DEOPT PACKING pc=0x000001e4cd5d20b8 sp=0x000000c8c82fcfd0
Event: 0.398 Thread 0x000001e4dd3e2000 DEOPT UNPACKING pc=0x000001e4c5ae822f sp=0x000000c8c82fcf50 mode 2
Event: 0.398 Thread 0x000001e4dd3e2000 Uncommon trap: trap_request=0xffffffc6 fr.pc=0x000001e4cd5d20b8 relative=0x0000000000000f98
Event: 0.398 Thread 0x000001e4dd3e2000 Uncommon trap: reason=bimorphic_or_optimized_type_check action=maybe_recompile pc=0x000001e4cd5d20b8 method=java.util.HashMap.putVal(ILjava/lang/Object;Ljava/lang/Object;ZZ)Ljava/lang/Object; @ 152 c2
Event: 0.398 Thread 0x000001e4dd3e2000 DEOPT PACKING pc=0x000001e4cd5d20b8 sp=0x000000c8c82fcfd0
Event: 0.398 Thread 0x000001e4dd3e2000 DEOPT UNPACKING pc=0x000001e4c5ae822f sp=0x000000c8c82fcf50 mode 2
Event: 0.398 Thread 0x000001e4dd3e2000 Uncommon trap: trap_request=0xffffffc6 fr.pc=0x000001e4cd5d20b8 relative=0x0000000000000f98
Event: 0.398 Thread 0x000001e4dd3e2000 Uncommon trap: reason=bimorphic_or_optimized_type_check action=maybe_recompile pc=0x000001e4cd5d20b8 method=java.util.HashMap.putVal(ILjava/lang/Object;Ljava/lang/Object;ZZ)Ljava/lang/Object; @ 152 c2
Event: 0.398 Thread 0x000001e4dd3e2000 DEOPT PACKING pc=0x000001e4cd5d20b8 sp=0x000000c8c82fcfd0
Event: 0.398 Thread 0x000001e4dd3e2000 DEOPT UNPACKING pc=0x000001e4c5ae822f sp=0x000000c8c82fcf50 mode 2
Event: 0.448 Thread 0x000001e4dd3e2000 Uncommon trap: trap_request=0xffffff4d fr.pc=0x000001e4cd5c0e30 relative=0x0000000000000190
Event: 0.448 Thread 0x000001e4dd3e2000 Uncommon trap: reason=unstable_if action=reinterpret pc=0x000001e4cd5c0e30 method=java.lang.String.equals(Ljava/lang/Object;)Z @ 34 c2
Event: 0.448 Thread 0x000001e4dd3e2000 DEOPT PACKING pc=0x000001e4cd5c0e30 sp=0x000000c8c82fd4c0
Event: 0.448 Thread 0x000001e4dd3e2000 DEOPT UNPACKING pc=0x000001e4c5ae822f sp=0x000000c8c82fd458 mode 2

Classes redefined (0 events):
No events

Internal exceptions (20 events):
Event: 0.233 Thread 0x000001e4bd470000 Exception <a 'java/lang/NoSuchMethodError'{0x000000008b4e8c30}: 'java.lang.Object java.lang.invoke.DelegatingMethodHandle$Holder.reinvoke_L(java.lang.Object, int, int, java.lang.Object, java.lang.Object, java.lang.Object)'> (0x000000008b4e8c30) thrown at [./src/hotspot/share/interpreter/linkResolver.cpp, line 773]
Event: 0.234 Thread 0x000001e4bd470000 Exception <a 'java/lang/NoSuchMethodError'{0x000000008b4ecd10}: 'java.lang.Object java.lang.invoke.DirectMethodHandle$Holder.invokeStatic(java.lang.Object, java.lang.Object, java.lang.Object, java.lang.Object, int)'> (0x000000008b4ecd10) thrown at [./src/hotspot/share/interpreter/linkResolver.cpp, line 773]
Event: 0.243 Thread 0x000001e4bd470000 Exception <a 'java/io/FileNotFoundException'{0x000000008b34fc88}> (0x000000008b34fc88) thrown at [./src/hotspot/share/prims/jni.cpp, line 615]
Event: 0.259 Thread 0x000001e4bd470000 Exception <a 'sun/nio/fs/WindowsException'{0x000000008b36bd70}> (0x000000008b36bd70) thrown at [./src/hotspot/share/prims/jni.cpp, line 615]
Event: 0.299 Thread 0x000001e4dcf86800 Exception <a 'java/lang/NoSuchMethodError'{0x000000008b3fb450}: 'void java.lang.invoke.DirectMethodHandle$Holder.invokeSpecial(java.lang.Object, java.lang.Object)'> (0x000000008b3fb450) thrown at [./src/hotspot/share/interpreter/linkResolver.cpp, line 773]
Event: 0.303 Thread 0x000001e4bd470000 Exception <a 'java/lang/NoSuchMethodError'{0x000000008b3e1e10}: 'java.lang.Object java.lang.invoke.DirectMethodHandle$Holder.invokeStatic(java.lang.Object, java.lang.Object, java.lang.Object, java.lang.Object, java.lang.Object, java.lang.Object, java.lang.Object, java.lang.Object, int)'> (0x000000008b3e1e10) thrown at [./src/hotspot/share/interpreter/linkResolver.cpp, line 773]
Event: 0.305 Thread 0x000001e4bd470000 Exception <a 'java/lang/NoSuchMethodError'{0x000000008b2068b8}: 'java.lang.Object java.lang.invoke.DirectMethodHandle$Holder.invokeStatic(java.lang.Object, java.lang.Object, java.lang.Object, java.lang.Object, java.lang.Object, java.lang.Object, java.lang.Object, java.lang.Object, int, int)'> (0x000000008b2068b8) thrown at [./src/hotspot/share/interpreter/linkResolver.cpp, line 773]
Event: 0.372 Thread 0x000001e4dd3e2000 Exception <a 'java/lang/NoSuchMethodError'{0x000000008b1a55a8}: 'java.lang.Object java.lang.invoke.DirectMethodHandle$Holder.invokeStatic(java.lang.Object, int, java.lang.Object, java.lang.Object, java.lang.Object, java.lang.Object)'> (0x000000008b1a55a8) thrown at [./src/hotspot/share/interpreter/linkResolver.cpp, line 773]
Event: 0.373 Thread 0x000001e4dd3e2000 Exception <a 'java/lang/NoSuchMethodError'{0x000000008b1ac668}: 'java.lang.Object java.lang.invoke.DirectMethodHandle$Holder.invokeStatic(java.lang.Object, int, java.lang.Object, java.lang.Object, java.lang.Object)'> (0x000000008b1ac668) thrown at [./src/hotspot/share/interpreter/linkResolver.cpp, line 773]
Event: 0.374 Thread 0x000001e4dd3e2000 Exception <a 'java/lang/NoSuchMethodError'{0x000000008b1b01b0}: 'java.lang.Object java.lang.invoke.DirectMethodHandle$Holder.invokeSpecial(java.lang.Object, java.lang.Object, int, java.lang.Object, java.lang.Object, java.lang.Object)'> (0x000000008b1b01b0) thrown at [./src/hotspot/share/interpreter/linkResolver.cpp, line 773]
Event: 0.376 Thread 0x000001e4dd3e2000 Exception <a 'java/lang/NoSuchMethodError'{0x000000008b1c7a90}: 'java.lang.Object java.lang.invoke.DirectMethodHandle$Holder.invokeStatic(java.lang.Object, int, java.lang.Object)'> (0x000000008b1c7a90) thrown at [./src/hotspot/share/interpreter/linkResolver.cpp, line 773]
Event: 0.396 Thread 0x000001e4dd3e2000 Exception <a 'java/lang/ClassNotFoundException'{0x000000008b076890}: com/sun/swing/internal/plaf/metal/resources/spi/metalProvider> (0x000000008b076890) thrown at [./src/hotspot/share/classfile/systemDictionary.cpp, line 231]
Event: 0.398 Thread 0x000001e4dd3e2000 Exception <a 'java/lang/ClassNotFoundException'{0x000000008b07b870}: com/sun/swing/internal/plaf/basic/resources/spi/basicProvider> (0x000000008b07b870) thrown at [./src/hotspot/share/classfile/systemDictionary.cpp, line 231]
Event: 0.471 Thread 0x000001e4dd3e2000 Exception <a 'java/lang/NoSuchMethodError'{0x000000008af63d98}: 'void java.lang.invoke.DirectMethodHandle$Holder.invokeStaticInit(java.lang.Object)'> (0x000000008af63d98) thrown at [./src/hotspot/share/interpreter/linkResolver.cpp, line 773]
Event: 0.479 Thread 0x000001e4dd3e2000 Exception <a 'java/io/FileNotFoundException'{0x000000008af72988}> (0x000000008af72988) thrown at [./src/hotspot/share/prims/jni.cpp, line 615]
Event: 0.479 Thread 0x000001e4dd3e2000 Exception <a 'java/lang/NullPointerException'{0x000000008af73278}> (0x000000008af73278) thrown at [./src/hotspot/share/interpreter/linkResolver.cpp, line 1358]
Event: 0.502 Thread 0x000001e4dd3e2000 Exception <a 'java/lang/NoSuchMethodError'{0x000000008aee8e98}: 'java.lang.Object java.lang.invoke.DirectMethodHandle$Holder.invokeStatic(java.lang.Object, java.lang.Object, java.lang.Object, java.lang.Object, java.lang.Object, java.lang.Object, java.lang.Object, java.lang.Object, java.lang.Object, java.lang.Object, java.lang.Object, int)'> (0x000000008aee8e98) thrown at [./src/hotspot/share/interpreter/linkResolver.cpp, line 773]
Event: 0.503 Thread 0x000001e4dd3e2000 Exception <a 'java/lang/NoSuchMethodError'{0x000000008ad07ca8}: 'java.lang.Object java.lang.invoke.DirectMethodHandle$Holder.invokeStatic(java.lang.Object, java.lang.Object, java.lang.Object, java.lang.Object, java.lang.Object, java.lang.Object, java.lang.Object, java.lang.Object, java.lang.Object, java.lang.Object, java.lang.Object, int, int)'> (0x000000008ad07ca8) thrown at [./src/hotspot/share/interpreter/linkResolver.cpp, line 773]
Event: 0.504 Thread 0x000001e4dd3e2000 Exception <a 'java/lang/NoSuchMethodError'{0x000000008ad26ee8}: 'java.lang.Object java.lang.invoke.DirectMethodHandle$Holder.invokeStatic(java.lang.Object, java.lang.Object, java.lang.Object, java.lang.Object, java.lang.Object, java.lang.Object, java.lang.Object, java.lang.Object, java.lang.Object, java.lang.Object, java.lang.Object, int, int, java.lang.Object)'> (0x000000008ad26ee8) thrown at [./src/hotspot/share/interpreter/linkResolver.cpp, line 773]
Event: 0.505 Thread 0x000001e4dd3e2000 Exception <a 'java/lang/NoSuchMethodError'{0x000000008ad33140}: 'java.lang.Object java.lang.invoke.Invokers$Holder.linkToTargetMethod(java.lang.Object, int, java.lang.Object)'> (0x000000008ad33140) thrown at [./src/hotspot/share/interpreter/linkResolver.cpp, line 773]

Events (20 events):
Event: 0.498 loading class sun/nio/cs/SingleByte$Encoder
Event: 0.498 loading class sun/nio/cs/SingleByte$Encoder done
Event: 0.499 loading class java/io/ByteArrayOutputStream
Event: 0.499 loading class java/io/ByteArrayOutputStream done
Event: 0.499 loading class sun/awt/windows/WingDings
Event: 0.499 loading class sun/awt/windows/WingDings done
Event: 0.499 loading class sun/awt/windows/WingDings$Encoder
Event: 0.499 loading class sun/awt/windows/WingDings$Encoder done
Event: 0.499 loading class sun/awt/Symbol
Event: 0.499 loading class sun/awt/Symbol done
Event: 0.499 loading class sun/awt/Symbol$Encoder
Event: 0.499 loading class sun/awt/Symbol$Encoder done
Event: 0.501 loading class java/lang/invoke/BoundMethodHandle$Species_LLLLLLLLI
Event: 0.501 loading class java/lang/invoke/BoundMethodHandle$Species_LLLLLLLLI done
Event: 0.502 loading class java/lang/invoke/BoundMethodHandle$Species_LLLLLLLLII
Event: 0.502 loading class java/lang/invoke/BoundMethodHandle$Species_LLLLLLLLII done
Event: 0.504 loading class java/lang/invoke/BoundMethodHandle$Species_LLLLLLLLIIL
Event: 0.504 loading class java/lang/invoke/BoundMethodHandle$Species_LLLLLLLLIIL done
Event: 0.505 Executing VM operation: RevokeBias
Event: 0.505 Executing VM operation: RevokeBias done


Dynamic libraries:
0x00007ff7d3bb0000 - 0x00007ff7d3bbd000 	C:\pleiades\java\11\bin\javaw.exe
0x00007ffc2f430000 - 0x00007ffc2f628000 	C:\WINDOWS\SYSTEM32\ntdll.dll
0x00007ffc2e8e0000 - 0x00007ffc2e99d000 	C:\WINDOWS\System32\KERNEL32.DLL
0x00007ffc2cc10000 - 0x00007ffc2cf06000 	C:\WINDOWS\System32\KERNELBASE.dll
0x00007ffc2d060000 - 0x00007ffc2d160000 	C:\WINDOWS\System32\ucrtbase.dll
0x00007ffc28120000 - 0x00007ffc28137000 	C:\pleiades\java\11\bin\jli.dll
0x00007ffc28140000 - 0x00007ffc28155000 	C:\pleiades\java\11\bin\VCRUNTIME140.dll
0x00007ffc2e740000 - 0x00007ffc2e8df000 	C:\WINDOWS\System32\USER32.dll
0x00007ffc2d2d0000 - 0x00007ffc2d2f2000 	C:\WINDOWS\System32\win32u.dll
0x00007ffc13630000 - 0x00007ffc138ca000 	C:\WINDOWS\WinSxS\amd64_microsoft.windows.common-controls_6595b64144ccf1df_6.0.19041.3636_none_60b6a03d71f818d5\COMCTL32.dll
0x00007ffc2e9a0000 - 0x00007ffc2e9cb000 	C:\WINDOWS\System32\GDI32.dll
0x00007ffc2d7c0000 - 0x00007ffc2d85e000 	C:\WINDOWS\System32\msvcrt.dll
0x00007ffc2d1b0000 - 0x00007ffc2d2c7000 	C:\WINDOWS\System32\gdi32full.dll
0x00007ffc2cae0000 - 0x00007ffc2cb7d000 	C:\WINDOWS\System32\msvcp_win.dll
0x00007ffc2e170000 - 0x00007ffc2e1a2000 	C:\WINDOWS\System32\IMM32.DLL
0x00007ffbffb90000 - 0x00007ffbffc2b000 	C:\pleiades\java\11\bin\msvcp140.dll
0x00007ffb98830000 - 0x00007ffb992ec000 	C:\pleiades\java\11\bin\server\jvm.dll
0x00007ffc2d940000 - 0x00007ffc2d9f0000 	C:\WINDOWS\System32\ADVAPI32.dll
0x00007ffc2f350000 - 0x00007ffc2f3f0000 	C:\WINDOWS\System32\sechost.dll
0x00007ffc2e560000 - 0x00007ffc2e683000 	C:\WINDOWS\System32\RPCRT4.dll
0x00007ffc2d030000 - 0x00007ffc2d057000 	C:\WINDOWS\System32\bcrypt.dll
0x00007ffc2e160000 - 0x00007ffc2e168000 	C:\WINDOWS\System32\PSAPI.DLL
0x00007ffc06f10000 - 0x00007ffc06f19000 	C:\WINDOWS\SYSTEM32\WSOCK32.dll
0x00007ffc25ee0000 - 0x00007ffc25eea000 	C:\WINDOWS\SYSTEM32\VERSION.dll
0x00007ffc11c80000 - 0x00007ffc11ca7000 	C:\WINDOWS\SYSTEM32\WINMM.dll
0x00007ffc2e240000 - 0x00007ffc2e2ab000 	C:\WINDOWS\System32\WS2_32.dll
0x00007ffc2b2c0000 - 0x00007ffc2b2d2000 	C:\WINDOWS\SYSTEM32\kernel.appcore.dll
0x00007ffc23fa0000 - 0x00007ffc23fb0000 	C:\pleiades\java\11\bin\verify.dll
0x00007ffc2a810000 - 0x00007ffc2a9f4000 	C:\WINDOWS\SYSTEM32\DBGHELP.DLL
0x00007ffc0d270000 - 0x00007ffc0d2a4000 	C:\WINDOWS\SYSTEM32\dbgcore.DLL
0x00007ffc2cb80000 - 0x00007ffc2cc02000 	C:\WINDOWS\System32\bcryptPrimitives.dll
0x00007ffc00f60000 - 0x00007ffc00f88000 	C:\pleiades\java\11\bin\java.dll
0x00007ffc0ef30000 - 0x00007ffc0ef46000 	C:\pleiades\java\11\bin\zip.dll
0x00007ffc17c10000 - 0x00007ffc17c1a000 	C:\pleiades\java\11\bin\jimage.dll
0x00007ffc2d9f0000 - 0x00007ffc2e15b000 	C:\WINDOWS\System32\SHELL32.dll
0x00007ffc2ab10000 - 0x00007ffc2b2ae000 	C:\WINDOWS\SYSTEM32\windows.storage.dll
0x00007ffc2d460000 - 0x00007ffc2d7b3000 	C:\WINDOWS\System32\combase.dll
0x00007ffc2c4a0000 - 0x00007ffc2c4ce000 	C:\WINDOWS\SYSTEM32\Wldp.dll
0x00007ffc2efa0000 - 0x00007ffc2f06d000 	C:\WINDOWS\System32\OLEAUT32.dll
0x00007ffc2f240000 - 0x00007ffc2f2ed000 	C:\WINDOWS\System32\SHCORE.dll
0x00007ffc2e2b0000 - 0x00007ffc2e305000 	C:\WINDOWS\System32\shlwapi.dll
0x00007ffc2ca10000 - 0x00007ffc2ca33000 	C:\WINDOWS\SYSTEM32\profapi.dll
0x00007ffc05e00000 - 0x00007ffc05e19000 	C:\pleiades\java\11\bin\net.dll
0x00007ffc21b10000 - 0x00007ffc21c1a000 	C:\WINDOWS\SYSTEM32\WINHTTP.dll
0x00007ffc2c1c0000 - 0x00007ffc2c22a000 	C:\WINDOWS\system32\mswsock.dll
0x00007ffc02db0000 - 0x00007ffc02dc2000 	C:\pleiades\java\11\bin\nio.dll
0x00007ffbff9f0000 - 0x00007ffbffb89000 	C:\pleiades\java\11\bin\awt.dll
0x00007ffc29ed0000 - 0x00007ffc29f60000 	C:\WINDOWS\SYSTEM32\apphelp.dll
0x00007ffc2a080000 - 0x00007ffc2a11e000 	C:\WINDOWS\system32\uxtheme.dll
0x00007ffc2e440000 - 0x00007ffc2e555000 	C:\WINDOWS\System32\MSCTF.dll
0x00007ffc2e310000 - 0x00007ffc2e43b000 	C:\WINDOWS\System32\ole32.dll
0x00007ffc2a280000 - 0x00007ffc2a2af000 	C:\WINDOWS\system32\DWMAPI.DLL
0x00007ffc04f60000 - 0x00007ffc05085000 	C:\WINDOWS\system32\opengl32.dll
0x00007ffc05890000 - 0x00007ffc058bc000 	C:\WINDOWS\SYSTEM32\GLU32.dll
0x00007ffc00140000 - 0x00007ffc001c2000 	C:\pleiades\java\11\bin\freetype.dll
0x00007ffbff580000 - 0x00007ffbff626000 	C:\pleiades\java\11\bin\fontmanager.dll

dbghelp: loaded successfully - version: 4.0.5 - missing functions: none
symbol engine: initialized successfully - sym options: 0x614 - pdb path: .;C:\pleiades\java\11\bin;C:\WINDOWS\SYSTEM32;C:\WINDOWS\WinSxS\amd64_microsoft.windows.common-controls_6595b64144ccf1df_6.0.19041.3636_none_60b6a03d71f818d5;C:\pleiades\java\11\bin\server

VM Arguments:
jvm_args: -Dfile.encoding=UTF-8 --module-path=C:\pleiades\workspace\DQcsv\bin -Djdk.module.main=dq_csv 
java_command: dq_csv/iwamih31.DQcsv.Main
java_class_path (initial): <not set>
Launcher Type: SUN_STANDARD

[Global flags]
     intx CICompilerCount                          = 4                                         {product} {ergonomic}
     uint ConcGCThreads                            = 2                                         {product} {ergonomic}
     uint G1ConcRefinementThreads                  = 8                                         {product} {ergonomic}
   size_t G1HeapRegionSize                         = 1048576                                   {product} {ergonomic}
    uintx GCDrainStackTargetSize                   = 64                                        {product} {ergonomic}
   size_t InitialHeapSize                          = 132120576                                 {product} {ergonomic}
   size_t MarkStackSize                            = 4194304                                   {product} {ergonomic}
   size_t MaxHeapSize                              = 2086666240                                {product} {ergonomic}
   size_t MaxNewSize                               = 1251999744                                {product} {ergonomic}
   size_t MinHeapDeltaBytes                        = 1048576                                   {product} {ergonomic}
    uintx NonNMethodCodeHeapSize                   = 5836300                                {pd product} {ergonomic}
    uintx NonProfiledCodeHeapSize                  = 122910970                              {pd product} {ergonomic}
    uintx ProfiledCodeHeapSize                     = 122910970                              {pd product} {ergonomic}
    uintx ReservedCodeCacheSize                    = 251658240                              {pd product} {ergonomic}
     bool SegmentedCodeCache                       = true                                      {product} {ergonomic}
     bool UseCompressedClassPointers               = true                                 {lp64_product} {ergonomic}
     bool UseCompressedOops                        = true                                 {lp64_product} {ergonomic}
     bool UseG1GC                                  = true                                      {product} {ergonomic}
     bool UseLargePagesIndividualAllocation        = false                                  {pd product} {ergonomic}

Logging:
Log output configuration:
 #0: stdout all=warning uptime,level,tags
 #1: stderr all=off uptime,level,tags

Environment Variables:
JAVA_HOME=C:\Program Files\Java\jdk-11.0.8
PATH=C:/pleiades/eclipse//jre/bin/server;C:/pleiades/eclipse//jre/bin;C:\Program Files\Eclipse Adoptium\jdk-17.0.7.7-hotspot\bin;C:\Program Files\Eclipse Adoptium\jre-11.0.14.101-hotspot\bin;C:\Program Files\Eclipse Adoptium\jdk-11.0.14.101-hotspot\bin;C:\Program Files\Common Files\Oracle\Java\javapath;C:\WINDOWS\system32;C:\WINDOWS;C:\WINDOWS\System32\Wbem;C:\WINDOWS\System32\WindowsPowerShell\v1.0\;C:\WINDOWS\System32\OpenSSH\;C:\Program Files (x86)\Common Files\Adobe\AGL;C:\Program Files\nodejs\;C:\ProgramData\ComposerSetup\bin;C:\xampp\mysql\bin;C:\maven\apache-maven-3.8.5\bin;C:\Program Files\dotnet\;C:\Program Files\TortoiseGit\bin;C:\Program Files\PostgreSQL\15\bin;C:\Program Files\Git\cmd;C:\Program Files\Docker\Docker\resources\bin;C:\Program Files\PowerShell\7\;C:\Users\iwami\AppData\Local\Programs\Python\Python312\Scripts\;C:\Users\iwami\AppData\Local\Programs\Python\Python312\;C:\Users\iwami\AppData\Local\Programs\Python\Launcher\;C:\Users\iwami\AppData\Local\Microsoft\WindowsApps;C:\Program Files\Java\jdk-11.0.8\bin;C:\Program Files\Java\db-derby-10.8.2.2-bin\bin;C:\Users\iwami\AppData\Local\Programs\Microsoft VS Code\bin;C:\Users\iwami\AppData\Local\atom\bin;C:\xampp\php;C:\Users\iwami\AppData\Local\ComposerSetup\bin;C:\Users\iwami\AppData\Roaming\Composer\vendor\bin;C:\Users\iwami\AppData\Roaming\npm;C:\Users\iwami\.dotnet\tools;C:\pleiades\eclipse;
USERNAME=iwami
OS=Windows_NT
PROCESSOR_IDENTIFIER=Intel64 Family 6 Model 126 Stepping 5, GenuineIntel



---------------  S Y S T E M  ---------------

OS: Windows 10 , 64 bit Build 19041 (10.0.19041.3636)
OS uptime: 3 days 3:21 hours
HyperV virtualization detected

CPU:total 8 (initial active 8) (4 cores per cpu, 2 threads per core) family 6 model 126 stepping 5, cmov, cx8, fxsr, mmx, sse, sse2, sse3, ssse3, sse4.1, sse4.2, popcnt, avx, avx2, aes, clmul, erms, 3dnowpref, lzcnt, ht, tsc, tscinvbit, bmi1, bmi2, adx, evex, sha, fma

Memory: 4k page, system-wide physical 7959M (762M free)
TotalPageFile size 14558M (AvailPageFile size 2010M)
current process WorkingSet (physical memory assigned to process): 68M, peak: 68M
current process commit charge ("private bytes"): 225M, peak: 225M

vm_info: OpenJDK 64-Bit Server VM (11.0.7+10) for windows-amd64 JRE (11.0.7+10), built on Apr 22 2020 11:46:09 by "" with MS VC++ 15.9 (VS2017)

END.
