#
# A fatal error has been detected by the Java Runtime Environment:
#
#  EXCEPTION_ACCESS_VIOLATION (0xc0000005) at pc=0x00007ffbd69afa16, pid=17872, tid=19872
#
# JRE version: OpenJDK Runtime Environment (11.0.7+10) (build 11.0.7+10)
# Java VM: OpenJDK 64-Bit Server VM (11.0.7+10, mixed mode, tiered, compressed oops, g1 gc, windows-amd64)
# Problematic frame:
# C  [awt.dll+0x8fa16]
#
# No core dump will be written. Minidumps are not enabled by default on client versions of Windows
#
# If you would like to submit a bug report, please visit:
#   https://github.com/AdoptOpenJDK/openjdk-support/issues
# The crash happened outside the Java Virtual Machine in native code.
# See problematic frame for where to report the bug.
#

---------------  S U M M A R Y ------------

Command Line: -Dfile.encoding=UTF-8 --module-path=C:\pleiades\workspace\DQcsv\bin -Djdk.module.main=dq_csv dq_csv/iwamih31.DQcsv.Main

Host: Intel(R) Core(TM) i5-1035G1 CPU @ 1.00GHz, 8 cores, 7G,  Windows 10 , 64 bit Build 19041 (10.0.19041.3636)
Time: Mon Apr 22 12:25:50 2024 ìåãû (ïWèÄéû) elapsed time: 0 seconds (0d 0h 0m 0s)

---------------  T H R E A D  ---------------

Current thread (0x0000025afc902800):  JavaThread "AWT-EventQueue-0" [_thread_in_native, id=19872, stack(0x000000d63be00000,0x000000d63bf00000)]

Stack: [0x000000d63be00000,0x000000d63bf00000],  sp=0x000000d63befcaa0,  free space=1010k
Native frames: (J=compiled Java code, j=interpreted, Vv=VM code, C=native code)
C  [awt.dll+0x8fa16]

Java frames: (J=compiled Java code, j=interpreted, Vv=VM code)
j  sun.awt.windows.WComponentPeer._setFont(Ljava/awt/Font;)V+0 java.desktop@11.0.7
j  sun.awt.windows.WComponentPeer.setFont(Ljava/awt/Font;)V+7 java.desktop@11.0.7
j  sun.awt.windows.WWindowPeer.initialize()V+42 java.desktop@11.0.7
j  sun.awt.windows.WFramePeer.initialize()V+1 java.desktop@11.0.7
j  sun.awt.windows.WComponentPeer.<init>(Ljava/awt/Component;)V+83 java.desktop@11.0.7
j  sun.awt.windows.WCanvasPeer.<init>(Ljava/awt/Component;)V+2 java.desktop@11.0.7
j  sun.awt.windows.WPanelPeer.<init>(Ljava/awt/Component;)V+2 java.desktop@11.0.7
j  sun.awt.windows.WWindowPeer.<init>(Ljava/awt/Window;)V+2 java.desktop@11.0.7
j  sun.awt.windows.WFramePeer.<init>(Ljava/awt/Frame;)V+2 java.desktop@11.0.7
j  sun.awt.windows.WToolkit.createFrame(Ljava/awt/Frame;)Ljava/awt/peer/FramePeer;+5 java.desktop@11.0.7
j  java.awt.Frame.addNotify()V+20 java.desktop@11.0.7
j  java.awt.Window.show()V+8 java.desktop@11.0.7
j  java.awt.Component.show(Z)V+5 java.desktop@11.0.7
j  java.awt.Component.setVisible(Z)V+2 java.desktop@11.0.7
j  java.awt.Window.setVisible(Z)V+2 java.desktop@11.0.7
j  iwamih31.DQcsv.View.outer()V+171 dq_csv
j  iwamih31.DQcsv.View.start(Ljava/lang/String;)V+306 dq_csv
j  iwamih31.DQcsv.View.<init>(Ljava/lang/String;)V+7 dq_csv
j  iwamih31.DQcsv.Main$1.run()V+6 dq_csv
j  java.awt.event.InvocationEvent.dispatch()V+47 java.desktop@11.0.7
j  java.awt.EventQueue.dispatchEventImpl(Ljava/awt/AWTEvent;Ljava/lang/Object;)V+21 java.desktop@11.0.7
j  java.awt.EventQueue$4.run()Ljava/lang/Void;+32 java.desktop@11.0.7
j  java.awt.EventQueue$4.run()Ljava/lang/Object;+1 java.desktop@11.0.7
v  ~StubRoutines::call_stub
j  java.security.AccessController.doPrivileged(Ljava/security/PrivilegedAction;Ljava/security/AccessControlContext;)Ljava/lang/Object;+0 java.base@11.0.7
j  java.security.ProtectionDomain$JavaSecurityAccessImpl.doIntersectionPrivilege(Ljava/security/PrivilegedAction;Ljava/security/AccessControlContext;Ljava/security/AccessControlContext;)Ljava/lang/Object;+18 java.base@11.0.7
j  java.awt.EventQueue.dispatchEvent(Ljava/awt/AWTEvent;)V+46 java.desktop@11.0.7
j  java.awt.EventDispatchThread.pumpOneEventForFilters(I)V+78 java.desktop@11.0.7
j  java.awt.EventDispatchThread.pumpEventsForFilter(ILjava/awt/Conditional;Ljava/awt/EventFilter;)V+35 java.desktop@11.0.7
j  java.awt.EventDispatchThread.pumpEventsForHierarchy(ILjava/awt/Conditional;Ljava/awt/Component;)V+11 java.desktop@11.0.7
j  java.awt.EventDispatchThread.pumpEvents(ILjava/awt/Conditional;)V+4 java.desktop@11.0.7
j  java.awt.EventDispatchThread.pumpEvents(Ljava/awt/Conditional;)V+3 java.desktop@11.0.7
j  java.awt.EventDispatchThread.run()V+9 java.desktop@11.0.7
v  ~StubRoutines::call_stub

siginfo: EXCEPTION_ACCESS_VIOLATION (0xc0000005), reading address 0x0000000000000058


Register to memory mapping:

RIP=0x00007ffbd69afa16 awt.dll
RAX=0x00007ffbd6a2b680 awt.dll
RBX=0x0000025afc902b40 points into unknown readable memory: 00 bc 1b 99 fb 7f 00 00
RCX=0x0000025afce7ec80 points into unknown readable memory: 80 b6 a2 d6 fb 7f 00 00
RDX=0x0 is NULL
RSP=0x000000d63befcaa0 is pointing into the stack for thread: 0x0000025afc902800
RBP=0x0 is NULL
RSI=0x0000025afcce7738 is a global jni handle
RDI=0x0000025afcce7740 is a global jni handle
R8 =0x0000000000000004 is an unknown value
R9 =0x00000001000e6158 is a pointer to class: 
java.awt.Font {0x00000001000e6160}
R10=0x0000000000008000 is an unknown value
R11=0x000000d63befcaa0 is pointing into the stack for thread: 0x0000025afc902800
R12=0x0 is NULL
R13={method} {0x0000025afc1d1d78} '_setFont' '(Ljava/awt/Font;)V' in 'sun/awt/windows/WComponentPeer'
R14=0x0000025afce7ec80 points into unknown readable memory: 80 b6 a2 d6 fb 7f 00 00
R15=0x0000025afdbef090 points into unknown readable memory: 38 77 ce fc 5a 02 00 00


Registers:
RAX=0x00007ffbd6a2b680, RBX=0x0000025afc902b40, RCX=0x0000025afce7ec80, RDX=0x0000000000000000
RSP=0x000000d63befcaa0, RBP=0x0000000000000000, RSI=0x0000025afcce7738, RDI=0x0000025afcce7740
R8 =0x0000000000000004, R9 =0x00000001000e6158, R10=0x0000000000008000, R11=0x000000d63befcaa0
R12=0x0000000000000000, R13=0x0000025afc1d1d70, R14=0x0000025afce7ec80, R15=0x0000025afdbef090
RIP=0x00007ffbd69afa16, EFLAGS=0x0000000000010206

Top of Stack: (sp=0x000000d63befcaa0)
0x000000d63befcaa0:   0000025afdbef090 0000025afce7ec80
0x000000d63befcab0:   0000025afdbef090 0000025afce7ec80
0x000000d63befcac0:   0000025afcce7740 00007ffbd69b4921
0x000000d63befcad0:   0000025afc902b40 0000025afc902b40
0x000000d63befcae0:   0000000000000000 0000025afcce7738
0x000000d63befcaf0:   0000025afc902800 000000d63befcc40
0x000000d63befcb00:   0000025afdbef090 00007ffbd69edbcb
0x000000d63befcb10:   00007ffbd6a71078 000000d63befcc18
0x000000d63befcb20:   00007ffbd69b47f4 0000000000000000
0x000000d63befcb30:   fffffffffffffffe fffffffffffffffe
0x000000d63befcb40:   0000025afcce7738 00007ffbd69b5ae8
0x000000d63befcb50:   0000025afcce7740 000000d63befcc38
0x000000d63befcb60:   000000d63befcc38 00007ffbd6a71078
0x000000d63befcb70:   fffffffffffffffe 0000025afc902800
0x000000d63befcb80:   000000008b3795c8 0000025ae521fd64
0x000000d63befcb90:   0000025afc1d1d70 00000000000004d0 

Instructions: (pc=0x00007ffbd69afa16)
0x00007ffbd69af916:   00 48 8b d9 e8 d9 dc ff ff 48 8b f8 48 85 c0 75
0x00007ffbd69af926:   04 48 8b 7b 48 48 8b cf e8 50 19 05 00 48 8b d8
0x00007ffbd69af936:   48 85 c0 74 60 83 64 24 20 00 0f 57 c0 83 64 24
0x00007ffbd69af946:   34 00 b9 11 00 00 00 83 64 24 38 00 f3 0f 7f 44
0x00007ffbd69af956:   24 24 ff 15 da d9 0b 00 4c 8d 44 24 40 ba 5c 00
0x00007ffbd69af966:   00 00 48 8b c8 ff 15 7f dc 0b 00 83 f8 5c 75 0d
0x00007ffbd69af976:   48 8d 54 24 40 48 8b cb e8 af 19 05 00 48 8d 54
0x00007ffbd69af986:   24 20 48 8b cb e8 c6 19 05 00 48 8b d3 48 8b cf
0x00007ffbd69af996:   e8 73 19 05 00 48 8b 8c 24 a0 00 00 00 48 33 cc
0x00007ffbd69af9a6:   e8 a5 26 05 00 48 8b 9c 24 c8 00 00 00 48 81 c4
0x00007ffbd69af9b6:   b0 00 00 00 5f c3 40 53 48 83 ec 20 48 8b d9 ff
0x00007ffbd69af9c6:   15 bd e1 0b 00 48 85 c0 75 0a 48 8b 4b 48 ff 15
0x00007ffbd69af9d6:   a6 e1 0b 00 48 83 c4 20 5b c3 4c 63 c2 48 8b 15
0x00007ffbd69af9e6:   5e c5 0b 00 48 ff 25 37 e0 0b 00 cc cc cc 48 8b
0x00007ffbd69af9f6:   d1 48 8b 0d 82 f5 0b 00 48 89 15 7b f5 0b 00 e9
0x00007ffbd69afa06:   5a 67 04 00 cc cc 48 89 5c 24 08 57 48 83 ec 20
0x00007ffbd69afa16:   83 7a 58 00 48 8b da 48 8b f9 7d 08 48 8b ca e8
0x00007ffbd69afa26:   32 95 01 00 4c 8b 43 48 45 33 c9 48 8b 4f 48 4d
0x00007ffbd69afa36:   8b 00 41 8d 51 30 ff 15 ae e2 0b 00 48 8b 4f 48
0x00007ffbd69afa46:   33 d2 44 8d 42 01 48 8b 5c 24 30 48 83 c4 20 5f
0x00007ffbd69afa56:   48 ff 25 4b e1 0b 00 cc cc cc 48 8b c4 48 89 58
0x00007ffbd69afa66:   08 48 89 68 10 48 89 70 18 48 89 78 20 41 56 48
0x00007ffbd69afa76:   83 ec 20 4c 8b f2 48 8b f9 48 8b 0d f2 13 0c 00
0x00007ffbd69afa86:   ba 02 00 01 00 41 8b e8 e8 c0 24 05 00 48 8b 97
0x00007ffbd69afa96:   c0 00 00 00 33 db 48 8b f0 48 85 d2 74 0d 4c 8b
0x00007ffbd69afaa6:   08 48 8b c8 41 ff 91 b0 00 00 00 4d 85 f6 74 14
0x00007ffbd69afab6:   48 8b 06 49 8b d6 48 8b ce ff 90 a8 00 00 00 48
0x00007ffbd69afac6:   8b d8 eb 05 bd 01 00 00 00 48 89 9f c0 00 00 00
0x00007ffbd69afad6:   89 af c8 00 00 00 48 8b 5c 24 30 48 8b 6c 24 38
0x00007ffbd69afae6:   48 8b 74 24 40 48 8b 7c 24 48 48 83 c4 20 41 5e
0x00007ffbd69afaf6:   c3 cc 48 89 5c 24 08 48 89 6c 24 10 48 89 74 24
0x00007ffbd69afb06:   18 57 48 83 ec 20 33 db 48 8b f9 48 85 c9 75 09 


Stack slot to memory mapping:
stack at sp + 0 slots: 0x0000025afdbef090 points into unknown readable memory: 38 77 ce fc 5a 02 00 00
stack at sp + 1 slots: 0x0000025afce7ec80 points into unknown readable memory: 80 b6 a2 d6 fb 7f 00 00
stack at sp + 2 slots: 0x0000025afdbef090 points into unknown readable memory: 38 77 ce fc 5a 02 00 00
stack at sp + 3 slots: 0x0000025afce7ec80 points into unknown readable memory: 80 b6 a2 d6 fb 7f 00 00
stack at sp + 4 slots: 0x0000025afcce7740 is a global jni handle
stack at sp + 5 slots: 0x00007ffbd69b4921 awt.dll
stack at sp + 6 slots: 0x0000025afc902b40 points into unknown readable memory: 00 bc 1b 99 fb 7f 00 00
stack at sp + 7 slots: 0x0000025afc902b40 points into unknown readable memory: 00 bc 1b 99 fb 7f 00 00


---------------  P R O C E S S  ---------------

Threads class SMR info:
_java_thread_list=0x0000025afc82e780, length=15, elements={
0x0000025afb9af800, 0x0000025afb9b8800, 0x0000025afc2c3000, 0x0000025afb9d0000,
0x0000025afb9d2800, 0x0000025afc2c4000, 0x0000025afc2c9800, 0x0000025afc43d800,
0x0000025afc546000, 0x0000025afc840800, 0x0000025afc841000, 0x0000025afc842000,
0x0000025afc902800, 0x0000025adcba1000, 0x0000025afc8ff800
}

Java Threads: ( => current thread )
  0x0000025afb9af800 JavaThread "Reference Handler" daemon [_thread_blocked, id=25700, stack(0x000000d63b100000,0x000000d63b200000)]
  0x0000025afb9b8800 JavaThread "Finalizer" daemon [_thread_blocked, id=24244, stack(0x000000d63b200000,0x000000d63b300000)]
  0x0000025afc2c3000 JavaThread "Signal Dispatcher" daemon [_thread_blocked, id=14504, stack(0x000000d63b300000,0x000000d63b400000)]
  0x0000025afb9d0000 JavaThread "Attach Listener" daemon [_thread_blocked, id=19124, stack(0x000000d63b400000,0x000000d63b500000)]
  0x0000025afb9d2800 JavaThread "C2 CompilerThread0" daemon [_thread_blocked, id=19236, stack(0x000000d63b500000,0x000000d63b600000)]
  0x0000025afc2c4000 JavaThread "C1 CompilerThread0" daemon [_thread_blocked, id=21552, stack(0x000000d63b600000,0x000000d63b700000)]
  0x0000025afc2c9800 JavaThread "Sweeper thread" daemon [_thread_blocked, id=9604, stack(0x000000d63b700000,0x000000d63b800000)]
  0x0000025afc43d800 JavaThread "Common-Cleaner" daemon [_thread_blocked, id=26192, stack(0x000000d63b800000,0x000000d63b900000)]
  0x0000025afc546000 JavaThread "Service Thread" daemon [_thread_blocked, id=23584, stack(0x000000d63b900000,0x000000d63ba00000)]
  0x0000025afc840800 JavaThread "Java2D Disposer" daemon [_thread_blocked, id=24556, stack(0x000000d63bb00000,0x000000d63bc00000)]
  0x0000025afc841000 JavaThread "AWT-Shutdown" [_thread_blocked, id=25120, stack(0x000000d63bc00000,0x000000d63bd00000)]
  0x0000025afc842000 JavaThread "AWT-Windows" daemon [_thread_in_native, id=17200, stack(0x000000d63bd00000,0x000000d63be00000)]
=>0x0000025afc902800 JavaThread "AWT-EventQueue-0" [_thread_in_native, id=19872, stack(0x000000d63be00000,0x000000d63bf00000)]
  0x0000025adcba1000 JavaThread "DestroyJavaVM" [_thread_blocked, id=27528, stack(0x000000d63aa00000,0x000000d63ab00000)]
  0x0000025afc8ff800 JavaThread "C2 CompilerThread1" daemon [_thread_blocked, id=17852, stack(0x000000d63bf00000,0x000000d63c000000)]

Other Threads:
  0x0000025afb98a800 VMThread "VM Thread" [stack: 0x000000d63b000000,0x000000d63b100000] [id=7044]
  0x0000025afc54f800 WatcherThread [stack: 0x000000d63ba00000,0x000000d63bb00000] [id=27308]
  0x0000025adcbb7800 GCTaskThread "GC Thread#0" [stack: 0x000000d63ab00000,0x000000d63ac00000] [id=25084]
  0x0000025adcbea000 ConcurrentGCThread "G1 Main Marker" [stack: 0x000000d63ac00000,0x000000d63ad00000] [id=7976]
  0x0000025adcbeb800 ConcurrentGCThread "G1 Conc#0" [stack: 0x000000d63ad00000,0x000000d63ae00000] [id=6084]
  0x0000025adcc7e800 ConcurrentGCThread "G1 Refine#0" [stack: 0x000000d63ae00000,0x000000d63af00000] [id=26524]
  0x0000025afb7f3800 ConcurrentGCThread "G1 Young RemSet Sampling" [stack: 0x000000d63af00000,0x000000d63b000000] [id=24396]

Threads with active compile tasks:

VM state:not at safepoint (normal execution)

VM Mutex/Monitor currently owned by a thread: None

Heap address: 0x0000000083a00000, size: 1990 MB, Compressed Oops mode: 32-bit
Narrow klass base: 0x0000000000000000, Narrow klass shift: 3
Compressed class space size: 1073741824 Address: 0x0000000100000000

Heap:
 garbage-first heap   total 129024K, used 10240K [0x0000000083a00000, 0x0000000100000000)
  region size 1024K, 11 young (11264K), 0 survivors (0K)
 Metaspace       used 13806K, capacity 14220K, committed 14336K, reserved 1062912K
  class space    used 1491K, capacity 1695K, committed 1792K, reserved 1048576K
Heap Regions: E=young(eden), S=young(survivor), O=old, HS=humongous(starts), HC=humongous(continues), CS=collection set, F=free, A=archive, TAMS=top-at-mark-start (previous, next)
|   0|0x0000000083a00000, 0x0000000083a00000, 0x0000000083b00000|  0%| F|  |TAMS 0x0000000083a00000, 0x0000000083a00000| Untracked 
|   1|0x0000000083b00000, 0x0000000083b00000, 0x0000000083c00000|  0%| F|  |TAMS 0x0000000083b00000, 0x0000000083b00000| Untracked 
|   2|0x0000000083c00000, 0x0000000083c00000, 0x0000000083d00000|  0%| F|  |TAMS 0x0000000083c00000, 0x0000000083c00000| Untracked 
|   3|0x0000000083d00000, 0x0000000083d00000, 0x0000000083e00000|  0%| F|  |TAMS 0x0000000083d00000, 0x0000000083d00000| Untracked 
|   4|0x0000000083e00000, 0x0000000083e00000, 0x0000000083f00000|  0%| F|  |TAMS 0x0000000083e00000, 0x0000000083e00000| Untracked 
|   5|0x0000000083f00000, 0x0000000083f00000, 0x0000000084000000|  0%| F|  |TAMS 0x0000000083f00000, 0x0000000083f00000| Untracked 
|   6|0x0000000084000000, 0x0000000084000000, 0x0000000084100000|  0%| F|  |TAMS 0x0000000084000000, 0x0000000084000000| Untracked 
|   7|0x0000000084100000, 0x0000000084100000, 0x0000000084200000|  0%| F|  |TAMS 0x0000000084100000, 0x0000000084100000| Untracked 
|   8|0x0000000084200000, 0x0000000084200000, 0x0000000084300000|  0%| F|  |TAMS 0x0000000084200000, 0x0000000084200000| Untracked 
|   9|0x0000000084300000, 0x0000000084300000, 0x0000000084400000|  0%| F|  |TAMS 0x0000000084300000, 0x0000000084300000| Untracked 
|  10|0x0000000084400000, 0x0000000084400000, 0x0000000084500000|  0%| F|  |TAMS 0x0000000084400000, 0x0000000084400000| Untracked 
|  11|0x0000000084500000, 0x0000000084500000, 0x0000000084600000|  0%| F|  |TAMS 0x0000000084500000, 0x0000000084500000| Untracked 
|  12|0x0000000084600000, 0x0000000084600000, 0x0000000084700000|  0%| F|  |TAMS 0x0000000084600000, 0x0000000084600000| Untracked 
|  13|0x0000000084700000, 0x0000000084700000, 0x0000000084800000|  0%| F|  |TAMS 0x0000000084700000, 0x0000000084700000| Untracked 
|  14|0x0000000084800000, 0x0000000084800000, 0x0000000084900000|  0%| F|  |TAMS 0x0000000084800000, 0x0000000084800000| Untracked 
|  15|0x0000000084900000, 0x0000000084900000, 0x0000000084a00000|  0%| F|  |TAMS 0x0000000084900000, 0x0000000084900000| Untracked 
|  16|0x0000000084a00000, 0x0000000084a00000, 0x0000000084b00000|  0%| F|  |TAMS 0x0000000084a00000, 0x0000000084a00000| Untracked 
|  17|0x0000000084b00000, 0x0000000084b00000, 0x0000000084c00000|  0%| F|  |TAMS 0x0000000084b00000, 0x0000000084b00000| Untracked 
|  18|0x0000000084c00000, 0x0000000084c00000, 0x0000000084d00000|  0%| F|  |TAMS 0x0000000084c00000, 0x0000000084c00000| Untracked 
|  19|0x0000000084d00000, 0x0000000084d00000, 0x0000000084e00000|  0%| F|  |TAMS 0x0000000084d00000, 0x0000000084d00000| Untracked 
|  20|0x0000000084e00000, 0x0000000084e00000, 0x0000000084f00000|  0%| F|  |TAMS 0x0000000084e00000, 0x0000000084e00000| Untracked 
|  21|0x0000000084f00000, 0x0000000084f00000, 0x0000000085000000|  0%| F|  |TAMS 0x0000000084f00000, 0x0000000084f00000| Untracked 
|  22|0x0000000085000000, 0x0000000085000000, 0x0000000085100000|  0%| F|  |TAMS 0x0000000085000000, 0x0000000085000000| Untracked 
|  23|0x0000000085100000, 0x0000000085100000, 0x0000000085200000|  0%| F|  |TAMS 0x0000000085100000, 0x0000000085100000| Untracked 
|  24|0x0000000085200000, 0x0000000085200000, 0x0000000085300000|  0%| F|  |TAMS 0x0000000085200000, 0x0000000085200000| Untracked 
|  25|0x0000000085300000, 0x0000000085300000, 0x0000000085400000|  0%| F|  |TAMS 0x0000000085300000, 0x0000000085300000| Untracked 
|  26|0x0000000085400000, 0x0000000085400000, 0x0000000085500000|  0%| F|  |TAMS 0x0000000085400000, 0x0000000085400000| Untracked 
|  27|0x0000000085500000, 0x0000000085500000, 0x0000000085600000|  0%| F|  |TAMS 0x0000000085500000, 0x0000000085500000| Untracked 
|  28|0x0000000085600000, 0x0000000085600000, 0x0000000085700000|  0%| F|  |TAMS 0x0000000085600000, 0x0000000085600000| Untracked 
|  29|0x0000000085700000, 0x0000000085700000, 0x0000000085800000|  0%| F|  |TAMS 0x0000000085700000, 0x0000000085700000| Untracked 
|  30|0x0000000085800000, 0x0000000085800000, 0x0000000085900000|  0%| F|  |TAMS 0x0000000085800000, 0x0000000085800000| Untracked 
|  31|0x0000000085900000, 0x0000000085900000, 0x0000000085a00000|  0%| F|  |TAMS 0x0000000085900000, 0x0000000085900000| Untracked 
|  32|0x0000000085a00000, 0x0000000085a00000, 0x0000000085b00000|  0%| F|  |TAMS 0x0000000085a00000, 0x0000000085a00000| Untracked 
|  33|0x0000000085b00000, 0x0000000085b00000, 0x0000000085c00000|  0%| F|  |TAMS 0x0000000085b00000, 0x0000000085b00000| Untracked 
|  34|0x0000000085c00000, 0x0000000085c00000, 0x0000000085d00000|  0%| F|  |TAMS 0x0000000085c00000, 0x0000000085c00000| Untracked 
|  35|0x0000000085d00000, 0x0000000085d00000, 0x0000000085e00000|  0%| F|  |TAMS 0x0000000085d00000, 0x0000000085d00000| Untracked 
|  36|0x0000000085e00000, 0x0000000085e00000, 0x0000000085f00000|  0%| F|  |TAMS 0x0000000085e00000, 0x0000000085e00000| Untracked 
|  37|0x0000000085f00000, 0x0000000085f00000, 0x0000000086000000|  0%| F|  |TAMS 0x0000000085f00000, 0x0000000085f00000| Untracked 
|  38|0x0000000086000000, 0x0000000086000000, 0x0000000086100000|  0%| F|  |TAMS 0x0000000086000000, 0x0000000086000000| Untracked 
|  39|0x0000000086100000, 0x0000000086100000, 0x0000000086200000|  0%| F|  |TAMS 0x0000000086100000, 0x0000000086100000| Untracked 
|  40|0x0000000086200000, 0x0000000086200000, 0x0000000086300000|  0%| F|  |TAMS 0x0000000086200000, 0x0000000086200000| Untracked 
|  41|0x0000000086300000, 0x0000000086300000, 0x0000000086400000|  0%| F|  |TAMS 0x0000000086300000, 0x0000000086300000| Untracked 
|  42|0x0000000086400000, 0x0000000086400000, 0x0000000086500000|  0%| F|  |TAMS 0x0000000086400000, 0x0000000086400000| Untracked 
|  43|0x0000000086500000, 0x0000000086500000, 0x0000000086600000|  0%| F|  |TAMS 0x0000000086500000, 0x0000000086500000| Untracked 
|  44|0x0000000086600000, 0x0000000086600000, 0x0000000086700000|  0%| F|  |TAMS 0x0000000086600000, 0x0000000086600000| Untracked 
|  45|0x0000000086700000, 0x0000000086700000, 0x0000000086800000|  0%| F|  |TAMS 0x0000000086700000, 0x0000000086700000| Untracked 
|  46|0x0000000086800000, 0x0000000086800000, 0x0000000086900000|  0%| F|  |TAMS 0x0000000086800000, 0x0000000086800000| Untracked 
|  47|0x0000000086900000, 0x0000000086900000, 0x0000000086a00000|  0%| F|  |TAMS 0x0000000086900000, 0x0000000086900000| Untracked 
|  48|0x0000000086a00000, 0x0000000086a00000, 0x0000000086b00000|  0%| F|  |TAMS 0x0000000086a00000, 0x0000000086a00000| Untracked 
|  49|0x0000000086b00000, 0x0000000086b00000, 0x0000000086c00000|  0%| F|  |TAMS 0x0000000086b00000, 0x0000000086b00000| Untracked 
|  50|0x0000000086c00000, 0x0000000086c00000, 0x0000000086d00000|  0%| F|  |TAMS 0x0000000086c00000, 0x0000000086c00000| Untracked 
|  51|0x0000000086d00000, 0x0000000086d00000, 0x0000000086e00000|  0%| F|  |TAMS 0x0000000086d00000, 0x0000000086d00000| Untracked 
|  52|0x0000000086e00000, 0x0000000086e00000, 0x0000000086f00000|  0%| F|  |TAMS 0x0000000086e00000, 0x0000000086e00000| Untracked 
|  53|0x0000000086f00000, 0x0000000086f00000, 0x0000000087000000|  0%| F|  |TAMS 0x0000000086f00000, 0x0000000086f00000| Untracked 
|  54|0x0000000087000000, 0x0000000087000000, 0x0000000087100000|  0%| F|  |TAMS 0x0000000087000000, 0x0000000087000000| Untracked 
|  55|0x0000000087100000, 0x0000000087100000, 0x0000000087200000|  0%| F|  |TAMS 0x0000000087100000, 0x0000000087100000| Untracked 
|  56|0x0000000087200000, 0x0000000087200000, 0x0000000087300000|  0%| F|  |TAMS 0x0000000087200000, 0x0000000087200000| Untracked 
|  57|0x0000000087300000, 0x0000000087300000, 0x0000000087400000|  0%| F|  |TAMS 0x0000000087300000, 0x0000000087300000| Untracked 
|  58|0x0000000087400000, 0x0000000087400000, 0x0000000087500000|  0%| F|  |TAMS 0x0000000087400000, 0x0000000087400000| Untracked 
|  59|0x0000000087500000, 0x0000000087500000, 0x0000000087600000|  0%| F|  |TAMS 0x0000000087500000, 0x0000000087500000| Untracked 
|  60|0x0000000087600000, 0x0000000087600000, 0x0000000087700000|  0%| F|  |TAMS 0x0000000087600000, 0x0000000087600000| Untracked 
|  61|0x0000000087700000, 0x0000000087700000, 0x0000000087800000|  0%| F|  |TAMS 0x0000000087700000, 0x0000000087700000| Untracked 
|  62|0x0000000087800000, 0x0000000087800000, 0x0000000087900000|  0%| F|  |TAMS 0x0000000087800000, 0x0000000087800000| Untracked 
|  63|0x0000000087900000, 0x0000000087900000, 0x0000000087a00000|  0%| F|  |TAMS 0x0000000087900000, 0x0000000087900000| Untracked 
|  64|0x0000000087a00000, 0x0000000087a00000, 0x0000000087b00000|  0%| F|  |TAMS 0x0000000087a00000, 0x0000000087a00000| Untracked 
|  65|0x0000000087b00000, 0x0000000087b00000, 0x0000000087c00000|  0%| F|  |TAMS 0x0000000087b00000, 0x0000000087b00000| Untracked 
|  66|0x0000000087c00000, 0x0000000087c00000, 0x0000000087d00000|  0%| F|  |TAMS 0x0000000087c00000, 0x0000000087c00000| Untracked 
|  67|0x0000000087d00000, 0x0000000087d00000, 0x0000000087e00000|  0%| F|  |TAMS 0x0000000087d00000, 0x0000000087d00000| Untracked 
|  68|0x0000000087e00000, 0x0000000087e00000, 0x0000000087f00000|  0%| F|  |TAMS 0x0000000087e00000, 0x0000000087e00000| Untracked 
|  69|0x0000000087f00000, 0x0000000087f00000, 0x0000000088000000|  0%| F|  |TAMS 0x0000000087f00000, 0x0000000087f00000| Untracked 
|  70|0x0000000088000000, 0x0000000088000000, 0x0000000088100000|  0%| F|  |TAMS 0x0000000088000000, 0x0000000088000000| Untracked 
|  71|0x0000000088100000, 0x0000000088100000, 0x0000000088200000|  0%| F|  |TAMS 0x0000000088100000, 0x0000000088100000| Untracked 
|  72|0x0000000088200000, 0x0000000088200000, 0x0000000088300000|  0%| F|  |TAMS 0x0000000088200000, 0x0000000088200000| Untracked 
|  73|0x0000000088300000, 0x0000000088300000, 0x0000000088400000|  0%| F|  |TAMS 0x0000000088300000, 0x0000000088300000| Untracked 
|  74|0x0000000088400000, 0x0000000088400000, 0x0000000088500000|  0%| F|  |TAMS 0x0000000088400000, 0x0000000088400000| Untracked 
|  75|0x0000000088500000, 0x0000000088500000, 0x0000000088600000|  0%| F|  |TAMS 0x0000000088500000, 0x0000000088500000| Untracked 
|  76|0x0000000088600000, 0x0000000088600000, 0x0000000088700000|  0%| F|  |TAMS 0x0000000088600000, 0x0000000088600000| Untracked 
|  77|0x0000000088700000, 0x0000000088700000, 0x0000000088800000|  0%| F|  |TAMS 0x0000000088700000, 0x0000000088700000| Untracked 
|  78|0x0000000088800000, 0x0000000088800000, 0x0000000088900000|  0%| F|  |TAMS 0x0000000088800000, 0x0000000088800000| Untracked 
|  79|0x0000000088900000, 0x0000000088900000, 0x0000000088a00000|  0%| F|  |TAMS 0x0000000088900000, 0x0000000088900000| Untracked 
|  80|0x0000000088a00000, 0x0000000088a00000, 0x0000000088b00000|  0%| F|  |TAMS 0x0000000088a00000, 0x0000000088a00000| Untracked 
|  81|0x0000000088b00000, 0x0000000088b00000, 0x0000000088c00000|  0%| F|  |TAMS 0x0000000088b00000, 0x0000000088b00000| Untracked 
|  82|0x0000000088c00000, 0x0000000088c00000, 0x0000000088d00000|  0%| F|  |TAMS 0x0000000088c00000, 0x0000000088c00000| Untracked 
|  83|0x0000000088d00000, 0x0000000088d00000, 0x0000000088e00000|  0%| F|  |TAMS 0x0000000088d00000, 0x0000000088d00000| Untracked 
|  84|0x0000000088e00000, 0x0000000088e00000, 0x0000000088f00000|  0%| F|  |TAMS 0x0000000088e00000, 0x0000000088e00000| Untracked 
|  85|0x0000000088f00000, 0x0000000088f00000, 0x0000000089000000|  0%| F|  |TAMS 0x0000000088f00000, 0x0000000088f00000| Untracked 
|  86|0x0000000089000000, 0x0000000089000000, 0x0000000089100000|  0%| F|  |TAMS 0x0000000089000000, 0x0000000089000000| Untracked 
|  87|0x0000000089100000, 0x0000000089100000, 0x0000000089200000|  0%| F|  |TAMS 0x0000000089100000, 0x0000000089100000| Untracked 
|  88|0x0000000089200000, 0x0000000089200000, 0x0000000089300000|  0%| F|  |TAMS 0x0000000089200000, 0x0000000089200000| Untracked 
|  89|0x0000000089300000, 0x0000000089300000, 0x0000000089400000|  0%| F|  |TAMS 0x0000000089300000, 0x0000000089300000| Untracked 
|  90|0x0000000089400000, 0x0000000089400000, 0x0000000089500000|  0%| F|  |TAMS 0x0000000089400000, 0x0000000089400000| Untracked 
|  91|0x0000000089500000, 0x0000000089500000, 0x0000000089600000|  0%| F|  |TAMS 0x0000000089500000, 0x0000000089500000| Untracked 
|  92|0x0000000089600000, 0x0000000089600000, 0x0000000089700000|  0%| F|  |TAMS 0x0000000089600000, 0x0000000089600000| Untracked 
|  93|0x0000000089700000, 0x0000000089700000, 0x0000000089800000|  0%| F|  |TAMS 0x0000000089700000, 0x0000000089700000| Untracked 
|  94|0x0000000089800000, 0x0000000089800000, 0x0000000089900000|  0%| F|  |TAMS 0x0000000089800000, 0x0000000089800000| Untracked 
|  95|0x0000000089900000, 0x0000000089900000, 0x0000000089a00000|  0%| F|  |TAMS 0x0000000089900000, 0x0000000089900000| Untracked 
|  96|0x0000000089a00000, 0x0000000089a00000, 0x0000000089b00000|  0%| F|  |TAMS 0x0000000089a00000, 0x0000000089a00000| Untracked 
|  97|0x0000000089b00000, 0x0000000089b00000, 0x0000000089c00000|  0%| F|  |TAMS 0x0000000089b00000, 0x0000000089b00000| Untracked 
|  98|0x0000000089c00000, 0x0000000089c00000, 0x0000000089d00000|  0%| F|  |TAMS 0x0000000089c00000, 0x0000000089c00000| Untracked 
|  99|0x0000000089d00000, 0x0000000089d00000, 0x0000000089e00000|  0%| F|  |TAMS 0x0000000089d00000, 0x0000000089d00000| Untracked 
| 100|0x0000000089e00000, 0x0000000089e00000, 0x0000000089f00000|  0%| F|  |TAMS 0x0000000089e00000, 0x0000000089e00000| Untracked 
| 101|0x0000000089f00000, 0x0000000089f00000, 0x000000008a000000|  0%| F|  |TAMS 0x0000000089f00000, 0x0000000089f00000| Untracked 
| 102|0x000000008a000000, 0x000000008a000000, 0x000000008a100000|  0%| F|  |TAMS 0x000000008a000000, 0x000000008a000000| Untracked 
| 103|0x000000008a100000, 0x000000008a100000, 0x000000008a200000|  0%| F|  |TAMS 0x000000008a100000, 0x000000008a100000| Untracked 
| 104|0x000000008a200000, 0x000000008a200000, 0x000000008a300000|  0%| F|  |TAMS 0x000000008a200000, 0x000000008a200000| Untracked 
| 105|0x000000008a300000, 0x000000008a300000, 0x000000008a400000|  0%| F|  |TAMS 0x000000008a300000, 0x000000008a300000| Untracked 
| 106|0x000000008a400000, 0x000000008a400000, 0x000000008a500000|  0%| F|  |TAMS 0x000000008a400000, 0x000000008a400000| Untracked 
| 107|0x000000008a500000, 0x000000008a500000, 0x000000008a600000|  0%| F|  |TAMS 0x000000008a500000, 0x000000008a500000| Untracked 
| 108|0x000000008a600000, 0x000000008a600000, 0x000000008a700000|  0%| F|  |TAMS 0x000000008a600000, 0x000000008a600000| Untracked 
| 109|0x000000008a700000, 0x000000008a700000, 0x000000008a800000|  0%| F|  |TAMS 0x000000008a700000, 0x000000008a700000| Untracked 
| 110|0x000000008a800000, 0x000000008a800000, 0x000000008a900000|  0%| F|  |TAMS 0x000000008a800000, 0x000000008a800000| Untracked 
| 111|0x000000008a900000, 0x000000008a900000, 0x000000008aa00000|  0%| F|  |TAMS 0x000000008a900000, 0x000000008a900000| Untracked 
| 112|0x000000008aa00000, 0x000000008aa00000, 0x000000008ab00000|  0%| F|  |TAMS 0x000000008aa00000, 0x000000008aa00000| Untracked 
| 113|0x000000008ab00000, 0x000000008ab00000, 0x000000008ac00000|  0%| F|  |TAMS 0x000000008ab00000, 0x000000008ab00000| Untracked 
| 114|0x000000008ac00000, 0x000000008ac00000, 0x000000008ad00000|  0%| F|  |TAMS 0x000000008ac00000, 0x000000008ac00000| Untracked 
| 115|0x000000008ad00000, 0x000000008ad7be58, 0x000000008ae00000| 48%| E|  |TAMS 0x000000008ad00000, 0x000000008ad00000| Complete 
| 116|0x000000008ae00000, 0x000000008af00000, 0x000000008af00000|100%| E|CS|TAMS 0x000000008ae00000, 0x000000008ae00000| Complete 
| 117|0x000000008af00000, 0x000000008b000000, 0x000000008b000000|100%| E|CS|TAMS 0x000000008af00000, 0x000000008af00000| Complete 
| 118|0x000000008b000000, 0x000000008b100000, 0x000000008b100000|100%| E|CS|TAMS 0x000000008b000000, 0x000000008b000000| Complete 
| 119|0x000000008b100000, 0x000000008b200000, 0x000000008b200000|100%| E|CS|TAMS 0x000000008b100000, 0x000000008b100000| Complete 
| 120|0x000000008b200000, 0x000000008b300000, 0x000000008b300000|100%| E|CS|TAMS 0x000000008b200000, 0x000000008b200000| Complete 
| 121|0x000000008b300000, 0x000000008b400000, 0x000000008b400000|100%| E|CS|TAMS 0x000000008b300000, 0x000000008b300000| Complete 
| 122|0x000000008b400000, 0x000000008b500000, 0x000000008b500000|100%| E|CS|TAMS 0x000000008b400000, 0x000000008b400000| Complete 
| 123|0x000000008b500000, 0x000000008b600000, 0x000000008b600000|100%| E|CS|TAMS 0x000000008b500000, 0x000000008b500000| Complete 
| 124|0x000000008b600000, 0x000000008b700000, 0x000000008b700000|100%| E|CS|TAMS 0x000000008b600000, 0x000000008b600000| Complete 
| 125|0x000000008b700000, 0x000000008b800000, 0x000000008b800000|100%| E|CS|TAMS 0x000000008b700000, 0x000000008b700000| Complete 

Card table byte_map: [0x0000025af4930000,0x0000025af4d20000] _byte_map_base: 0x0000025af4513000

Marking Bits (Prev, Next): (CMBitMap*) 0x0000025adcbe1878, (CMBitMap*) 0x0000025adcbe18b0
 Prev Bits: [0x0000025af5110000, 0x0000025af7028000)
 Next Bits: [0x0000025af7030000, 0x0000025af8f48000)

Polling page: 0x0000025adc380000

Metaspace:

Usage:
  Non-class:     12.23 MB capacity,    12.03 MB ( 98%) used,   169.11 KB (  1%) free+waste,    41.63 KB ( <1%) overhead. 
      Class:      1.66 MB capacity,     1.46 MB ( 88%) used,   179.82 KB ( 11%) free+waste,    23.38 KB (  1%) overhead. 
       Both:     13.89 MB capacity,    13.48 MB ( 97%) used,   348.93 KB (  2%) free+waste,    65.00 KB ( <1%) overhead. 

Virtual space:
  Non-class space:       14.00 MB reserved,      12.25 MB ( 88%) committed 
      Class space:        1.00 GB reserved,       1.75 MB ( <1%) committed 
             Both:        1.01 GB reserved,      14.00 MB (  1%) committed 

Chunk freelists:
   Non-Class:  19.00 KB
       Class:  1.00 KB
        Both:  20.00 KB

MaxMetaspaceSize: 17179869184.00 GB
CompressedClassSpaceSize: 1.00 GB

CodeHeap 'non-profiled nmethods': size=120000Kb used=291Kb max_used=291Kb free=119708Kb
 bounds [0x0000025aecce0000, 0x0000025aecf50000, 0x0000025af4210000]
CodeHeap 'profiled nmethods': size=120000Kb used=1424Kb max_used=1424Kb free=118575Kb
 bounds [0x0000025ae57b0000, 0x0000025ae5a20000, 0x0000025aecce0000]
CodeHeap 'non-nmethods': size=5760Kb used=1184Kb max_used=1218Kb free=4575Kb
 bounds [0x0000025ae5210000, 0x0000025ae5480000, 0x0000025ae57b0000]
 total_blobs=1782 nmethods=832 adapters=431
 compilation: enabled
              stopped_count=0, restarted_count=0
 full_count=0

Compilation events (20 events):
Event: 0.520 Thread 0x0000025afc2c4000  812       3       java.lang.invoke.DirectMethodHandle::make (21 bytes)
Event: 0.520 Thread 0x0000025afc2c4000 nmethod 812 0x0000025ae590ba90 code [0x0000025ae590bc60, 0x0000025ae590beb0]
Event: 0.520 Thread 0x0000025afc2c4000  813       3       java.lang.invoke.MethodHandles$Lookup::checkField (56 bytes)
Event: 0.521 Thread 0x0000025afc2c4000 nmethod 813 0x0000025ae590bf90 code [0x0000025ae590c1a0, 0x0000025ae590c680]
Event: 0.521 Thread 0x0000025afc2c4000  815       3       java.lang.invoke.ClassSpecializer::classBCName (33 bytes)
Event: 0.521 Thread 0x0000025afc8ff800  818       4       java.lang.invoke.MethodType::makeImpl (108 bytes)
Event: 0.521 Thread 0x0000025afc2c4000 nmethod 815 0x0000025ae590c810 code [0x0000025ae590c9c0, 0x0000025ae590cb50]
Event: 0.521 Thread 0x0000025afc2c4000  816       3       java.lang.invoke.ClassSpecializer::className (33 bytes)
Event: 0.521 Thread 0x0000025afc2c4000 nmethod 816 0x0000025ae590cc10 code [0x0000025ae590cde0, 0x0000025ae590d030]
Event: 0.521 Thread 0x0000025afc2c4000  817       3       java.lang.invoke.ClassSpecializer::classSig (94 bytes)
Event: 0.521 Thread 0x0000025afc2c4000 nmethod 817 0x0000025ae590d110 code [0x0000025ae590d380, 0x0000025ae590dc00]
Event: 0.521 Thread 0x0000025afc2c4000  823       3       java.lang.invoke.LambdaFormBuffer::indexOf (25 bytes)
Event: 0.521 Thread 0x0000025afc2c4000 nmethod 823 0x0000025ae590df10 code [0x0000025ae590e0c0, 0x0000025ae590e318]
Event: 0.521 Thread 0x0000025afc2c4000  822       3       java.lang.invoke.DirectMethodHandle::afIndex (20 bytes)
Event: 0.522 Thread 0x0000025afc2c4000 nmethod 822 0x0000025ae590e410 code [0x0000025ae590e5c0, 0x0000025ae590e778]
Event: 0.522 Thread 0x0000025afc2c4000  825       3       java.lang.invoke.ClassSpecializer$Factory$1Var::emitVarInstruction (73 bytes)
Event: 0.522 Thread 0x0000025afc2c4000 nmethod 825 0x0000025ae590e810 code [0x0000025ae590eac0, 0x0000025ae590f600]
Event: 0.522 Thread 0x0000025afc2c4000  827       3       java.lang.invoke.MethodTypeForm::<init> (687 bytes)
Event: 0.523 Thread 0x0000025afb9d2800 nmethod 804 0x0000025aecd25810 code [0x0000025aecd259c0, 0x0000025aecd26108]
Event: 0.523 Thread 0x0000025afb9d2800  821       4       java.lang.invoke.MethodType$ConcurrentWeakInternSet::get (54 bytes)

GC Heap History (0 events):
No events

Deoptimization events (20 events):
Event: 0.261 Thread 0x0000025adcba1000 Uncommon trap: trap_request=0xffffffde fr.pc=0x0000025aeccef9a8 relative=0x0000000000000b08
Event: 0.261 Thread 0x0000025adcba1000 Uncommon trap: reason=class_check action=maybe_recompile pc=0x0000025aeccef9a8 method=java.util.HashMap.putVal(ILjava/lang/Object;Ljava/lang/Object;ZZ)Ljava/lang/Object; @ 152 c2
Event: 0.261 Thread 0x0000025adcba1000 DEOPT PACKING pc=0x0000025aeccef9a8 sp=0x000000d63aafba00
Event: 0.261 Thread 0x0000025adcba1000 DEOPT UNPACKING pc=0x0000025ae521822f sp=0x000000d63aafb980 mode 2
Event: 0.261 Thread 0x0000025adcba1000 Uncommon trap: trap_request=0xffffffde fr.pc=0x0000025aeccef9a8 relative=0x0000000000000b08
Event: 0.261 Thread 0x0000025adcba1000 Uncommon trap: reason=class_check action=maybe_recompile pc=0x0000025aeccef9a8 method=java.util.HashMap.putVal(ILjava/lang/Object;Ljava/lang/Object;ZZ)Ljava/lang/Object; @ 152 c2
Event: 0.261 Thread 0x0000025adcba1000 DEOPT PACKING pc=0x0000025aeccef9a8 sp=0x000000d63aafba00
Event: 0.261 Thread 0x0000025adcba1000 DEOPT UNPACKING pc=0x0000025ae521822f sp=0x000000d63aafb980 mode 2
Event: 0.261 Thread 0x0000025adcba1000 Uncommon trap: trap_request=0xffffffde fr.pc=0x0000025aeccef9a8 relative=0x0000000000000b08
Event: 0.261 Thread 0x0000025adcba1000 Uncommon trap: reason=class_check action=maybe_recompile pc=0x0000025aeccef9a8 method=java.util.HashMap.putVal(ILjava/lang/Object;Ljava/lang/Object;ZZ)Ljava/lang/Object; @ 152 c2
Event: 0.261 Thread 0x0000025adcba1000 DEOPT PACKING pc=0x0000025aeccef9a8 sp=0x000000d63aafba00
Event: 0.261 Thread 0x0000025adcba1000 DEOPT UNPACKING pc=0x0000025ae521822f sp=0x000000d63aafb980 mode 2
Event: 0.464 Thread 0x0000025afc902800 Uncommon trap: trap_request=0xffffff4d fr.pc=0x0000025aeccf0ab0 relative=0x0000000000000190
Event: 0.464 Thread 0x0000025afc902800 Uncommon trap: reason=unstable_if action=reinterpret pc=0x0000025aeccf0ab0 method=java.lang.String.equals(Ljava/lang/Object;)Z @ 34 c2
Event: 0.464 Thread 0x0000025afc902800 DEOPT PACKING pc=0x0000025aeccf0ab0 sp=0x000000d63befd000
Event: 0.464 Thread 0x0000025afc902800 DEOPT UNPACKING pc=0x0000025ae521822f sp=0x000000d63befcf98 mode 2
Event: 0.502 Thread 0x0000025afc902800 Uncommon trap: trap_request=0xffffff4d fr.pc=0x0000025aecd183cc relative=0x0000000000000f2c
Event: 0.502 Thread 0x0000025afc902800 Uncommon trap: reason=unstable_if action=reinterpret pc=0x0000025aecd183cc method=java.util.HashMap.putVal(ILjava/lang/Object;Ljava/lang/Object;ZZ)Ljava/lang/Object; @ 181 c2
Event: 0.502 Thread 0x0000025afc902800 DEOPT PACKING pc=0x0000025aecd183cc sp=0x000000d63bef7f30
Event: 0.502 Thread 0x0000025afc902800 DEOPT UNPACKING pc=0x0000025ae521822f sp=0x000000d63bef7ed0 mode 2

Classes redefined (0 events):
No events

Internal exceptions (20 events):
Event: 0.245 Thread 0x0000025adcba1000 Exception <a 'java/lang/NoSuchMethodError'{0x000000008b4e8c30}: 'java.lang.Object java.lang.invoke.DelegatingMethodHandle$Holder.reinvoke_L(java.lang.Object, int, int, java.lang.Object, java.lang.Object, java.lang.Object)'> (0x000000008b4e8c30) thrown at [./src/hotspot/share/interpreter/linkResolver.cpp, line 773]
Event: 0.246 Thread 0x0000025adcba1000 Exception <a 'java/lang/NoSuchMethodError'{0x000000008b4ecd10}: 'java.lang.Object java.lang.invoke.DirectMethodHandle$Holder.invokeStatic(java.lang.Object, java.lang.Object, java.lang.Object, java.lang.Object, int)'> (0x000000008b4ecd10) thrown at [./src/hotspot/share/interpreter/linkResolver.cpp, line 773]
Event: 0.258 Thread 0x0000025adcba1000 Exception <a 'java/io/FileNotFoundException'{0x000000008b34fc88}> (0x000000008b34fc88) thrown at [./src/hotspot/share/prims/jni.cpp, line 615]
Event: 0.279 Thread 0x0000025adcba1000 Exception <a 'sun/nio/fs/WindowsException'{0x000000008b36bd70}> (0x000000008b36bd70) thrown at [./src/hotspot/share/prims/jni.cpp, line 615]
Event: 0.320 Thread 0x0000025afc842000 Exception <a 'java/lang/NoSuchMethodError'{0x000000008b3fb450}: 'void java.lang.invoke.DirectMethodHandle$Holder.invokeSpecial(java.lang.Object, java.lang.Object)'> (0x000000008b3fb450) thrown at [./src/hotspot/share/interpreter/linkResolver.cpp, line 773]
Event: 0.323 Thread 0x0000025adcba1000 Exception <a 'java/lang/NoSuchMethodError'{0x000000008b3e1e10}: 'java.lang.Object java.lang.invoke.DirectMethodHandle$Holder.invokeStatic(java.lang.Object, java.lang.Object, java.lang.Object, java.lang.Object, java.lang.Object, java.lang.Object, java.lang.Object, java.lang.Object, int)'> (0x000000008b3e1e10) thrown at [./src/hotspot/share/interpreter/linkResolver.cpp, line 773]
Event: 0.325 Thread 0x0000025adcba1000 Exception <a 'java/lang/NoSuchMethodError'{0x000000008b2068b8}: 'java.lang.Object java.lang.invoke.DirectMethodHandle$Holder.invokeStatic(java.lang.Object, java.lang.Object, java.lang.Object, java.lang.Object, java.lang.Object, java.lang.Object, java.lang.Object, java.lang.Object, int, int)'> (0x000000008b2068b8) thrown at [./src/hotspot/share/interpreter/linkResolver.cpp, line 773]
Event: 0.385 Thread 0x0000025afc902800 Exception <a 'java/lang/NoSuchMethodError'{0x000000008b1a56e0}: 'java.lang.Object java.lang.invoke.DirectMethodHandle$Holder.invokeStatic(java.lang.Object, int, java.lang.Object, java.lang.Object, java.lang.Object, java.lang.Object)'> (0x000000008b1a56e0) thrown at [./src/hotspot/share/interpreter/linkResolver.cpp, line 773]
Event: 0.386 Thread 0x0000025afc902800 Exception <a 'java/lang/NoSuchMethodError'{0x000000008b1ac7a0}: 'java.lang.Object java.lang.invoke.DirectMethodHandle$Holder.invokeStatic(java.lang.Object, int, java.lang.Object, java.lang.Object, java.lang.Object)'> (0x000000008b1ac7a0) thrown at [./src/hotspot/share/interpreter/linkResolver.cpp, line 773]
Event: 0.386 Thread 0x0000025afc902800 Exception <a 'java/lang/NoSuchMethodError'{0x000000008b1b02e8}: 'java.lang.Object java.lang.invoke.DirectMethodHandle$Holder.invokeSpecial(java.lang.Object, java.lang.Object, int, java.lang.Object, java.lang.Object, java.lang.Object)'> (0x000000008b1b02e8) thrown at [./src/hotspot/share/interpreter/linkResolver.cpp, line 773]
Event: 0.389 Thread 0x0000025afc902800 Exception <a 'java/lang/NoSuchMethodError'{0x000000008b1c7bc8}: 'java.lang.Object java.lang.invoke.DirectMethodHandle$Holder.invokeStatic(java.lang.Object, int, java.lang.Object)'> (0x000000008b1c7bc8) thrown at [./src/hotspot/share/interpreter/linkResolver.cpp, line 773]
Event: 0.411 Thread 0x0000025afc902800 Exception <a 'java/lang/ClassNotFoundException'{0x000000008b0766b0}: com/sun/swing/internal/plaf/metal/resources/spi/metalProvider> (0x000000008b0766b0) thrown at [./src/hotspot/share/classfile/systemDictionary.cpp, line 231]
Event: 0.413 Thread 0x0000025afc902800 Exception <a 'java/lang/ClassNotFoundException'{0x000000008b07b6d0}: com/sun/swing/internal/plaf/basic/resources/spi/basicProvider> (0x000000008b07b6d0) thrown at [./src/hotspot/share/classfile/systemDictionary.cpp, line 231]
Event: 0.489 Thread 0x0000025afc902800 Exception <a 'java/lang/NoSuchMethodError'{0x000000008af639c8}: 'void java.lang.invoke.DirectMethodHandle$Holder.invokeStaticInit(java.lang.Object)'> (0x000000008af639c8) thrown at [./src/hotspot/share/interpreter/linkResolver.cpp, line 773]
Event: 0.497 Thread 0x0000025afc902800 Exception <a 'java/io/FileNotFoundException'{0x000000008af725b8}> (0x000000008af725b8) thrown at [./src/hotspot/share/prims/jni.cpp, line 615]
Event: 0.498 Thread 0x0000025afc902800 Exception <a 'java/lang/NullPointerException'{0x000000008af72ea8}> (0x000000008af72ea8) thrown at [./src/hotspot/share/interpreter/linkResolver.cpp, line 1358]
Event: 0.520 Thread 0x0000025afc902800 Exception <a 'java/lang/NoSuchMethodError'{0x000000008aee89d8}: 'java.lang.Object java.lang.invoke.DirectMethodHandle$Holder.invokeStatic(java.lang.Object, java.lang.Object, java.lang.Object, java.lang.Object, java.lang.Object, java.lang.Object, java.lang.Object, java.lang.Object, java.lang.Object, java.lang.Object, java.lang.Object, int)'> (0x000000008aee89d8) thrown at [./src/hotspot/share/interpreter/linkResolver.cpp, line 773]
Event: 0.521 Thread 0x0000025afc902800 Exception <a 'java/lang/NoSuchMethodError'{0x000000008ad07ca8}: 'java.lang.Object java.lang.invoke.DirectMethodHandle$Holder.invokeStatic(java.lang.Object, java.lang.Object, java.lang.Object, java.lang.Object, java.lang.Object, java.lang.Object, java.lang.Object, java.lang.Object, java.lang.Object, java.lang.Object, java.lang.Object, int, int)'> (0x000000008ad07ca8) thrown at [./src/hotspot/share/interpreter/linkResolver.cpp, line 773]
Event: 0.522 Thread 0x0000025afc902800 Exception <a 'java/lang/NoSuchMethodError'{0x000000008ad26ee8}: 'java.lang.Object java.lang.invoke.DirectMethodHandle$Holder.invokeStatic(java.lang.Object, java.lang.Object, java.lang.Object, java.lang.Object, java.lang.Object, java.lang.Object, java.lang.Object, java.lang.Object, java.lang.Object, java.lang.Object, java.lang.Object, int, int, java.lang.Object)'> (0x000000008ad26ee8) thrown at [./src/hotspot/share/interpreter/linkResolver.cpp, line 773]
Event: 0.523 Thread 0x0000025afc902800 Exception <a 'java/lang/NoSuchMethodError'{0x000000008ad33140}: 'java.lang.Object java.lang.invoke.Invokers$Holder.linkToTargetMethod(java.lang.Object, int, java.lang.Object)'> (0x000000008ad33140) thrown at [./src/hotspot/share/interpreter/linkResolver.cpp, line 773]

Events (20 events):
Event: 0.516 loading class sun/nio/cs/SingleByte$Encoder
Event: 0.516 loading class sun/nio/cs/SingleByte$Encoder done
Event: 0.516 loading class java/io/ByteArrayOutputStream
Event: 0.516 loading class java/io/ByteArrayOutputStream done
Event: 0.517 loading class sun/awt/windows/WingDings
Event: 0.517 loading class sun/awt/windows/WingDings done
Event: 0.517 loading class sun/awt/windows/WingDings$Encoder
Event: 0.517 loading class sun/awt/windows/WingDings$Encoder done
Event: 0.517 loading class sun/awt/Symbol
Event: 0.517 loading class sun/awt/Symbol done
Event: 0.517 loading class sun/awt/Symbol$Encoder
Event: 0.517 loading class sun/awt/Symbol$Encoder done
Event: 0.519 loading class java/lang/invoke/BoundMethodHandle$Species_LLLLLLLLI
Event: 0.519 loading class java/lang/invoke/BoundMethodHandle$Species_LLLLLLLLI done
Event: 0.520 loading class java/lang/invoke/BoundMethodHandle$Species_LLLLLLLLII
Event: 0.520 loading class java/lang/invoke/BoundMethodHandle$Species_LLLLLLLLII done
Event: 0.522 loading class java/lang/invoke/BoundMethodHandle$Species_LLLLLLLLIIL
Event: 0.522 loading class java/lang/invoke/BoundMethodHandle$Species_LLLLLLLLIIL done
Event: 0.523 Executing VM operation: RevokeBias
Event: 0.523 Executing VM operation: RevokeBias done


Dynamic libraries:
0x00007ff7610f0000 - 0x00007ff7610fd000 	C:\pleiades\java\11\bin\javaw.exe
0x00007ffc2f430000 - 0x00007ffc2f628000 	C:\WINDOWS\SYSTEM32\ntdll.dll
0x00007ffc2e8e0000 - 0x00007ffc2e99d000 	C:\WINDOWS\System32\KERNEL32.DLL
0x00007ffc2cc10000 - 0x00007ffc2cf06000 	C:\WINDOWS\System32\KERNELBASE.dll
0x00007ffc2d060000 - 0x00007ffc2d160000 	C:\WINDOWS\System32\ucrtbase.dll
0x00007ffc22330000 - 0x00007ffc22347000 	C:\pleiades\java\11\bin\jli.dll
0x00007ffc152a0000 - 0x00007ffc152b5000 	C:\pleiades\java\11\bin\VCRUNTIME140.dll
0x00007ffc2e740000 - 0x00007ffc2e8df000 	C:\WINDOWS\System32\USER32.dll
0x00007ffc13630000 - 0x00007ffc138ca000 	C:\WINDOWS\WinSxS\amd64_microsoft.windows.common-controls_6595b64144ccf1df_6.0.19041.3636_none_60b6a03d71f818d5\COMCTL32.dll
0x00007ffc2d2d0000 - 0x00007ffc2d2f2000 	C:\WINDOWS\System32\win32u.dll
0x00007ffc2d7c0000 - 0x00007ffc2d85e000 	C:\WINDOWS\System32\msvcrt.dll
0x00007ffc2e9a0000 - 0x00007ffc2e9cb000 	C:\WINDOWS\System32\GDI32.dll
0x00007ffc2d1b0000 - 0x00007ffc2d2c7000 	C:\WINDOWS\System32\gdi32full.dll
0x00007ffc2cae0000 - 0x00007ffc2cb7d000 	C:\WINDOWS\System32\msvcp_win.dll
0x00007ffc2e170000 - 0x00007ffc2e1a2000 	C:\WINDOWS\System32\IMM32.DLL
0x00007ffbffa40000 - 0x00007ffbffadb000 	C:\pleiades\java\11\bin\msvcp140.dll
0x00007ffb98830000 - 0x00007ffb992ec000 	C:\pleiades\java\11\bin\server\jvm.dll
0x00007ffc2d940000 - 0x00007ffc2d9f0000 	C:\WINDOWS\System32\ADVAPI32.dll
0x00007ffc2f350000 - 0x00007ffc2f3f0000 	C:\WINDOWS\System32\sechost.dll
0x00007ffc2e560000 - 0x00007ffc2e683000 	C:\WINDOWS\System32\RPCRT4.dll
0x00007ffc2d030000 - 0x00007ffc2d057000 	C:\WINDOWS\System32\bcrypt.dll
0x00007ffc2e160000 - 0x00007ffc2e168000 	C:\WINDOWS\System32\PSAPI.DLL
0x00007ffc06f10000 - 0x00007ffc06f19000 	C:\WINDOWS\SYSTEM32\WSOCK32.dll
0x00007ffc11c80000 - 0x00007ffc11ca7000 	C:\WINDOWS\SYSTEM32\WINMM.dll
0x00007ffc2e240000 - 0x00007ffc2e2ab000 	C:\WINDOWS\System32\WS2_32.dll
0x00007ffc25ee0000 - 0x00007ffc25eea000 	C:\WINDOWS\SYSTEM32\VERSION.dll
0x00007ffc2b2c0000 - 0x00007ffc2b2d2000 	C:\WINDOWS\SYSTEM32\kernel.appcore.dll
0x00007ffc259e0000 - 0x00007ffc259f0000 	C:\pleiades\java\11\bin\verify.dll
0x00007ffc2a810000 - 0x00007ffc2a9f4000 	C:\WINDOWS\SYSTEM32\DBGHELP.DLL
0x00007ffc0d270000 - 0x00007ffc0d2a4000 	C:\WINDOWS\SYSTEM32\dbgcore.DLL
0x00007ffc2cb80000 - 0x00007ffc2cc02000 	C:\WINDOWS\System32\bcryptPrimitives.dll
0x00007ffc00f60000 - 0x00007ffc00f88000 	C:\pleiades\java\11\bin\java.dll
0x00007ffc15280000 - 0x00007ffc15296000 	C:\pleiades\java\11\bin\zip.dll
0x00007ffc17c10000 - 0x00007ffc17c1a000 	C:\pleiades\java\11\bin\jimage.dll
0x00007ffc2d9f0000 - 0x00007ffc2e15b000 	C:\WINDOWS\System32\SHELL32.dll
0x00007ffc2ab10000 - 0x00007ffc2b2ae000 	C:\WINDOWS\SYSTEM32\windows.storage.dll
0x00007ffc2d460000 - 0x00007ffc2d7b3000 	C:\WINDOWS\System32\combase.dll
0x00007ffc2c4a0000 - 0x00007ffc2c4ce000 	C:\WINDOWS\SYSTEM32\Wldp.dll
0x00007ffc2efa0000 - 0x00007ffc2f06d000 	C:\WINDOWS\System32\OLEAUT32.dll
0x00007ffc2f240000 - 0x00007ffc2f2ed000 	C:\WINDOWS\System32\SHCORE.dll
0x00007ffc2e2b0000 - 0x00007ffc2e305000 	C:\WINDOWS\System32\shlwapi.dll
0x00007ffc2ca10000 - 0x00007ffc2ca33000 	C:\WINDOWS\SYSTEM32\profapi.dll
0x00007ffc0ef30000 - 0x00007ffc0ef49000 	C:\pleiades\java\11\bin\net.dll
0x00007ffc21b10000 - 0x00007ffc21c1a000 	C:\WINDOWS\SYSTEM32\WINHTTP.dll
0x00007ffc2c1c0000 - 0x00007ffc2c22a000 	C:\WINDOWS\system32\mswsock.dll
0x00007ffc05e00000 - 0x00007ffc05e12000 	C:\pleiades\java\11\bin\nio.dll
0x00007ffbd6920000 - 0x00007ffbd6ab9000 	C:\pleiades\java\11\bin\awt.dll
0x00007ffc29ed0000 - 0x00007ffc29f60000 	C:\WINDOWS\SYSTEM32\apphelp.dll
0x00007ffc2a080000 - 0x00007ffc2a11e000 	C:\WINDOWS\system32\uxtheme.dll
0x00007ffc2e440000 - 0x00007ffc2e555000 	C:\WINDOWS\System32\MSCTF.dll
0x00007ffc2e310000 - 0x00007ffc2e43b000 	C:\WINDOWS\System32\ole32.dll
0x00007ffc2a280000 - 0x00007ffc2a2af000 	C:\WINDOWS\system32\DWMAPI.DLL
0x00007ffc04f60000 - 0x00007ffc05085000 	C:\WINDOWS\system32\opengl32.dll
0x00007ffc05890000 - 0x00007ffc058bc000 	C:\WINDOWS\SYSTEM32\GLU32.dll
0x00007ffc00140000 - 0x00007ffc001c2000 	C:\pleiades\java\11\bin\freetype.dll
0x00007ffbff990000 - 0x00007ffbffa36000 	C:\pleiades\java\11\bin\fontmanager.dll

dbghelp: loaded successfully - version: 4.0.5 - missing functions: none
symbol engine: initialized successfully - sym options: 0x614 - pdb path: .;C:\pleiades\java\11\bin;C:\WINDOWS\SYSTEM32;C:\WINDOWS\WinSxS\amd64_microsoft.windows.common-controls_6595b64144ccf1df_6.0.19041.3636_none_60b6a03d71f818d5;C:\pleiades\java\11\bin\server

VM Arguments:
jvm_args: -Dfile.encoding=UTF-8 --module-path=C:\pleiades\workspace\DQcsv\bin -Djdk.module.main=dq_csv 
java_command: dq_csv/iwamih31.DQcsv.Main
java_class_path (initial): <not set>
Launcher Type: SUN_STANDARD

[Global flags]
     intx CICompilerCount                          = 4                                         {product} {ergonomic}
     uint ConcGCThreads                            = 2                                         {product} {ergonomic}
     uint G1ConcRefinementThreads                  = 8                                         {product} {ergonomic}
   size_t G1HeapRegionSize                         = 1048576                                   {product} {ergonomic}
    uintx GCDrainStackTargetSize                   = 64                                        {product} {ergonomic}
   size_t InitialHeapSize                          = 132120576                                 {product} {ergonomic}
   size_t MarkStackSize                            = 4194304                                   {product} {ergonomic}
   size_t MaxHeapSize                              = 2086666240                                {product} {ergonomic}
   size_t MaxNewSize                               = 1251999744                                {product} {ergonomic}
   size_t MinHeapDeltaBytes                        = 1048576                                   {product} {ergonomic}
    uintx NonNMethodCodeHeapSize                   = 5836300                                {pd product} {ergonomic}
    uintx NonProfiledCodeHeapSize                  = 122910970                              {pd product} {ergonomic}
    uintx ProfiledCodeHeapSize                     = 122910970                              {pd product} {ergonomic}
    uintx ReservedCodeCacheSize                    = 251658240                              {pd product} {ergonomic}
     bool SegmentedCodeCache                       = true                                      {product} {ergonomic}
     bool UseCompressedClassPointers               = true                                 {lp64_product} {ergonomic}
     bool UseCompressedOops                        = true                                 {lp64_product} {ergonomic}
     bool UseG1GC                                  = true                                      {product} {ergonomic}
     bool UseLargePagesIndividualAllocation        = false                                  {pd product} {ergonomic}

Logging:
Log output configuration:
 #0: stdout all=warning uptime,level,tags
 #1: stderr all=off uptime,level,tags

Environment Variables:
JAVA_HOME=C:\Program Files\Java\jdk-11.0.8
PATH=C:/pleiades/eclipse//jre/bin/server;C:/pleiades/eclipse//jre/bin;C:\Program Files\Eclipse Adoptium\jdk-17.0.7.7-hotspot\bin;C:\Program Files\Eclipse Adoptium\jre-11.0.14.101-hotspot\bin;C:\Program Files\Eclipse Adoptium\jdk-11.0.14.101-hotspot\bin;C:\Program Files\Common Files\Oracle\Java\javapath;C:\WINDOWS\system32;C:\WINDOWS;C:\WINDOWS\System32\Wbem;C:\WINDOWS\System32\WindowsPowerShell\v1.0\;C:\WINDOWS\System32\OpenSSH\;C:\Program Files (x86)\Common Files\Adobe\AGL;C:\Program Files\nodejs\;C:\ProgramData\ComposerSetup\bin;C:\xampp\mysql\bin;C:\maven\apache-maven-3.8.5\bin;C:\Program Files\dotnet\;C:\Program Files\TortoiseGit\bin;C:\Program Files\PostgreSQL\15\bin;C:\Program Files\Git\cmd;C:\Program Files\Docker\Docker\resources\bin;C:\Program Files\PowerShell\7\;C:\Users\iwami\AppData\Local\Programs\Python\Python312\Scripts\;C:\Users\iwami\AppData\Local\Programs\Python\Python312\;C:\Users\iwami\AppData\Local\Programs\Python\Launcher\;C:\Users\iwami\AppData\Local\Microsoft\WindowsApps;C:\Program Files\Java\jdk-11.0.8\bin;C:\Program Files\Java\db-derby-10.8.2.2-bin\bin;C:\Users\iwami\AppData\Local\Programs\Microsoft VS Code\bin;C:\Users\iwami\AppData\Local\atom\bin;C:\xampp\php;C:\Users\iwami\AppData\Local\ComposerSetup\bin;C:\Users\iwami\AppData\Roaming\Composer\vendor\bin;C:\Users\iwami\AppData\Roaming\npm;C:\Users\iwami\.dotnet\tools;C:\pleiades\eclipse;
USERNAME=iwami
OS=Windows_NT
PROCESSOR_IDENTIFIER=Intel64 Family 6 Model 126 Stepping 5, GenuineIntel



---------------  S Y S T E M  ---------------

OS: Windows 10 , 64 bit Build 19041 (10.0.19041.3636)
OS uptime: 3 days 2:50 hours
HyperV virtualization detected

CPU:total 8 (initial active 8) (4 cores per cpu, 2 threads per core) family 6 model 126 stepping 5, cmov, cx8, fxsr, mmx, sse, sse2, sse3, ssse3, sse4.1, sse4.2, popcnt, avx, avx2, aes, clmul, erms, 3dnowpref, lzcnt, ht, tsc, tscinvbit, bmi1, bmi2, adx, evex, sha, fma

Memory: 4k page, system-wide physical 7959M (1019M free)
TotalPageFile size 13520M (AvailPageFile size 1412M)
current process WorkingSet (physical memory assigned to process): 69M, peak: 69M
current process commit charge ("private bytes"): 226M, peak: 228M

vm_info: OpenJDK 64-Bit Server VM (11.0.7+10) for windows-amd64 JRE (11.0.7+10), built on Apr 22 2020 11:46:09 by "" with MS VC++ 15.9 (VS2017)

END.
